{"name":"bunyan-log","hostname":"Huy-PC","pid":13688,"level":30,"msg":"connected to Postgres","time":"2019-12-04T20:25:53.504Z","v":0}
{"name":"bunyan-log","hostname":"Huy-PC","pid":13688,"level":30,"msg":"executed query { q:\n   'SELECT shoes_id, shoesname, size_data, true_to_size_calculation FROM stockx.shoes WHERE shoesname = ($1)',\n  duration: '67ms' }","time":"2019-12-04T20:25:53.519Z","v":0}
{"name":"bunyan-log","hostname":"Huy-PC","pid":13688,"level":30,"msg":"executed query { q:\n   'INSERT INTO stockx.shoes(shoesname, size_data, true_to_size_calculation) VALUES($1, $2, $3) RETURNING *',\n  duration: '13ms' }","time":"2019-12-04T20:25:53.532Z","v":0}
{"name":"bunyan-log","hostname":"Huy-PC","pid":13688,"level":30,"msg":"Now accepting connection on port 4000","time":"2019-12-04T20:25:53.543Z","v":0}
{"name":"bunyan-log","hostname":"Huy-PC","pid":13688,"level":30,"msg":"executed query { q:\n   'SELECT shoes_id, shoesname, size_data, true_to_size_calculation FROM stockx.shoes WHERE shoesname = ($1)',\n  duration: '9ms' }","time":"2019-12-04T20:25:53.573Z","v":0}
{"name":"bunyan-log","hostname":"Huy-PC","pid":13688,"level":30,"msg":"executed query { q:\n   'SELECT shoes_id, shoesname, size_data, true_to_size_calculation FROM stockx.shoes WHERE shoesname = ($1)',\n  duration: '3ms' }","time":"2019-12-04T20:25:53.613Z","v":0}
{"name":"bunyan-log","hostname":"Huy-PC","pid":13688,"level":30,"msg":"executed query { q: 'SELECT * FROM stockx.users WHERE username = ($1)',\n  duration: '5ms' }","time":"2019-12-04T20:25:53.689Z","v":0}
{"name":"bunyan-log","hostname":"Huy-PC","pid":13688,"level":30,"msg":"USER: [ { user_id: 1,\n    username: 'admin',\n    password:\n     '$2a$10$d.kYimAEe/mdDZXhjyFJxe3UCC7GobtqHBngG5BRi5QU4COOgXkpC' } ]","time":"2019-12-04T20:25:53.690Z","v":0}
{"name":"bunyan-log","hostname":"Huy-PC","pid":13688,"level":30,"msg":"executed query { q:\n   'SELECT shoes_id, shoesname, size_data, true_to_size_calculation FROM stockx.shoes WHERE shoesname = ($1)',\n  duration: '5ms' }","time":"2019-12-04T20:25:53.839Z","v":0}
{"name":"bunyan-log","hostname":"Huy-PC","pid":13688,"level":30,"msg":"executed query { q:\n   'INSERT INTO stockx.shoes(shoesname, size_data, true_to_size_calculation) VALUES($1, $2, $3) RETURNING *',\n  duration: '5ms' }","time":"2019-12-04T20:25:53.845Z","v":0}
{"name":"bunyan-log","hostname":"Huy-PC","pid":13688,"level":30,"msg":"executed query { q: 'SELECT * FROM stockx.users WHERE username = ($1)',\n  duration: '3ms' }","time":"2019-12-04T20:25:53.879Z","v":0}
{"name":"bunyan-log","hostname":"Huy-PC","pid":13688,"level":30,"msg":"USER: []","time":"2019-12-04T20:25:53.879Z","v":0}
{"name":"bunyan-log","hostname":"Huy-PC","pid":13688,"level":30,"msg":"executed query { q:\n   'SELECT shoes_id, shoesname, size_data, true_to_size_calculation FROM stockx.shoes WHERE shoesname = ($1)',\n  duration: '4ms' }","time":"2019-12-04T20:25:53.894Z","v":0}
{"name":"bunyan-log","hostname":"Huy-PC","pid":13688,"level":30,"msg":"executed query { q: 'DELETE FROM stockx.shoes WHERE shoesname = ($1)',\n  duration: '3ms' }","time":"2019-12-04T20:25:53.898Z","v":0}
{"name":"bunyan-log","hostname":"Huy-PC","pid":13688,"level":30,"msg":"executed query { q: 'SELECT * FROM stockx.users WHERE username = ($1)',\n  duration: '6ms' }","time":"2019-12-04T20:25:53.915Z","v":0}
{"name":"bunyan-log","hostname":"Huy-PC","pid":13688,"level":30,"msg":"USER: [ { user_id: 1,\n    username: 'admin',\n    password:\n     '$2a$10$d.kYimAEe/mdDZXhjyFJxe3UCC7GobtqHBngG5BRi5QU4COOgXkpC' } ]","time":"2019-12-04T20:25:53.916Z","v":0}
{"name":"bunyan-log","hostname":"Huy-PC","pid":13688,"level":30,"msg":"executed query { q:\n   'SELECT shoes_id, shoesname, size_data, true_to_size_calculation FROM stockx.shoes WHERE shoesname = ($1)',\n  duration: '11ms' }","time":"2019-12-04T20:25:54.097Z","v":0}
{"name":"bunyan-log","hostname":"Huy-PC","pid":13688,"level":50,"msg":"ERROR: This shoes entry already exists","time":"2019-12-04T20:25:54.097Z","v":0}
{"name":"bunyan-log","hostname":"Huy-PC","pid":13688,"level":30,"msg":"executed query { q:\n   'SELECT shoes_id, shoesname, size_data, true_to_size_calculation FROM stockx.shoes WHERE shoesname = ($1)',\n  duration: '14ms' }","time":"2019-12-04T20:25:54.119Z","v":0}
{"name":"bunyan-log","hostname":"Huy-PC","pid":13688,"level":50,"msg":"ERROR: This shoes entry doesn't exist","time":"2019-12-04T20:25:54.119Z","v":0}
{"name":"bunyan-log","hostname":"Huy-PC","pid":13688,"level":30,"msg":"executed query { q:\n   'SELECT shoes_id, shoesname, size_data, true_to_size_calculation FROM stockx.shoes WHERE shoesname = ($1)',\n  duration: '6ms' }","time":"2019-12-04T20:25:54.126Z","v":0}
{"name":"bunyan-log","hostname":"Huy-PC","pid":13688,"level":30,"msg":"executed query { q: 'DELETE FROM stockx.shoes WHERE shoesname = ($1)',\n  duration: '5ms' }","time":"2019-12-04T20:25:54.133Z","v":0}
{"name":"bunyan-log","hostname":"Huy-PC","pid":13688,"level":30,"msg":"connected to Postgres","time":"2019-12-04T20:25:56.760Z","v":0}
{"name":"bunyan-log","hostname":"Huy-PC","pid":13688,"level":30,"msg":"executed query { q:\n   'SELECT shoes_id, shoesname, size_data, true_to_size_calculation FROM stockx.shoes WHERE shoesname = ($1)',\n  duration: '76ms' }","time":"2019-12-04T20:25:56.765Z","v":0}
{"name":"bunyan-log","hostname":"Huy-PC","pid":13688,"level":30,"msg":"executed query { q:\n   'INSERT INTO stockx.shoes(shoesname, size_data, true_to_size_calculation) VALUES($1, $2, $3) RETURNING *',\n  duration: '3ms' }","time":"2019-12-04T20:25:56.769Z","v":0}
{"name":"bunyan-log","hostname":"Huy-PC","pid":13688,"level":30,"msg":"Now accepting connection on port 4000","time":"2019-12-04T20:25:56.773Z","v":0}
{"name":"bunyan-log","hostname":"Huy-PC","pid":13688,"level":30,"msg":"executed query { q:\n   'SELECT shoes_id, shoesname, size_data, true_to_size_calculation FROM stockx.shoes WHERE shoesname = ($1)',\n  duration: '5ms' }","time":"2019-12-04T20:25:56.783Z","v":0}
{"name":"bunyan-log","hostname":"Huy-PC","pid":13688,"level":30,"msg":"executed query { q:\n   'SELECT shoes_id, shoesname, size_data, true_to_size_calculation FROM stockx.shoes WHERE shoesname = ($1)',\n  duration: '6ms' }","time":"2019-12-04T20:25:56.811Z","v":0}
{"name":"bunyan-log","hostname":"Huy-PC","pid":13688,"level":30,"msg":"executed query { q: 'SELECT * FROM stockx.users WHERE username = ($1)',\n  duration: '4ms' }","time":"2019-12-04T20:25:56.844Z","v":0}
{"name":"bunyan-log","hostname":"Huy-PC","pid":13688,"level":30,"msg":"USER: [ { user_id: 1,\n    username: 'admin',\n    password:\n     '$2a$10$d.kYimAEe/mdDZXhjyFJxe3UCC7GobtqHBngG5BRi5QU4COOgXkpC' } ]","time":"2019-12-04T20:25:56.844Z","v":0}
{"name":"bunyan-log","hostname":"Huy-PC","pid":13688,"level":30,"msg":"executed query { q:\n   'SELECT shoes_id, shoesname, size_data, true_to_size_calculation FROM stockx.shoes WHERE shoesname = ($1)',\n  duration: '4ms' }","time":"2019-12-04T20:25:56.972Z","v":0}
{"name":"bunyan-log","hostname":"Huy-PC","pid":13688,"level":30,"msg":"executed query { q:\n   'INSERT INTO stockx.shoes(shoesname, size_data, true_to_size_calculation) VALUES($1, $2, $3) RETURNING *',\n  duration: '3ms' }","time":"2019-12-04T20:25:56.975Z","v":0}
{"name":"bunyan-log","hostname":"Huy-PC","pid":13688,"level":30,"msg":"executed query { q: 'SELECT * FROM stockx.users WHERE username = ($1)',\n  duration: '3ms' }","time":"2019-12-04T20:25:57.005Z","v":0}
{"name":"bunyan-log","hostname":"Huy-PC","pid":13688,"level":30,"msg":"USER: []","time":"2019-12-04T20:25:57.006Z","v":0}
{"name":"bunyan-log","hostname":"Huy-PC","pid":13688,"level":30,"msg":"executed query { q:\n   'SELECT shoes_id, shoesname, size_data, true_to_size_calculation FROM stockx.shoes WHERE shoesname = ($1)',\n  duration: '5ms' }","time":"2019-12-04T20:25:57.018Z","v":0}
{"name":"bunyan-log","hostname":"Huy-PC","pid":13688,"level":30,"msg":"executed query { q: 'DELETE FROM stockx.shoes WHERE shoesname = ($1)',\n  duration: '3ms' }","time":"2019-12-04T20:25:57.021Z","v":0}
{"name":"bunyan-log","hostname":"Huy-PC","pid":13688,"level":30,"msg":"executed query { q: 'SELECT * FROM stockx.users WHERE username = ($1)',\n  duration: '4ms' }","time":"2019-12-04T20:25:57.032Z","v":0}
{"name":"bunyan-log","hostname":"Huy-PC","pid":13688,"level":30,"msg":"USER: [ { user_id: 1,\n    username: 'admin',\n    password:\n     '$2a$10$d.kYimAEe/mdDZXhjyFJxe3UCC7GobtqHBngG5BRi5QU4COOgXkpC' } ]","time":"2019-12-04T20:25:57.032Z","v":0}
{"name":"bunyan-log","hostname":"Huy-PC","pid":13688,"level":30,"msg":"executed query { q:\n   'SELECT shoes_id, shoesname, size_data, true_to_size_calculation FROM stockx.shoes WHERE shoesname = ($1)',\n  duration: '5ms' }","time":"2019-12-04T20:25:57.145Z","v":0}
{"name":"bunyan-log","hostname":"Huy-PC","pid":13688,"level":50,"msg":"ERROR: This shoes entry already exists","time":"2019-12-04T20:25:57.145Z","v":0}
{"name":"bunyan-log","hostname":"Huy-PC","pid":13688,"level":30,"msg":"executed query { q:\n   'SELECT shoes_id, shoesname, size_data, true_to_size_calculation FROM stockx.shoes WHERE shoesname = ($1)',\n  duration: '3ms' }","time":"2019-12-04T20:25:57.154Z","v":0}
{"name":"bunyan-log","hostname":"Huy-PC","pid":13688,"level":50,"msg":"ERROR: This shoes entry doesn't exist","time":"2019-12-04T20:25:57.154Z","v":0}
{"name":"bunyan-log","hostname":"Huy-PC","pid":13688,"level":30,"msg":"executed query { q:\n   'SELECT shoes_id, shoesname, size_data, true_to_size_calculation FROM stockx.shoes WHERE shoesname = ($1)',\n  duration: '3ms' }","time":"2019-12-04T20:25:57.158Z","v":0}
{"name":"bunyan-log","hostname":"Huy-PC","pid":13688,"level":30,"msg":"executed query { q: 'DELETE FROM stockx.shoes WHERE shoesname = ($1)',\n  duration: '3ms' }","time":"2019-12-04T20:25:57.162Z","v":0}
{"name":"bunyan-log","hostname":"Huy-PC","pid":1212,"level":30,"msg":"Now accepting connection on port 4000","time":"2019-12-04T20:29:05.962Z","v":0}
{"name":"bunyan-log","hostname":"Huy-PC","pid":1212,"level":30,"msg":"connected to Postgres","time":"2019-12-04T20:29:05.998Z","v":0}
{"name":"bunyan-log","hostname":"Huy-PC","pid":13688,"level":30,"msg":"connected to Postgres","time":"2019-12-04T20:29:07.724Z","v":0}
{"name":"bunyan-log","hostname":"Huy-PC","pid":13688,"level":30,"msg":"executed query { q:\n   'SELECT shoes_id, shoesname, size_data, true_to_size_calculation FROM stockx.shoes WHERE shoesname = ($1)',\n  duration: '59ms' }","time":"2019-12-04T20:29:07.736Z","v":0}
{"name":"bunyan-log","hostname":"Huy-PC","pid":13688,"level":30,"msg":"executed query { q:\n   'INSERT INTO stockx.shoes(shoesname, size_data, true_to_size_calculation) VALUES($1, $2, $3) RETURNING *',\n  duration: '10ms' }","time":"2019-12-04T20:29:07.746Z","v":0}
{"name":"bunyan-log","hostname":"Huy-PC","pid":13688,"level":30,"msg":"Now accepting connection on port 4000","time":"2019-12-04T20:29:07.753Z","v":0}
{"name":"bunyan-log","hostname":"Huy-PC","pid":13688,"level":30,"msg":"executed query { q:\n   'SELECT shoes_id, shoesname, size_data, true_to_size_calculation FROM stockx.shoes WHERE shoesname = ($1)',\n  duration: '5ms' }","time":"2019-12-04T20:29:07.765Z","v":0}
{"name":"bunyan-log","hostname":"Huy-PC","pid":13688,"level":30,"msg":"executed query { q:\n   'SELECT shoes_id, shoesname, size_data, true_to_size_calculation FROM stockx.shoes WHERE shoesname = ($1)',\n  duration: '4ms' }","time":"2019-12-04T20:29:07.797Z","v":0}
{"name":"bunyan-log","hostname":"Huy-PC","pid":13688,"level":30,"msg":"executed query { q: 'SELECT * FROM stockx.users WHERE username = ($1)',\n  duration: '5ms' }","time":"2019-12-04T20:29:07.833Z","v":0}
{"name":"bunyan-log","hostname":"Huy-PC","pid":13688,"level":30,"msg":"USER: [ { user_id: 1,\n    username: 'admin',\n    password:\n     '$2a$10$d.kYimAEe/mdDZXhjyFJxe3UCC7GobtqHBngG5BRi5QU4COOgXkpC' } ]","time":"2019-12-04T20:29:07.834Z","v":0}
{"name":"bunyan-log","hostname":"Huy-PC","pid":13688,"level":30,"msg":"executed query { q:\n   'SELECT shoes_id, shoesname, size_data, true_to_size_calculation FROM stockx.shoes WHERE shoesname = ($1)',\n  duration: '6ms' }","time":"2019-12-04T20:29:07.961Z","v":0}
{"name":"bunyan-log","hostname":"Huy-PC","pid":13688,"level":30,"msg":"executed query { q:\n   'INSERT INTO stockx.shoes(shoesname, size_data, true_to_size_calculation) VALUES($1, $2, $3) RETURNING *',\n  duration: '3ms' }","time":"2019-12-04T20:29:07.965Z","v":0}
{"name":"bunyan-log","hostname":"Huy-PC","pid":13688,"level":30,"msg":"executed query { q: 'SELECT * FROM stockx.users WHERE username = ($1)',\n  duration: '3ms' }","time":"2019-12-04T20:29:07.996Z","v":0}
{"name":"bunyan-log","hostname":"Huy-PC","pid":13688,"level":30,"msg":"USER: []","time":"2019-12-04T20:29:07.997Z","v":0}
{"name":"bunyan-log","hostname":"Huy-PC","pid":13688,"level":30,"msg":"executed query { q:\n   'SELECT shoes_id, shoesname, size_data, true_to_size_calculation FROM stockx.shoes WHERE shoesname = ($1)',\n  duration: '3ms' }","time":"2019-12-04T20:29:08.007Z","v":0}
{"name":"bunyan-log","hostname":"Huy-PC","pid":13688,"level":30,"msg":"executed query { q: 'DELETE FROM stockx.shoes WHERE shoesname = ($1)',\n  duration: '4ms' }","time":"2019-12-04T20:29:08.011Z","v":0}
{"name":"bunyan-log","hostname":"Huy-PC","pid":13688,"level":30,"msg":"executed query { q: 'SELECT * FROM stockx.users WHERE username = ($1)',\n  duration: '3ms' }","time":"2019-12-04T20:29:08.019Z","v":0}
{"name":"bunyan-log","hostname":"Huy-PC","pid":13688,"level":30,"msg":"USER: [ { user_id: 1,\n    username: 'admin',\n    password:\n     '$2a$10$d.kYimAEe/mdDZXhjyFJxe3UCC7GobtqHBngG5BRi5QU4COOgXkpC' } ]","time":"2019-12-04T20:29:08.020Z","v":0}
{"name":"bunyan-log","hostname":"Huy-PC","pid":13688,"level":30,"msg":"executed query { q:\n   'SELECT shoes_id, shoesname, size_data, true_to_size_calculation FROM stockx.shoes WHERE shoesname = ($1)',\n  duration: '3ms' }","time":"2019-12-04T20:29:08.125Z","v":0}
{"name":"bunyan-log","hostname":"Huy-PC","pid":13688,"level":50,"msg":"ERROR: This shoes entry already exists","time":"2019-12-04T20:29:08.126Z","v":0}
{"name":"bunyan-log","hostname":"Huy-PC","pid":13688,"level":30,"msg":"executed query { q:\n   'SELECT shoes_id, shoesname, size_data, true_to_size_calculation FROM stockx.shoes WHERE shoesname = ($1)',\n  duration: '6ms' }","time":"2019-12-04T20:29:08.137Z","v":0}
{"name":"bunyan-log","hostname":"Huy-PC","pid":13688,"level":50,"msg":"ERROR: This shoes entry doesn't exist","time":"2019-12-04T20:29:08.137Z","v":0}
{"name":"bunyan-log","hostname":"Huy-PC","pid":13688,"level":30,"msg":"executed query { q:\n   'SELECT shoes_id, shoesname, size_data, true_to_size_calculation FROM stockx.shoes WHERE shoesname = ($1)',\n  duration: '2ms' }","time":"2019-12-04T20:29:08.140Z","v":0}
{"name":"bunyan-log","hostname":"Huy-PC","pid":13688,"level":30,"msg":"executed query { q: 'DELETE FROM stockx.shoes WHERE shoesname = ($1)',\n  duration: '3ms' }","time":"2019-12-04T20:29:08.143Z","v":0}
{"name":"bunyan-log","hostname":"Huy-PC","pid":14868,"level":30,"msg":"Now accepting connection on port 4000","time":"2019-12-04T20:29:28.260Z","v":0}
{"name":"bunyan-log","hostname":"Huy-PC","pid":14868,"level":30,"msg":"connected to Postgres","time":"2019-12-04T20:29:28.295Z","v":0}
{"name":"bunyan-log","hostname":"Huy-PC","pid":13688,"level":30,"msg":"connected to Postgres","time":"2019-12-04T20:29:30.296Z","v":0}
{"name":"bunyan-log","hostname":"Huy-PC","pid":13688,"level":30,"msg":"executed query { q:\n   'SELECT shoes_id, shoesname, size_data, true_to_size_calculation FROM stockx.shoes WHERE shoesname = ($1)',\n  duration: '40ms' }","time":"2019-12-04T20:29:30.301Z","v":0}
{"name":"bunyan-log","hostname":"Huy-PC","pid":13688,"level":30,"msg":"executed query { q:\n   'INSERT INTO stockx.shoes(shoesname, size_data, true_to_size_calculation) VALUES($1, $2, $3) RETURNING *',\n  duration: '3ms' }","time":"2019-12-04T20:29:30.304Z","v":0}
{"name":"bunyan-log","hostname":"Huy-PC","pid":13688,"level":30,"msg":"Now accepting connection on port 4000","time":"2019-12-04T20:29:30.308Z","v":0}
{"name":"bunyan-log","hostname":"Huy-PC","pid":13688,"level":30,"msg":"executed query { q:\n   'SELECT shoes_id, shoesname, size_data, true_to_size_calculation FROM stockx.shoes WHERE shoesname = ($1)',\n  duration: '3ms' }","time":"2019-12-04T20:29:30.315Z","v":0}
{"name":"bunyan-log","hostname":"Huy-PC","pid":13688,"level":30,"msg":"executed query { q:\n   'SELECT shoes_id, shoesname, size_data, true_to_size_calculation FROM stockx.shoes WHERE shoesname = ($1)',\n  duration: '4ms' }","time":"2019-12-04T20:29:30.332Z","v":0}
{"name":"bunyan-log","hostname":"Huy-PC","pid":13688,"level":30,"msg":"executed query { q: 'SELECT * FROM stockx.users WHERE username = ($1)',\n  duration: '3ms' }","time":"2019-12-04T20:29:30.360Z","v":0}
{"name":"bunyan-log","hostname":"Huy-PC","pid":13688,"level":30,"msg":"USER: [ { user_id: 1,\n    username: 'admin',\n    password:\n     '$2a$10$d.kYimAEe/mdDZXhjyFJxe3UCC7GobtqHBngG5BRi5QU4COOgXkpC' } ]","time":"2019-12-04T20:29:30.360Z","v":0}
{"name":"bunyan-log","hostname":"Huy-PC","pid":13688,"level":30,"msg":"executed query { q:\n   'SELECT shoes_id, shoesname, size_data, true_to_size_calculation FROM stockx.shoes WHERE shoesname = ($1)',\n  duration: '4ms' }","time":"2019-12-04T20:29:30.486Z","v":0}
{"name":"bunyan-log","hostname":"Huy-PC","pid":13688,"level":30,"msg":"executed query { q:\n   'INSERT INTO stockx.shoes(shoesname, size_data, true_to_size_calculation) VALUES($1, $2, $3) RETURNING *',\n  duration: '3ms' }","time":"2019-12-04T20:29:30.489Z","v":0}
{"name":"bunyan-log","hostname":"Huy-PC","pid":13688,"level":30,"msg":"executed query { q: 'SELECT * FROM stockx.users WHERE username = ($1)',\n  duration: '4ms' }","time":"2019-12-04T20:29:30.515Z","v":0}
{"name":"bunyan-log","hostname":"Huy-PC","pid":13688,"level":30,"msg":"USER: []","time":"2019-12-04T20:29:30.516Z","v":0}
{"name":"bunyan-log","hostname":"Huy-PC","pid":13688,"level":30,"msg":"executed query { q:\n   'SELECT shoes_id, shoesname, size_data, true_to_size_calculation FROM stockx.shoes WHERE shoesname = ($1)',\n  duration: '3ms' }","time":"2019-12-04T20:29:30.525Z","v":0}
{"name":"bunyan-log","hostname":"Huy-PC","pid":13688,"level":30,"msg":"executed query { q: 'DELETE FROM stockx.shoes WHERE shoesname = ($1)',\n  duration: '14ms' }","time":"2019-12-04T20:29:30.539Z","v":0}
{"name":"bunyan-log","hostname":"Huy-PC","pid":13688,"level":30,"msg":"executed query { q: 'SELECT * FROM stockx.users WHERE username = ($1)',\n  duration: '2ms' }","time":"2019-12-04T20:29:30.548Z","v":0}
{"name":"bunyan-log","hostname":"Huy-PC","pid":13688,"level":30,"msg":"USER: [ { user_id: 1,\n    username: 'admin',\n    password:\n     '$2a$10$d.kYimAEe/mdDZXhjyFJxe3UCC7GobtqHBngG5BRi5QU4COOgXkpC' } ]","time":"2019-12-04T20:29:30.548Z","v":0}
{"name":"bunyan-log","hostname":"Huy-PC","pid":13688,"level":30,"msg":"executed query { q:\n   'SELECT shoes_id, shoesname, size_data, true_to_size_calculation FROM stockx.shoes WHERE shoesname = ($1)',\n  duration: '3ms' }","time":"2019-12-04T20:29:30.651Z","v":0}
{"name":"bunyan-log","hostname":"Huy-PC","pid":13688,"level":50,"msg":"ERROR: This shoes entry already exists","time":"2019-12-04T20:29:30.652Z","v":0}
{"name":"bunyan-log","hostname":"Huy-PC","pid":13688,"level":30,"msg":"executed query { q:\n   'SELECT shoes_id, shoesname, size_data, true_to_size_calculation FROM stockx.shoes WHERE shoesname = ($1)',\n  duration: '2ms' }","time":"2019-12-04T20:29:30.660Z","v":0}
{"name":"bunyan-log","hostname":"Huy-PC","pid":13688,"level":50,"msg":"ERROR: This shoes entry doesn't exist","time":"2019-12-04T20:29:30.660Z","v":0}
{"name":"bunyan-log","hostname":"Huy-PC","pid":13688,"level":30,"msg":"executed query { q:\n   'SELECT shoes_id, shoesname, size_data, true_to_size_calculation FROM stockx.shoes WHERE shoesname = ($1)',\n  duration: '3ms' }","time":"2019-12-04T20:29:30.663Z","v":0}
{"name":"bunyan-log","hostname":"Huy-PC","pid":13688,"level":30,"msg":"executed query { q: 'DELETE FROM stockx.shoes WHERE shoesname = ($1)',\n  duration: '2ms' }","time":"2019-12-04T20:29:30.665Z","v":0}
{"name":"bunyan-log","hostname":"Huy-PC","pid":12644,"level":30,"msg":"Now accepting connection on port 4000","time":"2019-12-04T20:30:10.062Z","v":0}
{"name":"bunyan-log","hostname":"Huy-PC","pid":12644,"level":30,"msg":"connected to Postgres","time":"2019-12-04T20:30:10.100Z","v":0}
{"name":"bunyan-log","hostname":"Huy-PC","pid":13688,"level":30,"msg":"connected to Postgres","time":"2019-12-04T20:30:12.031Z","v":0}
{"name":"bunyan-log","hostname":"Huy-PC","pid":13688,"level":30,"msg":"executed query { q:\n   'SELECT shoes_id, shoesname, size_data, true_to_size_calculation FROM stockx.shoes WHERE shoesname = ($1)',\n  duration: '54ms' }","time":"2019-12-04T20:30:12.037Z","v":0}
{"name":"bunyan-log","hostname":"Huy-PC","pid":13688,"level":30,"msg":"executed query { q:\n   'INSERT INTO stockx.shoes(shoesname, size_data, true_to_size_calculation) VALUES($1, $2, $3) RETURNING *',\n  duration: '3ms' }","time":"2019-12-04T20:30:12.040Z","v":0}
{"name":"bunyan-log","hostname":"Huy-PC","pid":13688,"level":30,"msg":"Now accepting connection on port 4000","time":"2019-12-04T20:30:12.045Z","v":0}
{"name":"bunyan-log","hostname":"Huy-PC","pid":13688,"level":30,"msg":"executed query { q:\n   'SELECT shoes_id, shoesname, size_data, true_to_size_calculation FROM stockx.shoes WHERE shoesname = ($1)',\n  duration: '3ms' }","time":"2019-12-04T20:30:12.052Z","v":0}
{"name":"bunyan-log","hostname":"Huy-PC","pid":13688,"level":30,"msg":"executed query { q:\n   'SELECT shoes_id, shoesname, size_data, true_to_size_calculation FROM stockx.shoes WHERE shoesname = ($1)',\n  duration: '3ms' }","time":"2019-12-04T20:30:12.070Z","v":0}
{"name":"bunyan-log","hostname":"Huy-PC","pid":13688,"level":30,"msg":"executed query { q: 'SELECT * FROM stockx.users WHERE username = ($1)',\n  duration: '4ms' }","time":"2019-12-04T20:30:12.108Z","v":0}
{"name":"bunyan-log","hostname":"Huy-PC","pid":13688,"level":30,"msg":"USER: [ { user_id: 1,\n    username: 'admin',\n    password:\n     '$2a$10$d.kYimAEe/mdDZXhjyFJxe3UCC7GobtqHBngG5BRi5QU4COOgXkpC' } ]","time":"2019-12-04T20:30:12.109Z","v":0}
{"name":"bunyan-log","hostname":"Huy-PC","pid":13688,"level":30,"msg":"executed query { q:\n   'SELECT shoes_id, shoesname, size_data, true_to_size_calculation FROM stockx.shoes WHERE shoesname = ($1)',\n  duration: '3ms' }","time":"2019-12-04T20:30:12.230Z","v":0}
{"name":"bunyan-log","hostname":"Huy-PC","pid":13688,"level":30,"msg":"executed query { q:\n   'INSERT INTO stockx.shoes(shoesname, size_data, true_to_size_calculation) VALUES($1, $2, $3) RETURNING *',\n  duration: '2ms' }","time":"2019-12-04T20:30:12.232Z","v":0}
{"name":"bunyan-log","hostname":"Huy-PC","pid":13688,"level":30,"msg":"executed query { q: 'SELECT * FROM stockx.users WHERE username = ($1)',\n  duration: '2ms' }","time":"2019-12-04T20:30:12.253Z","v":0}
{"name":"bunyan-log","hostname":"Huy-PC","pid":13688,"level":30,"msg":"USER: []","time":"2019-12-04T20:30:12.253Z","v":0}
{"name":"bunyan-log","hostname":"Huy-PC","pid":13688,"level":30,"msg":"executed query { q:\n   'SELECT shoes_id, shoesname, size_data, true_to_size_calculation FROM stockx.shoes WHERE shoesname = ($1)',\n  duration: '3ms' }","time":"2019-12-04T20:30:12.262Z","v":0}
{"name":"bunyan-log","hostname":"Huy-PC","pid":13688,"level":30,"msg":"executed query { q: 'DELETE FROM stockx.shoes WHERE shoesname = ($1)',\n  duration: '2ms' }","time":"2019-12-04T20:30:12.264Z","v":0}
{"name":"bunyan-log","hostname":"Huy-PC","pid":13688,"level":30,"msg":"executed query { q: 'SELECT * FROM stockx.users WHERE username = ($1)',\n  duration: '5ms' }","time":"2019-12-04T20:30:12.275Z","v":0}
{"name":"bunyan-log","hostname":"Huy-PC","pid":13688,"level":30,"msg":"USER: [ { user_id: 1,\n    username: 'admin',\n    password:\n     '$2a$10$d.kYimAEe/mdDZXhjyFJxe3UCC7GobtqHBngG5BRi5QU4COOgXkpC' } ]","time":"2019-12-04T20:30:12.275Z","v":0}
{"name":"bunyan-log","hostname":"Huy-PC","pid":13688,"level":30,"msg":"executed query { q:\n   'SELECT shoes_id, shoesname, size_data, true_to_size_calculation FROM stockx.shoes WHERE shoesname = ($1)',\n  duration: '4ms' }","time":"2019-12-04T20:30:12.379Z","v":0}
{"name":"bunyan-log","hostname":"Huy-PC","pid":13688,"level":50,"msg":"ERROR: This shoes entry already exists","time":"2019-12-04T20:30:12.379Z","v":0}
{"name":"bunyan-log","hostname":"Huy-PC","pid":13688,"level":30,"msg":"executed query { q:\n   'SELECT shoes_id, shoesname, size_data, true_to_size_calculation FROM stockx.shoes WHERE shoesname = ($1)',\n  duration: '3ms' }","time":"2019-12-04T20:30:12.391Z","v":0}
{"name":"bunyan-log","hostname":"Huy-PC","pid":13688,"level":50,"msg":"ERROR: This shoes entry doesn't exist","time":"2019-12-04T20:30:12.391Z","v":0}
{"name":"bunyan-log","hostname":"Huy-PC","pid":13688,"level":30,"msg":"executed query { q:\n   'SELECT shoes_id, shoesname, size_data, true_to_size_calculation FROM stockx.shoes WHERE shoesname = ($1)',\n  duration: '2ms' }","time":"2019-12-04T20:30:12.394Z","v":0}
{"name":"bunyan-log","hostname":"Huy-PC","pid":13688,"level":30,"msg":"executed query { q: 'DELETE FROM stockx.shoes WHERE shoesname = ($1)',\n  duration: '2ms' }","time":"2019-12-04T20:30:12.396Z","v":0}
{"name":"bunyan-log","hostname":"Huy-PC","pid":7940,"level":30,"msg":"Now accepting connection on port 4000","time":"2019-12-04T20:32:45.858Z","v":0}
{"name":"bunyan-log","hostname":"Huy-PC","pid":7940,"level":30,"msg":"connected to Postgres","time":"2019-12-04T20:32:45.891Z","v":0}
{"name":"bunyan-log","hostname":"Huy-PC","pid":13688,"level":30,"msg":"connected to Postgres","time":"2019-12-04T20:32:47.879Z","v":0}
{"name":"bunyan-log","hostname":"Huy-PC","pid":13688,"level":30,"msg":"executed query { q:\n   'SELECT shoes_id, shoesname, size_data, true_to_size_calculation FROM stockx.shoes WHERE shoesname = ($1)',\n  duration: '40ms' }","time":"2019-12-04T20:32:47.883Z","v":0}
{"name":"bunyan-log","hostname":"Huy-PC","pid":13688,"level":30,"msg":"executed query { q:\n   'INSERT INTO stockx.shoes(shoesname, size_data, true_to_size_calculation) VALUES($1, $2, $3) RETURNING *',\n  duration: '3ms' }","time":"2019-12-04T20:32:47.887Z","v":0}
{"name":"bunyan-log","hostname":"Huy-PC","pid":13688,"level":30,"msg":"Now accepting connection on port 4000","time":"2019-12-04T20:32:47.891Z","v":0}
{"name":"bunyan-log","hostname":"Huy-PC","pid":13688,"level":30,"msg":"executed query { q:\n   'SELECT shoes_id, shoesname, size_data, true_to_size_calculation FROM stockx.shoes WHERE shoesname = ($1)',\n  duration: '2ms' }","time":"2019-12-04T20:32:47.898Z","v":0}
{"name":"bunyan-log","hostname":"Huy-PC","pid":13688,"level":30,"msg":"executed query { q:\n   'SELECT shoes_id, shoesname, size_data, true_to_size_calculation FROM stockx.shoes WHERE shoesname = ($1)',\n  duration: '6ms' }","time":"2019-12-04T20:32:47.922Z","v":0}
{"name":"bunyan-log","hostname":"Huy-PC","pid":13688,"level":30,"msg":"executed query { q: 'SELECT * FROM stockx.users WHERE username = ($1)',\n  duration: '4ms' }","time":"2019-12-04T20:32:47.954Z","v":0}
{"name":"bunyan-log","hostname":"Huy-PC","pid":13688,"level":30,"msg":"USER: [ { user_id: 1,\n    username: 'admin',\n    password:\n     '$2a$10$d.kYimAEe/mdDZXhjyFJxe3UCC7GobtqHBngG5BRi5QU4COOgXkpC' } ]","time":"2019-12-04T20:32:47.954Z","v":0}
{"name":"bunyan-log","hostname":"Huy-PC","pid":13688,"level":30,"msg":"executed query { q:\n   'SELECT shoes_id, shoesname, size_data, true_to_size_calculation FROM stockx.shoes WHERE shoesname = ($1)',\n  duration: '2ms' }","time":"2019-12-04T20:32:48.075Z","v":0}
{"name":"bunyan-log","hostname":"Huy-PC","pid":13688,"level":30,"msg":"executed query { q:\n   'INSERT INTO stockx.shoes(shoesname, size_data, true_to_size_calculation) VALUES($1, $2, $3) RETURNING *',\n  duration: '3ms' }","time":"2019-12-04T20:32:48.079Z","v":0}
{"name":"bunyan-log","hostname":"Huy-PC","pid":13688,"level":30,"msg":"executed query { q: 'SELECT * FROM stockx.users WHERE username = ($1)',\n  duration: '5ms' }","time":"2019-12-04T20:32:48.103Z","v":0}
{"name":"bunyan-log","hostname":"Huy-PC","pid":13688,"level":30,"msg":"USER: []","time":"2019-12-04T20:32:48.104Z","v":0}
{"name":"bunyan-log","hostname":"Huy-PC","pid":13688,"level":30,"msg":"executed query { q:\n   'SELECT shoes_id, shoesname, size_data, true_to_size_calculation FROM stockx.shoes WHERE shoesname = ($1)',\n  duration: '5ms' }","time":"2019-12-04T20:32:48.115Z","v":0}
{"name":"bunyan-log","hostname":"Huy-PC","pid":13688,"level":30,"msg":"executed query { q: 'DELETE FROM stockx.shoes WHERE shoesname = ($1)',\n  duration: '4ms' }","time":"2019-12-04T20:32:48.119Z","v":0}
{"name":"bunyan-log","hostname":"Huy-PC","pid":13688,"level":30,"msg":"executed query { q: 'SELECT * FROM stockx.users WHERE username = ($1)',\n  duration: '3ms' }","time":"2019-12-04T20:32:48.127Z","v":0}
{"name":"bunyan-log","hostname":"Huy-PC","pid":13688,"level":30,"msg":"USER: [ { user_id: 1,\n    username: 'admin',\n    password:\n     '$2a$10$d.kYimAEe/mdDZXhjyFJxe3UCC7GobtqHBngG5BRi5QU4COOgXkpC' } ]","time":"2019-12-04T20:32:48.127Z","v":0}
{"name":"bunyan-log","hostname":"Huy-PC","pid":13688,"level":30,"msg":"executed query { q:\n   'SELECT shoes_id, shoesname, size_data, true_to_size_calculation FROM stockx.shoes WHERE shoesname = ($1)',\n  duration: '3ms' }","time":"2019-12-04T20:32:48.230Z","v":0}
{"name":"bunyan-log","hostname":"Huy-PC","pid":13688,"level":50,"msg":"ERROR: This shoes entry already exists","time":"2019-12-04T20:32:48.231Z","v":0}
{"name":"bunyan-log","hostname":"Huy-PC","pid":13688,"level":30,"msg":"executed query { q:\n   'SELECT shoes_id, shoesname, size_data, true_to_size_calculation FROM stockx.shoes WHERE shoesname = ($1)',\n  duration: '3ms' }","time":"2019-12-04T20:32:48.239Z","v":0}
{"name":"bunyan-log","hostname":"Huy-PC","pid":13688,"level":50,"msg":"ERROR: This shoes entry doesn't exist","time":"2019-12-04T20:32:48.239Z","v":0}
{"name":"bunyan-log","hostname":"Huy-PC","pid":13688,"level":30,"msg":"executed query { q:\n   'SELECT shoes_id, shoesname, size_data, true_to_size_calculation FROM stockx.shoes WHERE shoesname = ($1)',\n  duration: '2ms' }","time":"2019-12-04T20:32:48.243Z","v":0}
{"name":"bunyan-log","hostname":"Huy-PC","pid":13688,"level":30,"msg":"executed query { q: 'DELETE FROM stockx.shoes WHERE shoesname = ($1)',\n  duration: '2ms' }","time":"2019-12-04T20:32:48.245Z","v":0}
{"name":"bunyan-log","hostname":"Huy-PC","pid":15184,"level":30,"msg":"Now accepting connection on port 4000","time":"2019-12-04T20:33:03.290Z","v":0}
{"name":"bunyan-log","hostname":"Huy-PC","pid":15184,"level":30,"msg":"connected to Postgres","time":"2019-12-04T20:33:03.321Z","v":0}
{"name":"bunyan-log","hostname":"Huy-PC","pid":13688,"level":30,"msg":"connected to Postgres","time":"2019-12-04T20:33:05.224Z","v":0}
{"name":"bunyan-log","hostname":"Huy-PC","pid":13688,"level":30,"msg":"executed query { q:\n   'SELECT shoes_id, shoesname, size_data, true_to_size_calculation FROM stockx.shoes WHERE shoesname = ($1)',\n  duration: '59ms' }","time":"2019-12-04T20:33:05.230Z","v":0}
{"name":"bunyan-log","hostname":"Huy-PC","pid":13688,"level":30,"msg":"executed query { q:\n   'INSERT INTO stockx.shoes(shoesname, size_data, true_to_size_calculation) VALUES($1, $2, $3) RETURNING *',\n  duration: '20ms' }","time":"2019-12-04T20:33:05.250Z","v":0}
{"name":"bunyan-log","hostname":"Huy-PC","pid":13688,"level":30,"msg":"Now accepting connection on port 4000","time":"2019-12-04T20:33:05.262Z","v":0}
{"name":"bunyan-log","hostname":"Huy-PC","pid":13688,"level":30,"msg":"executed query { q:\n   'SELECT shoes_id, shoesname, size_data, true_to_size_calculation FROM stockx.shoes WHERE shoesname = ($1)',\n  duration: '3ms' }","time":"2019-12-04T20:33:05.269Z","v":0}
{"name":"bunyan-log","hostname":"Huy-PC","pid":13688,"level":30,"msg":"executed query { q:\n   'SELECT shoes_id, shoesname, size_data, true_to_size_calculation FROM stockx.shoes WHERE shoesname = ($1)',\n  duration: '2ms' }","time":"2019-12-04T20:33:05.287Z","v":0}
{"name":"bunyan-log","hostname":"Huy-PC","pid":13688,"level":30,"msg":"executed query { q: 'SELECT * FROM stockx.users WHERE username = ($1)',\n  duration: '3ms' }","time":"2019-12-04T20:33:05.314Z","v":0}
{"name":"bunyan-log","hostname":"Huy-PC","pid":13688,"level":30,"msg":"USER: [ { user_id: 1,\n    username: 'admin',\n    password:\n     '$2a$10$d.kYimAEe/mdDZXhjyFJxe3UCC7GobtqHBngG5BRi5QU4COOgXkpC' } ]","time":"2019-12-04T20:33:05.314Z","v":0}
{"name":"bunyan-log","hostname":"Huy-PC","pid":13688,"level":30,"msg":"executed query { q:\n   'SELECT shoes_id, shoesname, size_data, true_to_size_calculation FROM stockx.shoes WHERE shoesname = ($1)',\n  duration: '2ms' }","time":"2019-12-04T20:33:05.436Z","v":0}
{"name":"bunyan-log","hostname":"Huy-PC","pid":13688,"level":30,"msg":"executed query { q:\n   'INSERT INTO stockx.shoes(shoesname, size_data, true_to_size_calculation) VALUES($1, $2, $3) RETURNING *',\n  duration: '2ms' }","time":"2019-12-04T20:33:05.438Z","v":0}
{"name":"bunyan-log","hostname":"Huy-PC","pid":13688,"level":30,"msg":"executed query { q: 'SELECT * FROM stockx.users WHERE username = ($1)',\n  duration: '2ms' }","time":"2019-12-04T20:33:05.457Z","v":0}
{"name":"bunyan-log","hostname":"Huy-PC","pid":13688,"level":30,"msg":"USER: []","time":"2019-12-04T20:33:05.458Z","v":0}
{"name":"bunyan-log","hostname":"Huy-PC","pid":13688,"level":30,"msg":"executed query { q:\n   'SELECT shoes_id, shoesname, size_data, true_to_size_calculation FROM stockx.shoes WHERE shoesname = ($1)',\n  duration: '2ms' }","time":"2019-12-04T20:33:05.465Z","v":0}
{"name":"bunyan-log","hostname":"Huy-PC","pid":13688,"level":30,"msg":"executed query { q: 'DELETE FROM stockx.shoes WHERE shoesname = ($1)',\n  duration: '1ms' }","time":"2019-12-04T20:33:05.467Z","v":0}
{"name":"bunyan-log","hostname":"Huy-PC","pid":13688,"level":30,"msg":"executed query { q: 'SELECT * FROM stockx.users WHERE username = ($1)',\n  duration: '3ms' }","time":"2019-12-04T20:33:05.476Z","v":0}
{"name":"bunyan-log","hostname":"Huy-PC","pid":13688,"level":30,"msg":"USER: [ { user_id: 1,\n    username: 'admin',\n    password:\n     '$2a$10$d.kYimAEe/mdDZXhjyFJxe3UCC7GobtqHBngG5BRi5QU4COOgXkpC' } ]","time":"2019-12-04T20:33:05.476Z","v":0}
{"name":"bunyan-log","hostname":"Huy-PC","pid":13688,"level":30,"msg":"executed query { q:\n   'SELECT shoes_id, shoesname, size_data, true_to_size_calculation FROM stockx.shoes WHERE shoesname = ($1)',\n  duration: '3ms' }","time":"2019-12-04T20:33:05.585Z","v":0}
{"name":"bunyan-log","hostname":"Huy-PC","pid":13688,"level":50,"msg":"ERROR: This shoes entry already exists","time":"2019-12-04T20:33:05.585Z","v":0}
{"name":"bunyan-log","hostname":"Huy-PC","pid":13688,"level":30,"msg":"executed query { q:\n   'SELECT shoes_id, shoesname, size_data, true_to_size_calculation FROM stockx.shoes WHERE shoesname = ($1)',\n  duration: '3ms' }","time":"2019-12-04T20:33:05.595Z","v":0}
{"name":"bunyan-log","hostname":"Huy-PC","pid":13688,"level":50,"msg":"ERROR: This shoes entry doesn't exist","time":"2019-12-04T20:33:05.595Z","v":0}
{"name":"bunyan-log","hostname":"Huy-PC","pid":13688,"level":30,"msg":"executed query { q:\n   'SELECT shoes_id, shoesname, size_data, true_to_size_calculation FROM stockx.shoes WHERE shoesname = ($1)',\n  duration: '3ms' }","time":"2019-12-04T20:33:05.598Z","v":0}
{"name":"bunyan-log","hostname":"Huy-PC","pid":13688,"level":30,"msg":"executed query { q: 'DELETE FROM stockx.shoes WHERE shoesname = ($1)',\n  duration: '2ms' }","time":"2019-12-04T20:33:05.600Z","v":0}
{"name":"bunyan-log","hostname":"Huy-PC","pid":12356,"level":30,"msg":"Now accepting connection on port 4000","time":"2019-12-04T20:33:16.518Z","v":0}
{"name":"bunyan-log","hostname":"Huy-PC","pid":12356,"level":30,"msg":"connected to Postgres","time":"2019-12-04T20:33:16.553Z","v":0}
{"name":"bunyan-log","hostname":"Huy-PC","pid":13688,"level":30,"msg":"connected to Postgres","time":"2019-12-04T20:33:18.362Z","v":0}
{"name":"bunyan-log","hostname":"Huy-PC","pid":13688,"level":30,"msg":"executed query { q:\n   'SELECT shoes_id, shoesname, size_data, true_to_size_calculation FROM stockx.shoes WHERE shoesname = ($1)',\n  duration: '40ms' }","time":"2019-12-04T20:33:18.365Z","v":0}
{"name":"bunyan-log","hostname":"Huy-PC","pid":13688,"level":30,"msg":"executed query { q:\n   'INSERT INTO stockx.shoes(shoesname, size_data, true_to_size_calculation) VALUES($1, $2, $3) RETURNING *',\n  duration: '3ms' }","time":"2019-12-04T20:33:18.368Z","v":0}
{"name":"bunyan-log","hostname":"Huy-PC","pid":13688,"level":30,"msg":"Now accepting connection on port 4000","time":"2019-12-04T20:33:18.371Z","v":0}
{"name":"bunyan-log","hostname":"Huy-PC","pid":13688,"level":30,"msg":"executed query { q:\n   'SELECT shoes_id, shoesname, size_data, true_to_size_calculation FROM stockx.shoes WHERE shoesname = ($1)',\n  duration: '3ms' }","time":"2019-12-04T20:33:18.377Z","v":0}
{"name":"bunyan-log","hostname":"Huy-PC","pid":13688,"level":30,"msg":"executed query { q:\n   'SELECT shoes_id, shoesname, size_data, true_to_size_calculation FROM stockx.shoes WHERE shoesname = ($1)',\n  duration: '14ms' }","time":"2019-12-04T20:33:18.405Z","v":0}
{"name":"bunyan-log","hostname":"Huy-PC","pid":13688,"level":30,"msg":"executed query { q: 'SELECT * FROM stockx.users WHERE username = ($1)',\n  duration: '16ms' }","time":"2019-12-04T20:33:18.458Z","v":0}
{"name":"bunyan-log","hostname":"Huy-PC","pid":13688,"level":30,"msg":"USER: [ { user_id: 1,\n    username: 'admin',\n    password:\n     '$2a$10$d.kYimAEe/mdDZXhjyFJxe3UCC7GobtqHBngG5BRi5QU4COOgXkpC' } ]","time":"2019-12-04T20:33:18.459Z","v":0}
{"name":"bunyan-log","hostname":"Huy-PC","pid":13688,"level":30,"msg":"executed query { q:\n   'SELECT shoes_id, shoesname, size_data, true_to_size_calculation FROM stockx.shoes WHERE shoesname = ($1)',\n  duration: '19ms' }","time":"2019-12-04T20:33:18.619Z","v":0}
{"name":"bunyan-log","hostname":"Huy-PC","pid":13688,"level":30,"msg":"executed query { q:\n   'INSERT INTO stockx.shoes(shoesname, size_data, true_to_size_calculation) VALUES($1, $2, $3) RETURNING *',\n  duration: '3ms' }","time":"2019-12-04T20:33:18.623Z","v":0}
{"name":"bunyan-log","hostname":"Huy-PC","pid":13688,"level":30,"msg":"executed query { q: 'SELECT * FROM stockx.users WHERE username = ($1)',\n  duration: '2ms' }","time":"2019-12-04T20:33:18.642Z","v":0}
{"name":"bunyan-log","hostname":"Huy-PC","pid":13688,"level":30,"msg":"USER: []","time":"2019-12-04T20:33:18.642Z","v":0}
{"name":"bunyan-log","hostname":"Huy-PC","pid":13688,"level":30,"msg":"executed query { q:\n   'SELECT shoes_id, shoesname, size_data, true_to_size_calculation FROM stockx.shoes WHERE shoesname = ($1)',\n  duration: '3ms' }","time":"2019-12-04T20:33:18.650Z","v":0}
{"name":"bunyan-log","hostname":"Huy-PC","pid":13688,"level":30,"msg":"executed query { q: 'DELETE FROM stockx.shoes WHERE shoesname = ($1)',\n  duration: '2ms' }","time":"2019-12-04T20:33:18.652Z","v":0}
{"name":"bunyan-log","hostname":"Huy-PC","pid":13688,"level":30,"msg":"executed query { q: 'SELECT * FROM stockx.users WHERE username = ($1)',\n  duration: '2ms' }","time":"2019-12-04T20:33:18.659Z","v":0}
{"name":"bunyan-log","hostname":"Huy-PC","pid":13688,"level":30,"msg":"USER: [ { user_id: 1,\n    username: 'admin',\n    password:\n     '$2a$10$d.kYimAEe/mdDZXhjyFJxe3UCC7GobtqHBngG5BRi5QU4COOgXkpC' } ]","time":"2019-12-04T20:33:18.660Z","v":0}
{"name":"bunyan-log","hostname":"Huy-PC","pid":13688,"level":30,"msg":"executed query { q:\n   'SELECT shoes_id, shoesname, size_data, true_to_size_calculation FROM stockx.shoes WHERE shoesname = ($1)',\n  duration: '3ms' }","time":"2019-12-04T20:33:18.763Z","v":0}
{"name":"bunyan-log","hostname":"Huy-PC","pid":13688,"level":50,"msg":"ERROR: This shoes entry already exists","time":"2019-12-04T20:33:18.763Z","v":0}
{"name":"bunyan-log","hostname":"Huy-PC","pid":13688,"level":30,"msg":"executed query { q:\n   'SELECT shoes_id, shoesname, size_data, true_to_size_calculation FROM stockx.shoes WHERE shoesname = ($1)',\n  duration: '3ms' }","time":"2019-12-04T20:33:18.770Z","v":0}
{"name":"bunyan-log","hostname":"Huy-PC","pid":13688,"level":50,"msg":"ERROR: This shoes entry doesn't exist","time":"2019-12-04T20:33:18.770Z","v":0}
{"name":"bunyan-log","hostname":"Huy-PC","pid":13688,"level":30,"msg":"executed query { q:\n   'SELECT shoes_id, shoesname, size_data, true_to_size_calculation FROM stockx.shoes WHERE shoesname = ($1)',\n  duration: '2ms' }","time":"2019-12-04T20:33:18.773Z","v":0}
{"name":"bunyan-log","hostname":"Huy-PC","pid":13688,"level":30,"msg":"executed query { q: 'DELETE FROM stockx.shoes WHERE shoesname = ($1)',\n  duration: '2ms' }","time":"2019-12-04T20:33:18.775Z","v":0}
{"name":"bunyan-log","hostname":"Huy-PC","pid":1092,"level":30,"msg":"Now accepting connection on port 4000","time":"2019-12-04T20:33:39.378Z","v":0}
{"name":"bunyan-log","hostname":"Huy-PC","pid":1092,"level":30,"msg":"connected to Postgres","time":"2019-12-04T20:33:39.408Z","v":0}
{"name":"bunyan-log","hostname":"Huy-PC","pid":13688,"level":30,"msg":"connected to Postgres","time":"2019-12-04T20:33:41.296Z","v":0}
{"name":"bunyan-log","hostname":"Huy-PC","pid":13688,"level":30,"msg":"executed query { q:\n   'SELECT shoes_id, shoesname, size_data, true_to_size_calculation FROM stockx.shoes WHERE shoesname = ($1)',\n  duration: '41ms' }","time":"2019-12-04T20:33:41.300Z","v":0}
{"name":"bunyan-log","hostname":"Huy-PC","pid":13688,"level":30,"msg":"executed query { q:\n   'INSERT INTO stockx.shoes(shoesname, size_data, true_to_size_calculation) VALUES($1, $2, $3) RETURNING *',\n  duration: '3ms' }","time":"2019-12-04T20:33:41.304Z","v":0}
{"name":"bunyan-log","hostname":"Huy-PC","pid":13688,"level":30,"msg":"Now accepting connection on port 4000","time":"2019-12-04T20:33:41.309Z","v":0}
{"name":"bunyan-log","hostname":"Huy-PC","pid":13688,"level":30,"msg":"executed query { q:\n   'SELECT shoes_id, shoesname, size_data, true_to_size_calculation FROM stockx.shoes WHERE shoesname = ($1)',\n  duration: '2ms' }","time":"2019-12-04T20:33:41.316Z","v":0}
{"name":"bunyan-log","hostname":"Huy-PC","pid":13688,"level":30,"msg":"executed query { q:\n   'SELECT shoes_id, shoesname, size_data, true_to_size_calculation FROM stockx.shoes WHERE shoesname = ($1)',\n  duration: '2ms' }","time":"2019-12-04T20:33:41.333Z","v":0}
{"name":"bunyan-log","hostname":"Huy-PC","pid":13688,"level":30,"msg":"executed query { q: 'SELECT * FROM stockx.users WHERE username = ($1)',\n  duration: '5ms' }","time":"2019-12-04T20:33:41.368Z","v":0}
{"name":"bunyan-log","hostname":"Huy-PC","pid":13688,"level":30,"msg":"USER: [ { user_id: 1,\n    username: 'admin',\n    password:\n     '$2a$10$d.kYimAEe/mdDZXhjyFJxe3UCC7GobtqHBngG5BRi5QU4COOgXkpC' } ]","time":"2019-12-04T20:33:41.369Z","v":0}
{"name":"bunyan-log","hostname":"Huy-PC","pid":13688,"level":30,"msg":"executed query { q:\n   'SELECT shoes_id, shoesname, size_data, true_to_size_calculation FROM stockx.shoes WHERE shoesname = ($1)',\n  duration: '3ms' }","time":"2019-12-04T20:33:41.493Z","v":0}
{"name":"bunyan-log","hostname":"Huy-PC","pid":13688,"level":30,"msg":"executed query { q:\n   'INSERT INTO stockx.shoes(shoesname, size_data, true_to_size_calculation) VALUES($1, $2, $3) RETURNING *',\n  duration: '3ms' }","time":"2019-12-04T20:33:41.496Z","v":0}
{"name":"bunyan-log","hostname":"Huy-PC","pid":13688,"level":30,"msg":"executed query { q: 'SELECT * FROM stockx.users WHERE username = ($1)',\n  duration: '2ms' }","time":"2019-12-04T20:33:41.515Z","v":0}
{"name":"bunyan-log","hostname":"Huy-PC","pid":13688,"level":30,"msg":"USER: []","time":"2019-12-04T20:33:41.516Z","v":0}
{"name":"bunyan-log","hostname":"Huy-PC","pid":13688,"level":30,"msg":"executed query { q:\n   'SELECT shoes_id, shoesname, size_data, true_to_size_calculation FROM stockx.shoes WHERE shoesname = ($1)',\n  duration: '3ms' }","time":"2019-12-04T20:33:41.527Z","v":0}
{"name":"bunyan-log","hostname":"Huy-PC","pid":13688,"level":30,"msg":"executed query { q: 'DELETE FROM stockx.shoes WHERE shoesname = ($1)',\n  duration: '2ms' }","time":"2019-12-04T20:33:41.530Z","v":0}
{"name":"bunyan-log","hostname":"Huy-PC","pid":13688,"level":30,"msg":"executed query { q: 'SELECT * FROM stockx.users WHERE username = ($1)',\n  duration: '3ms' }","time":"2019-12-04T20:33:41.537Z","v":0}
{"name":"bunyan-log","hostname":"Huy-PC","pid":13688,"level":30,"msg":"USER: [ { user_id: 1,\n    username: 'admin',\n    password:\n     '$2a$10$d.kYimAEe/mdDZXhjyFJxe3UCC7GobtqHBngG5BRi5QU4COOgXkpC' } ]","time":"2019-12-04T20:33:41.537Z","v":0}
{"name":"bunyan-log","hostname":"Huy-PC","pid":13688,"level":30,"msg":"executed query { q:\n   'SELECT shoes_id, shoesname, size_data, true_to_size_calculation FROM stockx.shoes WHERE shoesname = ($1)',\n  duration: '2ms' }","time":"2019-12-04T20:33:41.644Z","v":0}
{"name":"bunyan-log","hostname":"Huy-PC","pid":13688,"level":50,"msg":"ERROR: This shoes entry already exists","time":"2019-12-04T20:33:41.645Z","v":0}
{"name":"bunyan-log","hostname":"Huy-PC","pid":13688,"level":30,"msg":"executed query { q:\n   'SELECT shoes_id, shoesname, size_data, true_to_size_calculation FROM stockx.shoes WHERE shoesname = ($1)',\n  duration: '3ms' }","time":"2019-12-04T20:33:41.652Z","v":0}
{"name":"bunyan-log","hostname":"Huy-PC","pid":13688,"level":50,"msg":"ERROR: This shoes entry doesn't exist","time":"2019-12-04T20:33:41.653Z","v":0}
{"name":"bunyan-log","hostname":"Huy-PC","pid":13688,"level":30,"msg":"executed query { q:\n   'SELECT shoes_id, shoesname, size_data, true_to_size_calculation FROM stockx.shoes WHERE shoesname = ($1)',\n  duration: '3ms' }","time":"2019-12-04T20:33:41.656Z","v":0}
{"name":"bunyan-log","hostname":"Huy-PC","pid":13688,"level":30,"msg":"executed query { q: 'DELETE FROM stockx.shoes WHERE shoesname = ($1)',\n  duration: '2ms' }","time":"2019-12-04T20:33:41.658Z","v":0}
{"name":"bunyan-log","hostname":"Huy-PC","pid":12548,"level":30,"msg":"Now accepting connection on port 4000","time":"2019-12-04T20:35:19.143Z","v":0}
{"name":"bunyan-log","hostname":"Huy-PC","pid":12548,"level":30,"msg":"connected to Postgres","time":"2019-12-04T20:35:19.179Z","v":0}
{"name":"bunyan-log","hostname":"Huy-PC","pid":13688,"level":30,"msg":"connected to Postgres","time":"2019-12-04T20:35:21.168Z","v":0}
{"name":"bunyan-log","hostname":"Huy-PC","pid":13688,"level":30,"msg":"executed query { q:\n   'SELECT shoes_id, shoesname, size_data, true_to_size_calculation FROM stockx.shoes WHERE shoesname = ($1)',\n  duration: '80ms' }","time":"2019-12-04T20:35:21.180Z","v":0}
{"name":"bunyan-log","hostname":"Huy-PC","pid":13688,"level":30,"msg":"executed query { q:\n   'INSERT INTO stockx.shoes(shoesname, size_data, true_to_size_calculation) VALUES($1, $2, $3) RETURNING *',\n  duration: '22ms' }","time":"2019-12-04T20:35:21.203Z","v":0}
{"name":"bunyan-log","hostname":"Huy-PC","pid":13688,"level":30,"msg":"Now accepting connection on port 4000","time":"2019-12-04T20:35:21.215Z","v":0}
{"name":"bunyan-log","hostname":"Huy-PC","pid":13688,"level":30,"msg":"executed query { q:\n   'SELECT shoes_id, shoesname, size_data, true_to_size_calculation FROM stockx.shoes WHERE shoesname = ($1)',\n  duration: '3ms' }","time":"2019-12-04T20:35:21.225Z","v":0}
{"name":"bunyan-log","hostname":"Huy-PC","pid":13688,"level":30,"msg":"executed query { q:\n   'SELECT shoes_id, shoesname, size_data, true_to_size_calculation FROM stockx.shoes WHERE shoesname = ($1)',\n  duration: '2ms' }","time":"2019-12-04T20:35:21.243Z","v":0}
{"name":"bunyan-log","hostname":"Huy-PC","pid":13688,"level":30,"msg":"executed query { q: 'SELECT * FROM stockx.users WHERE username = ($1)',\n  duration: '4ms' }","time":"2019-12-04T20:35:21.270Z","v":0}
{"name":"bunyan-log","hostname":"Huy-PC","pid":13688,"level":30,"msg":"USER: [ { user_id: 1,\n    username: 'admin',\n    password:\n     '$2a$10$d.kYimAEe/mdDZXhjyFJxe3UCC7GobtqHBngG5BRi5QU4COOgXkpC' } ]","time":"2019-12-04T20:35:21.270Z","v":0}
{"name":"bunyan-log","hostname":"Huy-PC","pid":13688,"level":30,"msg":"executed query { q:\n   'SELECT shoes_id, shoesname, size_data, true_to_size_calculation FROM stockx.shoes WHERE shoesname = ($1)',\n  duration: '2ms' }","time":"2019-12-04T20:35:21.390Z","v":0}
{"name":"bunyan-log","hostname":"Huy-PC","pid":13688,"level":30,"msg":"executed query { q:\n   'INSERT INTO stockx.shoes(shoesname, size_data, true_to_size_calculation) VALUES($1, $2, $3) RETURNING *',\n  duration: '3ms' }","time":"2019-12-04T20:35:21.393Z","v":0}
{"name":"bunyan-log","hostname":"Huy-PC","pid":13688,"level":30,"msg":"executed query { q:\n   'SELECT shoes_id, shoesname, size_data, true_to_size_calculation FROM stockx.shoes WHERE shoesname = ($1)',\n  duration: '2ms' }","time":"2019-12-04T20:35:21.405Z","v":0}
{"name":"bunyan-log","hostname":"Huy-PC","pid":13688,"level":30,"msg":"executed query { q: 'SELECT * FROM stockx.users WHERE username = ($1)',\n  duration: '2ms' }","time":"2019-12-04T20:35:21.418Z","v":0}
{"name":"bunyan-log","hostname":"Huy-PC","pid":13688,"level":30,"msg":"USER: []","time":"2019-12-04T20:35:21.418Z","v":0}
{"name":"bunyan-log","hostname":"Huy-PC","pid":13688,"level":30,"msg":"executed query { q:\n   'SELECT shoes_id, shoesname, size_data, true_to_size_calculation FROM stockx.shoes WHERE shoesname = ($1)',\n  duration: '3ms' }","time":"2019-12-04T20:35:21.426Z","v":0}
{"name":"bunyan-log","hostname":"Huy-PC","pid":13688,"level":30,"msg":"executed query { q: 'DELETE FROM stockx.shoes WHERE shoesname = ($1)',\n  duration: '2ms' }","time":"2019-12-04T20:35:21.428Z","v":0}
{"name":"bunyan-log","hostname":"Huy-PC","pid":13688,"level":30,"msg":"executed query { q: 'SELECT * FROM stockx.users WHERE username = ($1)',\n  duration: '2ms' }","time":"2019-12-04T20:35:21.437Z","v":0}
{"name":"bunyan-log","hostname":"Huy-PC","pid":13688,"level":30,"msg":"USER: [ { user_id: 1,\n    username: 'admin',\n    password:\n     '$2a$10$d.kYimAEe/mdDZXhjyFJxe3UCC7GobtqHBngG5BRi5QU4COOgXkpC' } ]","time":"2019-12-04T20:35:21.438Z","v":0}
{"name":"bunyan-log","hostname":"Huy-PC","pid":13688,"level":30,"msg":"executed query { q:\n   'SELECT shoes_id, shoesname, size_data, true_to_size_calculation FROM stockx.shoes WHERE shoesname = ($1)',\n  duration: '3ms' }","time":"2019-12-04T20:35:21.546Z","v":0}
{"name":"bunyan-log","hostname":"Huy-PC","pid":13688,"level":50,"msg":"ERROR: This shoes entry already exists","time":"2019-12-04T20:35:21.546Z","v":0}
{"name":"bunyan-log","hostname":"Huy-PC","pid":13688,"level":30,"msg":"executed query { q:\n   'SELECT shoes_id, shoesname, size_data, true_to_size_calculation FROM stockx.shoes WHERE shoesname = ($1)',\n  duration: '4ms' }","time":"2019-12-04T20:35:21.557Z","v":0}
{"name":"bunyan-log","hostname":"Huy-PC","pid":13688,"level":50,"msg":"ERROR: This shoes entry doesn't exist","time":"2019-12-04T20:35:21.558Z","v":0}
{"name":"bunyan-log","hostname":"Huy-PC","pid":13688,"level":30,"msg":"executed query { q:\n   'SELECT shoes_id, shoesname, size_data, true_to_size_calculation FROM stockx.shoes WHERE shoesname = ($1)',\n  duration: '3ms' }","time":"2019-12-04T20:35:21.561Z","v":0}
{"name":"bunyan-log","hostname":"Huy-PC","pid":13688,"level":30,"msg":"executed query { q: 'DELETE FROM stockx.shoes WHERE shoesname = ($1)',\n  duration: '2ms' }","time":"2019-12-04T20:35:21.564Z","v":0}
{"name":"bunyan-log","hostname":"Huy-PC","pid":12920,"level":30,"msg":"Now accepting connection on port 4000","time":"2019-12-04T20:35:39.895Z","v":0}
{"name":"bunyan-log","hostname":"Huy-PC","pid":12920,"level":30,"msg":"connected to Postgres","time":"2019-12-04T20:35:39.930Z","v":0}
{"name":"bunyan-log","hostname":"Huy-PC","pid":13688,"level":30,"msg":"connected to Postgres","time":"2019-12-04T20:35:41.776Z","v":0}
{"name":"bunyan-log","hostname":"Huy-PC","pid":13688,"level":30,"msg":"executed query { q:\n   'SELECT shoes_id, shoesname, size_data, true_to_size_calculation FROM stockx.shoes WHERE shoesname = ($1)',\n  duration: '53ms' }","time":"2019-12-04T20:35:41.780Z","v":0}
{"name":"bunyan-log","hostname":"Huy-PC","pid":13688,"level":30,"msg":"executed query { q:\n   'INSERT INTO stockx.shoes(shoesname, size_data, true_to_size_calculation) VALUES($1, $2, $3) RETURNING *',\n  duration: '3ms' }","time":"2019-12-04T20:35:41.783Z","v":0}
{"name":"bunyan-log","hostname":"Huy-PC","pid":13688,"level":30,"msg":"Now accepting connection on port 4000","time":"2019-12-04T20:35:41.787Z","v":0}
{"name":"bunyan-log","hostname":"Huy-PC","pid":13688,"level":30,"msg":"executed query { q:\n   'SELECT shoes_id, shoesname, size_data, true_to_size_calculation FROM stockx.shoes WHERE shoesname = ($1)',\n  duration: '3ms' }","time":"2019-12-04T20:35:41.793Z","v":0}
{"name":"bunyan-log","hostname":"Huy-PC","pid":13688,"level":30,"msg":"executed query { q:\n   'SELECT shoes_id, shoesname, size_data, true_to_size_calculation FROM stockx.shoes WHERE shoesname = ($1)',\n  duration: '2ms' }","time":"2019-12-04T20:35:41.808Z","v":0}
{"name":"bunyan-log","hostname":"Huy-PC","pid":13688,"level":30,"msg":"executed query { q: 'SELECT * FROM stockx.users WHERE username = ($1)',\n  duration: '3ms' }","time":"2019-12-04T20:35:41.838Z","v":0}
{"name":"bunyan-log","hostname":"Huy-PC","pid":13688,"level":30,"msg":"USER: [ { user_id: 1,\n    username: 'admin',\n    password:\n     '$2a$10$d.kYimAEe/mdDZXhjyFJxe3UCC7GobtqHBngG5BRi5QU4COOgXkpC' } ]","time":"2019-12-04T20:35:41.838Z","v":0}
{"name":"bunyan-log","hostname":"Huy-PC","pid":13688,"level":30,"msg":"executed query { q:\n   'SELECT shoes_id, shoesname, size_data, true_to_size_calculation FROM stockx.shoes WHERE shoesname = ($1)',\n  duration: '2ms' }","time":"2019-12-04T20:35:41.959Z","v":0}
{"name":"bunyan-log","hostname":"Huy-PC","pid":13688,"level":30,"msg":"executed query { q:\n   'INSERT INTO stockx.shoes(shoesname, size_data, true_to_size_calculation) VALUES($1, $2, $3) RETURNING *',\n  duration: '2ms' }","time":"2019-12-04T20:35:41.962Z","v":0}
{"name":"bunyan-log","hostname":"Huy-PC","pid":13688,"level":30,"msg":"executed query { q: 'SELECT * FROM stockx.users WHERE username = ($1)',\n  duration: '4ms' }","time":"2019-12-04T20:35:41.979Z","v":0}
{"name":"bunyan-log","hostname":"Huy-PC","pid":13688,"level":30,"msg":"USER: []","time":"2019-12-04T20:35:41.980Z","v":0}
{"name":"bunyan-log","hostname":"Huy-PC","pid":13688,"level":30,"msg":"executed query { q:\n   'SELECT shoes_id, shoesname, size_data, true_to_size_calculation FROM stockx.shoes WHERE shoesname = ($1)',\n  duration: '3ms' }","time":"2019-12-04T20:35:41.989Z","v":0}
{"name":"bunyan-log","hostname":"Huy-PC","pid":13688,"level":30,"msg":"executed query { q: 'DELETE FROM stockx.shoes WHERE shoesname = ($1)',\n  duration: '2ms' }","time":"2019-12-04T20:35:41.992Z","v":0}
{"name":"bunyan-log","hostname":"Huy-PC","pid":13688,"level":30,"msg":"executed query { q: 'SELECT * FROM stockx.users WHERE username = ($1)',\n  duration: '2ms' }","time":"2019-12-04T20:35:42.013Z","v":0}
{"name":"bunyan-log","hostname":"Huy-PC","pid":13688,"level":30,"msg":"USER: [ { user_id: 1,\n    username: 'admin',\n    password:\n     '$2a$10$d.kYimAEe/mdDZXhjyFJxe3UCC7GobtqHBngG5BRi5QU4COOgXkpC' } ]","time":"2019-12-04T20:35:42.013Z","v":0}
{"name":"bunyan-log","hostname":"Huy-PC","pid":13688,"level":30,"msg":"executed query { q:\n   'SELECT shoes_id, shoesname, size_data, true_to_size_calculation FROM stockx.shoes WHERE shoesname = ($1)',\n  duration: '4ms' }","time":"2019-12-04T20:35:42.116Z","v":0}
{"name":"bunyan-log","hostname":"Huy-PC","pid":13688,"level":50,"msg":"ERROR: This shoes entry already exists","time":"2019-12-04T20:35:42.116Z","v":0}
{"name":"bunyan-log","hostname":"Huy-PC","pid":13688,"level":30,"msg":"executed query { q:\n   'SELECT shoes_id, shoesname, size_data, true_to_size_calculation FROM stockx.shoes WHERE shoesname = ($1)',\n  duration: '3ms' }","time":"2019-12-04T20:35:42.124Z","v":0}
{"name":"bunyan-log","hostname":"Huy-PC","pid":13688,"level":50,"msg":"ERROR: This shoes entry doesn't exist","time":"2019-12-04T20:35:42.124Z","v":0}
{"name":"bunyan-log","hostname":"Huy-PC","pid":13688,"level":30,"msg":"executed query { q:\n   'SELECT shoes_id, shoesname, size_data, true_to_size_calculation FROM stockx.shoes WHERE shoesname = ($1)',\n  duration: '2ms' }","time":"2019-12-04T20:35:42.127Z","v":0}
{"name":"bunyan-log","hostname":"Huy-PC","pid":13688,"level":30,"msg":"executed query { q: 'DELETE FROM stockx.shoes WHERE shoesname = ($1)',\n  duration: '3ms' }","time":"2019-12-04T20:35:42.130Z","v":0}
{"name":"bunyan-log","hostname":"Huy-PC","pid":9120,"level":30,"msg":"Now accepting connection on port 4000","time":"2019-12-04T20:36:02.153Z","v":0}
{"name":"bunyan-log","hostname":"Huy-PC","pid":9120,"level":30,"msg":"connected to Postgres","time":"2019-12-04T20:36:02.186Z","v":0}
{"name":"bunyan-log","hostname":"Huy-PC","pid":13688,"level":30,"msg":"connected to Postgres","time":"2019-12-04T20:36:04.037Z","v":0}
{"name":"bunyan-log","hostname":"Huy-PC","pid":13688,"level":30,"msg":"executed query { q:\n   'SELECT shoes_id, shoesname, size_data, true_to_size_calculation FROM stockx.shoes WHERE shoesname = ($1)',\n  duration: '136ms' }","time":"2019-12-04T20:36:04.043Z","v":0}
{"name":"bunyan-log","hostname":"Huy-PC","pid":13688,"level":30,"msg":"executed query { q:\n   'INSERT INTO stockx.shoes(shoesname, size_data, true_to_size_calculation) VALUES($1, $2, $3) RETURNING *',\n  duration: '4ms' }","time":"2019-12-04T20:36:04.048Z","v":0}
{"name":"bunyan-log","hostname":"Huy-PC","pid":13688,"level":30,"msg":"Now accepting connection on port 4000","time":"2019-12-04T20:36:04.052Z","v":0}
{"name":"bunyan-log","hostname":"Huy-PC","pid":13688,"level":30,"msg":"executed query { q:\n   'SELECT shoes_id, shoesname, size_data, true_to_size_calculation FROM stockx.shoes WHERE shoesname = ($1)',\n  duration: '3ms' }","time":"2019-12-04T20:36:04.060Z","v":0}
{"name":"bunyan-log","hostname":"Huy-PC","pid":13688,"level":30,"msg":"executed query { q:\n   'SELECT shoes_id, shoesname, size_data, true_to_size_calculation FROM stockx.shoes WHERE shoesname = ($1)',\n  duration: '2ms' }","time":"2019-12-04T20:36:04.075Z","v":0}
{"name":"bunyan-log","hostname":"Huy-PC","pid":13688,"level":30,"msg":"executed query { q: 'SELECT * FROM stockx.users WHERE username = ($1)',\n  duration: '4ms' }","time":"2019-12-04T20:36:04.107Z","v":0}
{"name":"bunyan-log","hostname":"Huy-PC","pid":13688,"level":30,"msg":"USER: [ { user_id: 1,\n    username: 'admin',\n    password:\n     '$2a$10$d.kYimAEe/mdDZXhjyFJxe3UCC7GobtqHBngG5BRi5QU4COOgXkpC' } ]","time":"2019-12-04T20:36:04.108Z","v":0}
{"name":"bunyan-log","hostname":"Huy-PC","pid":13688,"level":30,"msg":"executed query { q:\n   'SELECT shoes_id, shoesname, size_data, true_to_size_calculation FROM stockx.shoes WHERE shoesname = ($1)',\n  duration: '2ms' }","time":"2019-12-04T20:36:04.233Z","v":0}
{"name":"bunyan-log","hostname":"Huy-PC","pid":13688,"level":30,"msg":"executed query { q:\n   'INSERT INTO stockx.shoes(shoesname, size_data, true_to_size_calculation) VALUES($1, $2, $3) RETURNING *',\n  duration: '2ms' }","time":"2019-12-04T20:36:04.235Z","v":0}
{"name":"bunyan-log","hostname":"Huy-PC","pid":13688,"level":30,"msg":"executed query { q: 'SELECT * FROM stockx.users WHERE username = ($1)',\n  duration: '2ms' }","time":"2019-12-04T20:36:04.250Z","v":0}
{"name":"bunyan-log","hostname":"Huy-PC","pid":13688,"level":30,"msg":"USER: []","time":"2019-12-04T20:36:04.250Z","v":0}
{"name":"bunyan-log","hostname":"Huy-PC","pid":13688,"level":30,"msg":"executed query { q:\n   'SELECT shoes_id, shoesname, size_data, true_to_size_calculation FROM stockx.shoes WHERE shoesname = ($1)',\n  duration: '2ms' }","time":"2019-12-04T20:36:04.258Z","v":0}
{"name":"bunyan-log","hostname":"Huy-PC","pid":13688,"level":30,"msg":"executed query { q: 'DELETE FROM stockx.shoes WHERE shoesname = ($1)',\n  duration: '2ms' }","time":"2019-12-04T20:36:04.260Z","v":0}
{"name":"bunyan-log","hostname":"Huy-PC","pid":13688,"level":30,"msg":"executed query { q: 'SELECT * FROM stockx.users WHERE username = ($1)',\n  duration: '5ms' }","time":"2019-12-04T20:36:04.270Z","v":0}
{"name":"bunyan-log","hostname":"Huy-PC","pid":13688,"level":30,"msg":"USER: [ { user_id: 1,\n    username: 'admin',\n    password:\n     '$2a$10$d.kYimAEe/mdDZXhjyFJxe3UCC7GobtqHBngG5BRi5QU4COOgXkpC' } ]","time":"2019-12-04T20:36:04.270Z","v":0}
{"name":"bunyan-log","hostname":"Huy-PC","pid":13688,"level":30,"msg":"executed query { q:\n   'SELECT shoes_id, shoesname, size_data, true_to_size_calculation FROM stockx.shoes WHERE shoesname = ($1)',\n  duration: '15ms' }","time":"2019-12-04T20:36:04.385Z","v":0}
{"name":"bunyan-log","hostname":"Huy-PC","pid":13688,"level":50,"msg":"ERROR: This shoes entry already exists","time":"2019-12-04T20:36:04.386Z","v":0}
{"name":"bunyan-log","hostname":"Huy-PC","pid":13688,"level":30,"msg":"executed query { q:\n   'SELECT shoes_id, shoesname, size_data, true_to_size_calculation FROM stockx.shoes WHERE shoesname = ($1)',\n  duration: '3ms' }","time":"2019-12-04T20:36:04.396Z","v":0}
{"name":"bunyan-log","hostname":"Huy-PC","pid":13688,"level":50,"msg":"ERROR: This shoes entry doesn't exist","time":"2019-12-04T20:36:04.396Z","v":0}
{"name":"bunyan-log","hostname":"Huy-PC","pid":13688,"level":30,"msg":"executed query { q:\n   'SELECT shoes_id, shoesname, size_data, true_to_size_calculation FROM stockx.shoes WHERE shoesname = ($1)',\n  duration: '4ms' }","time":"2019-12-04T20:36:04.400Z","v":0}
{"name":"bunyan-log","hostname":"Huy-PC","pid":13688,"level":30,"msg":"executed query { q: 'DELETE FROM stockx.shoes WHERE shoesname = ($1)',\n  duration: '3ms' }","time":"2019-12-04T20:36:04.404Z","v":0}
{"name":"bunyan-log","hostname":"Huy-PC","pid":2208,"level":30,"msg":"Now accepting connection on port 4000","time":"2019-12-04T20:37:11.003Z","v":0}
{"name":"bunyan-log","hostname":"Huy-PC","pid":2208,"level":30,"msg":"connected to Postgres","time":"2019-12-04T20:37:11.036Z","v":0}
{"name":"bunyan-log","hostname":"Huy-PC","pid":13688,"level":30,"msg":"connected to Postgres","time":"2019-12-04T20:37:12.805Z","v":0}
{"name":"bunyan-log","hostname":"Huy-PC","pid":13688,"level":30,"msg":"executed query { q:\n   'SELECT shoes_id, shoesname, size_data, true_to_size_calculation FROM stockx.shoes WHERE shoesname = ($1)',\n  duration: '97ms' }","time":"2019-12-04T20:37:12.822Z","v":0}
{"name":"bunyan-log","hostname":"Huy-PC","pid":13688,"level":30,"msg":"executed query { q:\n   'INSERT INTO stockx.shoes(shoesname, size_data, true_to_size_calculation) VALUES($1, $2, $3) RETURNING *',\n  duration: '51ms' }","time":"2019-12-04T20:37:12.875Z","v":0}
{"name":"bunyan-log","hostname":"Huy-PC","pid":13688,"level":30,"msg":"Now accepting connection on port 4000","time":"2019-12-04T20:37:12.898Z","v":0}
{"name":"bunyan-log","hostname":"Huy-PC","pid":13688,"level":30,"msg":"executed query { q:\n   'SELECT shoes_id, shoesname, size_data, true_to_size_calculation FROM stockx.shoes WHERE shoesname = ($1)',\n  duration: '3ms' }","time":"2019-12-04T20:37:12.909Z","v":0}
{"name":"bunyan-log","hostname":"Huy-PC","pid":13688,"level":30,"msg":"executed query { q:\n   'SELECT shoes_id, shoesname, size_data, true_to_size_calculation FROM stockx.shoes WHERE shoesname = ($1)',\n  duration: '2ms' }","time":"2019-12-04T20:37:12.931Z","v":0}
{"name":"bunyan-log","hostname":"Huy-PC","pid":13688,"level":30,"msg":"executed query { q: 'SELECT * FROM stockx.users WHERE username = ($1)',\n  duration: '5ms' }","time":"2019-12-04T20:37:12.964Z","v":0}
{"name":"bunyan-log","hostname":"Huy-PC","pid":13688,"level":30,"msg":"USER: [ { user_id: 1,\n    username: 'admin',\n    password:\n     '$2a$10$d.kYimAEe/mdDZXhjyFJxe3UCC7GobtqHBngG5BRi5QU4COOgXkpC' } ]","time":"2019-12-04T20:37:12.964Z","v":0}
{"name":"bunyan-log","hostname":"Huy-PC","pid":13688,"level":30,"msg":"executed query { q:\n   'SELECT shoes_id, shoesname, size_data, true_to_size_calculation FROM stockx.shoes WHERE shoesname = ($1)',\n  duration: '2ms' }","time":"2019-12-04T20:37:13.087Z","v":0}
{"name":"bunyan-log","hostname":"Huy-PC","pid":13688,"level":30,"msg":"executed query { q:\n   'INSERT INTO stockx.shoes(shoesname, size_data, true_to_size_calculation) VALUES($1, $2, $3) RETURNING *',\n  duration: '2ms' }","time":"2019-12-04T20:37:13.090Z","v":0}
{"name":"bunyan-log","hostname":"Huy-PC","pid":13688,"level":30,"msg":"executed query { q:\n   'SELECT shoes_id, shoesname, size_data, true_to_size_calculation FROM stockx.shoes WHERE shoesname = ($1)',\n  duration: '3ms' }","time":"2019-12-04T20:37:13.104Z","v":0}
{"name":"bunyan-log","hostname":"Huy-PC","pid":13688,"level":30,"msg":"executed query { q: 'SELECT * FROM stockx.users WHERE username = ($1)',\n  duration: '2ms' }","time":"2019-12-04T20:37:13.119Z","v":0}
{"name":"bunyan-log","hostname":"Huy-PC","pid":13688,"level":30,"msg":"USER: []","time":"2019-12-04T20:37:13.120Z","v":0}
{"name":"bunyan-log","hostname":"Huy-PC","pid":13688,"level":30,"msg":"executed query { q:\n   'SELECT shoes_id, shoesname, size_data, true_to_size_calculation FROM stockx.shoes WHERE shoesname = ($1)',\n  duration: '3ms' }","time":"2019-12-04T20:37:13.128Z","v":0}
{"name":"bunyan-log","hostname":"Huy-PC","pid":13688,"level":30,"msg":"executed query { q: 'DELETE FROM stockx.shoes WHERE shoesname = ($1)',\n  duration: '5ms' }","time":"2019-12-04T20:37:13.134Z","v":0}
{"name":"bunyan-log","hostname":"Huy-PC","pid":13688,"level":30,"msg":"executed query { q: 'SELECT * FROM stockx.users WHERE username = ($1)',\n  duration: '2ms' }","time":"2019-12-04T20:37:13.143Z","v":0}
{"name":"bunyan-log","hostname":"Huy-PC","pid":13688,"level":30,"msg":"USER: [ { user_id: 1,\n    username: 'admin',\n    password:\n     '$2a$10$d.kYimAEe/mdDZXhjyFJxe3UCC7GobtqHBngG5BRi5QU4COOgXkpC' } ]","time":"2019-12-04T20:37:13.143Z","v":0}
{"name":"bunyan-log","hostname":"Huy-PC","pid":13688,"level":30,"msg":"executed query { q:\n   'SELECT shoes_id, shoesname, size_data, true_to_size_calculation FROM stockx.shoes WHERE shoesname = ($1)',\n  duration: '16ms' }","time":"2019-12-04T20:37:13.259Z","v":0}
{"name":"bunyan-log","hostname":"Huy-PC","pid":13688,"level":50,"msg":"ERROR: This shoes entry already exists","time":"2019-12-04T20:37:13.259Z","v":0}
{"name":"bunyan-log","hostname":"Huy-PC","pid":13688,"level":30,"msg":"executed query { q:\n   'SELECT shoes_id, shoesname, size_data, true_to_size_calculation FROM stockx.shoes WHERE shoesname = ($1)',\n  duration: '4ms' }","time":"2019-12-04T20:37:13.270Z","v":0}
{"name":"bunyan-log","hostname":"Huy-PC","pid":13688,"level":50,"msg":"ERROR: This shoes entry doesn't exist","time":"2019-12-04T20:37:13.270Z","v":0}
{"name":"bunyan-log","hostname":"Huy-PC","pid":13688,"level":30,"msg":"executed query { q:\n   'SELECT shoes_id, shoesname, size_data, true_to_size_calculation FROM stockx.shoes WHERE shoesname = ($1)',\n  duration: '4ms' }","time":"2019-12-04T20:37:13.276Z","v":0}
{"name":"bunyan-log","hostname":"Huy-PC","pid":13688,"level":30,"msg":"executed query { q: 'DELETE FROM stockx.shoes WHERE shoesname = ($1)',\n  duration: '3ms' }","time":"2019-12-04T20:37:13.279Z","v":0}
