{"name":"bunyan-log","hostname":"Huy-PC","pid":14352,"level":50,"err":{"message":"Request failed with status code 422","name":"Error","stack":"Error: Request failed with status code 422\n    at createError (C:\\Users\\Huy\\Documents\\Code Interview\\Stockx\\node_modules\\axios\\lib\\core\\createError.js:16:15)\n    at settle (C:\\Users\\Huy\\Documents\\Code Interview\\Stockx\\node_modules\\axios\\lib\\core\\settle.js:17:12)\n    at IncomingMessage.handleStreamEnd (C:\\Users\\Huy\\Documents\\Code Interview\\Stockx\\node_modules\\axios\\lib\\adapters\\http.js:237:11)\n    at IncomingMessage.emit (events.js:194:15)\n    at endReadableNT (_stream_readable.js:1125:12)\n    at process._tickCallback (internal/process/next_tick.js:63:19)"},"msg":"Request failed with status code 422","time":"2019-12-05T20:24:33.679Z","v":0}
{"name":"bunyan-log","hostname":"Huy-PC","pid":2428,"level":50,"msg":"ERROR: This shoes entry already exists abc","time":"2019-12-05T20:35:07.788Z","v":0}
{"name":"bunyan-log","hostname":"Huy-PC","pid":2428,"level":50,"msg":"ERROR: This shoes entry already exists efg","time":"2019-12-05T20:35:07.789Z","v":0}
{"name":"bunyan-log","hostname":"Huy-PC","pid":2428,"level":50,"msg":"ERROR: This shoes entry already exists hij","time":"2019-12-05T20:35:07.790Z","v":0}
{"name":"bunyan-log","hostname":"Huy-PC","pid":2428,"level":50,"msg":"ERROR: This shoes entry already exists klm","time":"2019-12-05T20:35:07.792Z","v":0}
{"name":"bunyan-log","hostname":"Huy-PC","pid":2428,"level":50,"msg":"ERROR: This shoes entry already exists nop","time":"2019-12-05T20:35:07.793Z","v":0}
{"name":"bunyan-log","hostname":"Huy-PC","pid":2428,"level":50,"msg":"ERROR: This shoes entry already exists qrs","time":"2019-12-05T20:35:07.795Z","v":0}
{"name":"bunyan-log","hostname":"Huy-PC","pid":2428,"level":50,"msg":"ERROR: This shoes entry already exists tuv","time":"2019-12-05T20:35:07.796Z","v":0}
{"name":"bunyan-log","hostname":"Huy-PC","pid":2428,"level":50,"msg":"ERROR: This shoes entry already exists wx","time":"2019-12-05T20:35:07.798Z","v":0}
{"name":"bunyan-log","hostname":"Huy-PC","pid":2428,"level":50,"msg":"ERROR: This shoes entry already exists yz","time":"2019-12-05T20:35:07.800Z","v":0}
{"name":"bunyan-log","hostname":"Huy-PC","pid":2428,"level":50,"msg":"ERROR: This shoes entry already exists abc","time":"2019-12-05T20:35:12.733Z","v":0}
{"name":"bunyan-log","hostname":"Huy-PC","pid":2428,"level":50,"msg":"ERROR: This shoes entry already exists efg","time":"2019-12-05T20:35:12.735Z","v":0}
{"name":"bunyan-log","hostname":"Huy-PC","pid":2428,"level":50,"msg":"ERROR: This shoes entry already exists hij","time":"2019-12-05T20:35:12.736Z","v":0}
{"name":"bunyan-log","hostname":"Huy-PC","pid":2428,"level":50,"msg":"ERROR: This shoes entry already exists klm","time":"2019-12-05T20:35:12.737Z","v":0}
{"name":"bunyan-log","hostname":"Huy-PC","pid":2428,"level":50,"msg":"ERROR: This shoes entry already exists nop","time":"2019-12-05T20:35:12.738Z","v":0}
{"name":"bunyan-log","hostname":"Huy-PC","pid":2428,"level":50,"msg":"ERROR: This shoes entry already exists qrs","time":"2019-12-05T20:35:12.739Z","v":0}
{"name":"bunyan-log","hostname":"Huy-PC","pid":2428,"level":50,"msg":"ERROR: This shoes entry already exists tuv","time":"2019-12-05T20:35:12.740Z","v":0}
{"name":"bunyan-log","hostname":"Huy-PC","pid":2428,"level":50,"msg":"ERROR: This shoes entry already exists wx","time":"2019-12-05T20:35:12.742Z","v":0}
{"name":"bunyan-log","hostname":"Huy-PC","pid":2428,"level":50,"msg":"ERROR: This shoes entry already exists yz","time":"2019-12-05T20:35:12.743Z","v":0}
{"name":"bunyan-log","hostname":"Huy-PC","pid":2428,"level":50,"msg":"ERROR: This shoes entry already exists abc","time":"2019-12-05T20:35:14.709Z","v":0}
{"name":"bunyan-log","hostname":"Huy-PC","pid":2428,"level":50,"msg":"ERROR: This shoes entry already exists efg","time":"2019-12-05T20:35:14.710Z","v":0}
{"name":"bunyan-log","hostname":"Huy-PC","pid":2428,"level":50,"msg":"ERROR: This shoes entry already exists hij","time":"2019-12-05T20:35:14.712Z","v":0}
{"name":"bunyan-log","hostname":"Huy-PC","pid":2428,"level":50,"msg":"ERROR: This shoes entry already exists klm","time":"2019-12-05T20:35:14.713Z","v":0}
{"name":"bunyan-log","hostname":"Huy-PC","pid":2428,"level":50,"msg":"ERROR: This shoes entry already exists nop","time":"2019-12-05T20:35:14.714Z","v":0}
{"name":"bunyan-log","hostname":"Huy-PC","pid":2428,"level":50,"msg":"ERROR: This shoes entry already exists qrs","time":"2019-12-05T20:35:14.715Z","v":0}
{"name":"bunyan-log","hostname":"Huy-PC","pid":2428,"level":50,"msg":"ERROR: This shoes entry already exists tuv","time":"2019-12-05T20:35:14.716Z","v":0}
{"name":"bunyan-log","hostname":"Huy-PC","pid":2428,"level":50,"msg":"ERROR: This shoes entry already exists wx","time":"2019-12-05T20:35:14.718Z","v":0}
{"name":"bunyan-log","hostname":"Huy-PC","pid":2428,"level":50,"msg":"ERROR: This shoes entry already exists yz","time":"2019-12-05T20:35:14.719Z","v":0}
{"name":"bunyan-log","hostname":"Huy-PC","pid":15676,"level":50,"msg":"ERROR: This shoes entry already exists abc","time":"2019-12-06T01:04:46.293Z","v":0}
{"name":"bunyan-log","hostname":"Huy-PC","pid":15676,"level":50,"msg":"ERROR: This shoes entry already exists abweqc","time":"2019-12-06T01:05:12.553Z","v":0}
{"name":"bunyan-log","hostname":"Huy-PC","pid":15676,"level":50,"msg":"ERROR: This shoes entry already exists abweqc","time":"2019-12-06T01:05:15.197Z","v":0}
{"name":"bunyan-log","hostname":"Huy-PC","pid":15676,"level":50,"msg":"ERROR: This shoes entry already exists abweqc","time":"2019-12-06T01:05:19.179Z","v":0}
{"name":"bunyan-log","hostname":"Huy-PC","pid":12976,"level":50,"msg":"ERROR: This shoes entry already exists abweqc","time":"2019-12-06T01:06:08.520Z","v":0}
{"name":"bunyan-log","hostname":"Huy-PC","pid":12976,"level":50,"msg":"ERROR: This shoes entry already exists abwe2qc","time":"2019-12-06T01:06:20.282Z","v":0}
{"name":"bunyan-log","hostname":"Huy-PC","pid":13956,"level":50,"msg":"ERROR: This shoes entry already exists shoses3wqsad4r2","time":"2019-12-06T01:21:03.564Z","v":0}
{"name":"bunyan-log","hostname":"Huy-PC","pid":13956,"level":50,"msg":"ERROR QUERYING:  ReferenceError: shoesName is not defined\n    at callback (C:\\Users\\Huy\\Documents\\Code Interview\\Stockx\\postgresDB\\index.js:87:24)\n    at callback (C:\\Users\\Huy\\Documents\\Code Interview\\Stockx\\postgresDB\\index.js:56:20)\n    at pgQuery (C:\\Users\\Huy\\Documents\\Code Interview\\Stockx\\postgresDB\\index.js:39:18)\n    at process._tickCallback (internal/process/next_tick.js:68:7)","time":"2019-12-06T01:21:03.573Z","v":0}
{"name":"bunyan-log","hostname":"Huy-PC","pid":13956,"level":50,"msg":"ERROR QUERYING:  ReferenceError: shoesName is not defined\n    at callback (C:\\Users\\Huy\\Documents\\Code Interview\\Stockx\\postgresDB\\index.js:87:24)\n    at callback (C:\\Users\\Huy\\Documents\\Code Interview\\Stockx\\postgresDB\\index.js:56:20)\n    at pgQuery (C:\\Users\\Huy\\Documents\\Code Interview\\Stockx\\postgresDB\\index.js:39:18)\n    at process._tickCallback (internal/process/next_tick.js:68:7)","time":"2019-12-06T01:21:03.881Z","v":0}
{"name":"bunyan-log","hostname":"Huy-PC","pid":13956,"level":50,"msg":"ERROR: This shoes entry already exists shoses3wqsad4r2","time":"2019-12-06T01:21:07.066Z","v":0}
{"name":"bunyan-log","hostname":"Huy-PC","pid":13956,"level":50,"msg":"ERROR QUERYING:  ReferenceError: shoesName is not defined\n    at callback (C:\\Users\\Huy\\Documents\\Code Interview\\Stockx\\postgresDB\\index.js:87:24)\n    at callback (C:\\Users\\Huy\\Documents\\Code Interview\\Stockx\\postgresDB\\index.js:56:20)\n    at pgQuery (C:\\Users\\Huy\\Documents\\Code Interview\\Stockx\\postgresDB\\index.js:39:18)\n    at process._tickCallback (internal/process/next_tick.js:68:7)","time":"2019-12-06T01:21:07.075Z","v":0}
{"name":"bunyan-log","hostname":"Huy-PC","pid":13956,"level":50,"msg":"ERROR: This shoes entry already exists abc","time":"2019-12-06T01:21:07.259Z","v":0}
{"name":"bunyan-log","hostname":"Huy-PC","pid":13956,"level":50,"msg":"ERROR: This shoes entry already exists efg","time":"2019-12-06T01:21:07.263Z","v":0}
{"name":"bunyan-log","hostname":"Huy-PC","pid":13956,"level":50,"msg":"ERROR: This shoes entry already exists hij","time":"2019-12-06T01:21:07.267Z","v":0}
{"name":"bunyan-log","hostname":"Huy-PC","pid":13956,"level":50,"msg":"ERROR: This shoes entry already exists klm","time":"2019-12-06T01:21:07.272Z","v":0}
{"name":"bunyan-log","hostname":"Huy-PC","pid":13956,"level":50,"msg":"ERROR: This shoes entry already exists nop","time":"2019-12-06T01:21:07.276Z","v":0}
{"name":"bunyan-log","hostname":"Huy-PC","pid":13956,"level":50,"msg":"ERROR: This shoes entry already exists qrs","time":"2019-12-06T01:21:07.280Z","v":0}
{"name":"bunyan-log","hostname":"Huy-PC","pid":13956,"level":50,"msg":"ERROR: This shoes entry already exists tuv","time":"2019-12-06T01:21:07.284Z","v":0}
{"name":"bunyan-log","hostname":"Huy-PC","pid":13956,"level":50,"msg":"ERROR: This shoes entry already exists wx","time":"2019-12-06T01:21:07.288Z","v":0}
{"name":"bunyan-log","hostname":"Huy-PC","pid":13956,"level":50,"msg":"ERROR: This shoes entry already exists yz","time":"2019-12-06T01:21:07.292Z","v":0}
{"name":"bunyan-log","hostname":"Huy-PC","pid":13956,"level":50,"msg":"ERROR QUERYING:  ReferenceError: shoesName is not defined\n    at callback (C:\\Users\\Huy\\Documents\\Code Interview\\Stockx\\postgresDB\\index.js:87:24)\n    at callback (C:\\Users\\Huy\\Documents\\Code Interview\\Stockx\\postgresDB\\index.js:56:20)\n    at pgQuery (C:\\Users\\Huy\\Documents\\Code Interview\\Stockx\\postgresDB\\index.js:39:18)\n    at process._tickCallback (internal/process/next_tick.js:68:7)","time":"2019-12-06T01:21:07.320Z","v":0}
{"name":"bunyan-log","hostname":"Huy-PC","pid":14536,"level":50,"msg":"ERROR: This shoes entry already exists shoses3wqsad4r2","time":"2019-12-06T01:39:07.373Z","v":0}
{"name":"bunyan-log","hostname":"Huy-PC","pid":14536,"level":50,"msg":"ERROR QUERYING:  ReferenceError: shoesName is not defined\n    at callback (C:\\Users\\Huy\\Documents\\Code Interview\\Stockx\\postgresDB\\index.js:87:24)\n    at callback (C:\\Users\\Huy\\Documents\\Code Interview\\Stockx\\postgresDB\\index.js:56:20)\n    at pgQuery (C:\\Users\\Huy\\Documents\\Code Interview\\Stockx\\postgresDB\\index.js:39:18)\n    at process._tickCallback (internal/process/next_tick.js:68:7)","time":"2019-12-06T01:39:07.385Z","v":0}
{"name":"bunyan-log","hostname":"Huy-PC","pid":14536,"level":50,"msg":"ERROR QUERYING:  ReferenceError: shoesName is not defined\n    at callback (C:\\Users\\Huy\\Documents\\Code Interview\\Stockx\\postgresDB\\index.js:87:24)\n    at callback (C:\\Users\\Huy\\Documents\\Code Interview\\Stockx\\postgresDB\\index.js:56:20)\n    at pgQuery (C:\\Users\\Huy\\Documents\\Code Interview\\Stockx\\postgresDB\\index.js:39:18)\n    at process._tickCallback (internal/process/next_tick.js:68:7)","time":"2019-12-06T01:39:07.686Z","v":0}
{"name":"bunyan-log","hostname":"Huy-PC","pid":7152,"level":50,"msg":"ERROR: This shoes entry already exists abc","time":"2019-12-06T01:40:01.796Z","v":0}
{"name":"bunyan-log","hostname":"Huy-PC","pid":7152,"level":50,"msg":"ERROR: This shoes entry already exists efg","time":"2019-12-06T01:40:01.797Z","v":0}
{"name":"bunyan-log","hostname":"Huy-PC","pid":7152,"level":50,"msg":"ERROR: This shoes entry already exists hij","time":"2019-12-06T01:40:01.799Z","v":0}
{"name":"bunyan-log","hostname":"Huy-PC","pid":7152,"level":50,"msg":"ERROR: This shoes entry already exists klm","time":"2019-12-06T01:40:01.800Z","v":0}
{"name":"bunyan-log","hostname":"Huy-PC","pid":7152,"level":50,"msg":"ERROR: This shoes entry already exists nop","time":"2019-12-06T01:40:01.801Z","v":0}
{"name":"bunyan-log","hostname":"Huy-PC","pid":7152,"level":50,"msg":"ERROR: This shoes entry already exists qrs","time":"2019-12-06T01:40:01.803Z","v":0}
{"name":"bunyan-log","hostname":"Huy-PC","pid":7152,"level":50,"msg":"ERROR: This shoes entry already exists tuv","time":"2019-12-06T01:40:01.804Z","v":0}
{"name":"bunyan-log","hostname":"Huy-PC","pid":7152,"level":50,"msg":"ERROR: This shoes entry already exists wx","time":"2019-12-06T01:40:01.806Z","v":0}
{"name":"bunyan-log","hostname":"Huy-PC","pid":7152,"level":50,"msg":"ERROR: This shoes entry already exists yz","time":"2019-12-06T01:40:01.808Z","v":0}
{"name":"bunyan-log","hostname":"Huy-PC","pid":7152,"level":50,"msg":"ERROR: This shoes entry already exists abc","time":"2019-12-06T01:41:36.641Z","v":0}
{"name":"bunyan-log","hostname":"Huy-PC","pid":8948,"level":50,"msg":"ERROR: This shoes entry already exists a33bc","time":"2019-12-06T01:44:07.921Z","v":0}
{"name":"bunyan-log","hostname":"Huy-PC","pid":14020,"level":50,"msg":"ERROR: This shoes entry already exists a33bc","time":"2019-12-06T01:44:55.313Z","v":0}
