{"name":"bunyan-log","hostname":"Huy-PC","pid":12412,"level":30,"msg":"Now accepting connection on port 4000","time":"2019-12-05T20:24:30.181Z","v":0}
{"name":"bunyan-log","hostname":"Huy-PC","pid":12412,"level":30,"msg":"connected to Postgres","time":"2019-12-05T20:24:30.220Z","v":0}
{"name":"bunyan-log","hostname":"Huy-PC","pid":14352,"level":50,"err":{"message":"Request failed with status code 422","name":"Error","stack":"Error: Request failed with status code 422\n    at createError (C:\\Users\\Huy\\Documents\\Code Interview\\Stockx\\node_modules\\axios\\lib\\core\\createError.js:16:15)\n    at settle (C:\\Users\\Huy\\Documents\\Code Interview\\Stockx\\node_modules\\axios\\lib\\core\\settle.js:17:12)\n    at IncomingMessage.handleStreamEnd (C:\\Users\\Huy\\Documents\\Code Interview\\Stockx\\node_modules\\axios\\lib\\adapters\\http.js:237:11)\n    at IncomingMessage.emit (events.js:194:15)\n    at endReadableNT (_stream_readable.js:1125:12)\n    at process._tickCallback (internal/process/next_tick.js:63:19)"},"msg":"Request failed with status code 422","time":"2019-12-05T20:24:33.679Z","v":0}
{"name":"bunyan-log","hostname":"Huy-PC","pid":1064,"level":30,"msg":"Now accepting connection on port 4000","time":"2019-12-05T20:26:50.664Z","v":0}
{"name":"bunyan-log","hostname":"Huy-PC","pid":1064,"level":30,"msg":"connected to Postgres","time":"2019-12-05T20:26:50.695Z","v":0}
{"name":"bunyan-log","hostname":"Huy-PC","pid":9044,"level":30,"msg":"Now accepting connection on port 4000","time":"2019-12-05T20:27:40.745Z","v":0}
{"name":"bunyan-log","hostname":"Huy-PC","pid":9044,"level":30,"msg":"connected to Postgres","time":"2019-12-05T20:27:40.781Z","v":0}
{"name":"bunyan-log","hostname":"Huy-PC","pid":12144,"level":30,"msg":"Now accepting connection on port 4000","time":"2019-12-05T20:28:03.846Z","v":0}
{"name":"bunyan-log","hostname":"Huy-PC","pid":12144,"level":30,"msg":"connected to Postgres","time":"2019-12-05T20:28:03.878Z","v":0}
{"name":"bunyan-log","hostname":"Huy-PC","pid":5780,"level":30,"msg":"Now accepting connection on port 4000","time":"2019-12-05T20:28:08.676Z","v":0}
{"name":"bunyan-log","hostname":"Huy-PC","pid":5780,"level":30,"msg":"connected to Postgres","time":"2019-12-05T20:28:08.709Z","v":0}
{"name":"bunyan-log","hostname":"Huy-PC","pid":11480,"level":30,"msg":"Now accepting connection on port 4000","time":"2019-12-05T20:28:26.376Z","v":0}
{"name":"bunyan-log","hostname":"Huy-PC","pid":11480,"level":30,"msg":"connected to Postgres","time":"2019-12-05T20:28:26.409Z","v":0}
{"name":"bunyan-log","hostname":"Huy-PC","pid":13704,"level":30,"msg":"Now accepting connection on port 4000","time":"2019-12-05T20:28:50.968Z","v":0}
{"name":"bunyan-log","hostname":"Huy-PC","pid":13704,"level":30,"msg":"connected to Postgres","time":"2019-12-05T20:28:50.998Z","v":0}
{"name":"bunyan-log","hostname":"Huy-PC","pid":16176,"level":30,"msg":"Now accepting connection on port 4000","time":"2019-12-05T20:30:12.509Z","v":0}
{"name":"bunyan-log","hostname":"Huy-PC","pid":16176,"level":30,"msg":"connected to Postgres","time":"2019-12-05T20:30:12.542Z","v":0}
{"name":"bunyan-log","hostname":"Huy-PC","pid":2488,"level":30,"msg":"Now accepting connection on port 4000","time":"2019-12-05T20:30:27.225Z","v":0}
{"name":"bunyan-log","hostname":"Huy-PC","pid":2488,"level":30,"msg":"connected to Postgres","time":"2019-12-05T20:30:27.258Z","v":0}
{"name":"bunyan-log","hostname":"Huy-PC","pid":5144,"level":30,"msg":"Now accepting connection on port 4000","time":"2019-12-05T20:30:36.315Z","v":0}
{"name":"bunyan-log","hostname":"Huy-PC","pid":5144,"level":30,"msg":"connected to Postgres","time":"2019-12-05T20:30:36.359Z","v":0}
{"name":"bunyan-log","hostname":"Huy-PC","pid":15944,"level":30,"msg":"Now accepting connection on port 4000","time":"2019-12-05T20:31:04.037Z","v":0}
{"name":"bunyan-log","hostname":"Huy-PC","pid":15944,"level":30,"msg":"connected to Postgres","time":"2019-12-05T20:31:04.070Z","v":0}
{"name":"bunyan-log","hostname":"Huy-PC","pid":14380,"level":30,"msg":"Now accepting connection on port 4000","time":"2019-12-05T20:31:17.520Z","v":0}
{"name":"bunyan-log","hostname":"Huy-PC","pid":14380,"level":30,"msg":"connected to Postgres","time":"2019-12-05T20:31:17.552Z","v":0}
{"name":"bunyan-log","hostname":"Huy-PC","pid":14780,"level":30,"msg":"Now accepting connection on port 4000","time":"2019-12-05T20:33:11.835Z","v":0}
{"name":"bunyan-log","hostname":"Huy-PC","pid":14780,"level":30,"msg":"connected to Postgres","time":"2019-12-05T20:33:11.866Z","v":0}
{"name":"bunyan-log","hostname":"Huy-PC","pid":2428,"level":30,"msg":"Now accepting connection on port 4000","time":"2019-12-05T20:33:35.203Z","v":0}
{"name":"bunyan-log","hostname":"Huy-PC","pid":2428,"level":30,"msg":"connected to Postgres","time":"2019-12-05T20:33:35.237Z","v":0}
{"name":"bunyan-log","hostname":"Huy-PC","pid":2428,"level":30,"msg":"executed query { q: 'SELECT * FROM stockx.users WHERE username = ($1)',\n  duration: '63ms',\n  params: [ 'adminsda' ] }","time":"2019-12-05T20:34:23.950Z","v":0}
{"name":"bunyan-log","hostname":"Huy-PC","pid":2428,"level":30,"msg":"USER: []","time":"2019-12-05T20:34:23.951Z","v":0}
{"name":"bunyan-log","hostname":"Huy-PC","pid":2428,"level":30,"msg":"executed query { q: 'SELECT * FROM stockx.users WHERE username = ($1)',\n  duration: '52ms',\n  params: [ 'admin' ] }","time":"2019-12-05T20:34:46.299Z","v":0}
{"name":"bunyan-log","hostname":"Huy-PC","pid":2428,"level":30,"msg":"USER: [ { user_id: 1,\n    username: 'admin',\n    password:\n     '$2a$10$fJUSll2zsWh1xjNHRwv7BOwOjt5kXCHuP9ukJSgYFqtxKW2zw4YkW' } ]","time":"2019-12-05T20:34:46.300Z","v":0}
{"name":"bunyan-log","hostname":"Huy-PC","pid":2428,"level":30,"msg":"Finish writing stream to client","time":"2019-12-05T20:34:46.484Z","v":0}
{"name":"bunyan-log","hostname":"Huy-PC","pid":2428,"level":30,"msg":"READING STREAM FROM API ENDED","time":"2019-12-05T20:34:46.517Z","v":0}
{"name":"bunyan-log","hostname":"Huy-PC","pid":2428,"level":30,"msg":"executed query { q:\n   'SELECT shoes_id, shoesname, size_data, true_to_size_calculation FROM stockx.shoes WHERE shoesname = ($1)',\n  duration: '4ms',\n  params: [ 'abc' ] }","time":"2019-12-05T20:34:46.521Z","v":0}
{"name":"bunyan-log","hostname":"Huy-PC","pid":2428,"level":30,"msg":"executed query { q:\n   'INSERT INTO stockx.shoes(shoesname, size_data, true_to_size_calculation) VALUES($1, $2, $3) RETURNING *',\n  duration: '11ms',\n  params:\n   [ 'abc',\n     { '1': 1520, '2': 3040, '3': 152, '4': 17784, '5': 0 },\n     3.52027027027027 ] }","time":"2019-12-05T20:34:46.533Z","v":0}
{"name":"bunyan-log","hostname":"Huy-PC","pid":2428,"level":30,"msg":"executed query { q:\n   'SELECT shoes_id, shoesname, size_data, true_to_size_calculation FROM stockx.shoes WHERE shoesname = ($1)',\n  duration: '1ms',\n  params: [ 'efg' ] }","time":"2019-12-05T20:34:46.534Z","v":0}
{"name":"bunyan-log","hostname":"Huy-PC","pid":2428,"level":30,"msg":"executed query { q:\n   'INSERT INTO stockx.shoes(shoesname, size_data, true_to_size_calculation) VALUES($1, $2, $3) RETURNING *',\n  duration: '2ms',\n  params:\n   [ 'efg',\n     { '1': 760, '2': 17480, '3': 1140, '4': 2584, '5': 1520 },\n     2.4304207119741097 ] }","time":"2019-12-05T20:34:46.536Z","v":0}
{"name":"bunyan-log","hostname":"Huy-PC","pid":2428,"level":30,"msg":"executed query { q:\n   'SELECT shoes_id, shoesname, size_data, true_to_size_calculation FROM stockx.shoes WHERE shoesname = ($1)',\n  duration: '1ms',\n  params: [ 'hij' ] }","time":"2019-12-05T20:34:46.537Z","v":0}
{"name":"bunyan-log","hostname":"Huy-PC","pid":2428,"level":30,"msg":"executed query { q:\n   'INSERT INTO stockx.shoes(shoesname, size_data, true_to_size_calculation) VALUES($1, $2, $3) RETURNING *',\n  duration: '1ms',\n  params:\n   [ 'hij',\n     { '1': 1520, '2': 1824, '3': 16340, '4': 2432, '5': 2280 },\n     3.0872274143302176 ] }","time":"2019-12-05T20:34:46.539Z","v":0}
{"name":"bunyan-log","hostname":"Huy-PC","pid":2428,"level":30,"msg":"executed query { q:\n   'SELECT shoes_id, shoesname, size_data, true_to_size_calculation FROM stockx.shoes WHERE shoesname = ($1)',\n  duration: '2ms',\n  params: [ 'klm' ] }","time":"2019-12-05T20:34:46.541Z","v":0}
{"name":"bunyan-log","hostname":"Huy-PC","pid":2428,"level":30,"msg":"executed query { q:\n   'INSERT INTO stockx.shoes(shoesname, size_data, true_to_size_calculation) VALUES($1, $2, $3) RETURNING *',\n  duration: '2ms',\n  params:\n   [ 'klm',\n     { '1': 17708, '2': 3800, '3': 24700, '4': 1824, '5': 3040 },\n     2.386904761904762 ] }","time":"2019-12-05T20:34:46.543Z","v":0}
{"name":"bunyan-log","hostname":"Huy-PC","pid":2428,"level":30,"msg":"executed query { q:\n   'SELECT shoes_id, shoesname, size_data, true_to_size_calculation FROM stockx.shoes WHERE shoesname = ($1)',\n  duration: '1ms',\n  params: [ 'nop' ] }","time":"2019-12-05T20:34:46.545Z","v":0}
{"name":"bunyan-log","hostname":"Huy-PC","pid":2428,"level":30,"msg":"executed query { q:\n   'INSERT INTO stockx.shoes(shoesname, size_data, true_to_size_calculation) VALUES($1, $2, $3) RETURNING *',\n  duration: '1ms',\n  params:\n   [ 'nop',\n     { '1': 17784, '2': 17480, '3': 2660, '4': 1824, '5': 3800 },\n     1.9982547993019195 ] }","time":"2019-12-05T20:34:46.546Z","v":0}
{"name":"bunyan-log","hostname":"Huy-PC","pid":2428,"level":30,"msg":"executed query { q:\n   'SELECT shoes_id, shoesname, size_data, true_to_size_calculation FROM stockx.shoes WHERE shoesname = ($1)',\n  duration: '2ms',\n  params: [ 'qrs' ] }","time":"2019-12-05T20:34:46.548Z","v":0}
{"name":"bunyan-log","hostname":"Huy-PC","pid":2428,"level":30,"msg":"executed query { q:\n   'INSERT INTO stockx.shoes(shoesname, size_data, true_to_size_calculation) VALUES($1, $2, $3) RETURNING *',\n  duration: '1ms',\n  params:\n   [ 'qrs',\n     { '1': 1672, '2': 3116, '3': 10184, '4': 1824, '5': 760 },\n     2.8225108225108224 ] }","time":"2019-12-05T20:34:46.549Z","v":0}
{"name":"bunyan-log","hostname":"Huy-PC","pid":2428,"level":30,"msg":"executed query { q:\n   'SELECT shoes_id, shoesname, size_data, true_to_size_calculation FROM stockx.shoes WHERE shoesname = ($1)',\n  duration: '2ms',\n  params: [ 'tuv' ] }","time":"2019-12-05T20:34:46.551Z","v":0}
{"name":"bunyan-log","hostname":"Huy-PC","pid":2428,"level":30,"msg":"executed query { q:\n   'INSERT INTO stockx.shoes(shoesname, size_data, true_to_size_calculation) VALUES($1, $2, $3) RETURNING *',\n  duration: '2ms',\n  params:\n   [ 'tuv',\n     { '1': 16948, '2': 17784, '3': 1748, '4': 1596, '5': 17480 },\n     2.7277701778385772 ] }","time":"2019-12-05T20:34:46.553Z","v":0}
{"name":"bunyan-log","hostname":"Huy-PC","pid":2428,"level":30,"msg":"executed query { q:\n   'SELECT shoes_id, shoesname, size_data, true_to_size_calculation FROM stockx.shoes WHERE shoesname = ($1)',\n  duration: '1ms',\n  params: [ 'wx' ] }","time":"2019-12-05T20:34:46.554Z","v":0}
{"name":"bunyan-log","hostname":"Huy-PC","pid":2428,"level":30,"msg":"executed query { q:\n   'INSERT INTO stockx.shoes(shoesname, size_data, true_to_size_calculation) VALUES($1, $2, $3) RETURNING *',\n  duration: '1ms',\n  params:\n   [ 'wx',\n     { '1': 304, '2': 1824, '3': 17784, '4': 2584, '5': 2280 },\n     3.190184049079754 ] }","time":"2019-12-05T20:34:46.555Z","v":0}
{"name":"bunyan-log","hostname":"Huy-PC","pid":2428,"level":30,"msg":"executed query { q:\n   'SELECT shoes_id, shoesname, size_data, true_to_size_calculation FROM stockx.shoes WHERE shoesname = ($1)',\n  duration: '2ms',\n  params: [ 'yz' ] }","time":"2019-12-05T20:34:46.557Z","v":0}
{"name":"bunyan-log","hostname":"Huy-PC","pid":2428,"level":30,"msg":"executed query { q:\n   'INSERT INTO stockx.shoes(shoesname, size_data, true_to_size_calculation) VALUES($1, $2, $3) RETURNING *',\n  duration: '2ms',\n  params:\n   [ 'yz',\n     { '1': 0, '2': 40432, '3': 380, '4': 380, '5': 1520 },\n     2.1334519572953736 ] }","time":"2019-12-05T20:34:46.559Z","v":0}
{"name":"bunyan-log","hostname":"Huy-PC","pid":2428,"level":30,"msg":"executed query { q: 'SELECT * FROM stockx.users WHERE username = ($1)',\n  duration: '47ms',\n  params: [ 'admin' ] }","time":"2019-12-05T20:34:54.800Z","v":0}
{"name":"bunyan-log","hostname":"Huy-PC","pid":2428,"level":30,"msg":"USER: [ { user_id: 1,\n    username: 'admin',\n    password:\n     '$2a$10$fJUSll2zsWh1xjNHRwv7BOwOjt5kXCHuP9ukJSgYFqtxKW2zw4YkW' } ]","time":"2019-12-05T20:34:54.800Z","v":0}
{"name":"bunyan-log","hostname":"Huy-PC","pid":2428,"level":30,"msg":"executed query { q: 'SELECT * FROM stockx.users WHERE username = ($1)',\n  duration: '44ms',\n  params: [ 'admin' ] }","time":"2019-12-05T20:35:07.622Z","v":0}
{"name":"bunyan-log","hostname":"Huy-PC","pid":2428,"level":30,"msg":"USER: [ { user_id: 1,\n    username: 'admin',\n    password:\n     '$2a$10$fJUSll2zsWh1xjNHRwv7BOwOjt5kXCHuP9ukJSgYFqtxKW2zw4YkW' } ]","time":"2019-12-05T20:35:07.622Z","v":0}
{"name":"bunyan-log","hostname":"Huy-PC","pid":2428,"level":30,"msg":"Finish writing stream to client","time":"2019-12-05T20:35:07.773Z","v":0}
{"name":"bunyan-log","hostname":"Huy-PC","pid":2428,"level":30,"msg":"READING STREAM FROM API ENDED","time":"2019-12-05T20:35:07.785Z","v":0}
{"name":"bunyan-log","hostname":"Huy-PC","pid":2428,"level":30,"msg":"executed query { q:\n   'SELECT shoes_id, shoesname, size_data, true_to_size_calculation FROM stockx.shoes WHERE shoesname = ($1)',\n  duration: '3ms',\n  params: [ 'abc' ] }","time":"2019-12-05T20:35:07.788Z","v":0}
{"name":"bunyan-log","hostname":"Huy-PC","pid":2428,"level":50,"msg":"ERROR: This shoes entry already exists abc","time":"2019-12-05T20:35:07.788Z","v":0}
{"name":"bunyan-log","hostname":"Huy-PC","pid":2428,"level":30,"msg":"executed query { q:\n   'SELECT shoes_id, shoesname, size_data, true_to_size_calculation FROM stockx.shoes WHERE shoesname = ($1)',\n  duration: '1ms',\n  params: [ 'efg' ] }","time":"2019-12-05T20:35:07.789Z","v":0}
{"name":"bunyan-log","hostname":"Huy-PC","pid":2428,"level":50,"msg":"ERROR: This shoes entry already exists efg","time":"2019-12-05T20:35:07.789Z","v":0}
{"name":"bunyan-log","hostname":"Huy-PC","pid":2428,"level":30,"msg":"executed query { q:\n   'SELECT shoes_id, shoesname, size_data, true_to_size_calculation FROM stockx.shoes WHERE shoesname = ($1)',\n  duration: '1ms',\n  params: [ 'hij' ] }","time":"2019-12-05T20:35:07.790Z","v":0}
{"name":"bunyan-log","hostname":"Huy-PC","pid":2428,"level":50,"msg":"ERROR: This shoes entry already exists hij","time":"2019-12-05T20:35:07.790Z","v":0}
{"name":"bunyan-log","hostname":"Huy-PC","pid":2428,"level":30,"msg":"executed query { q:\n   'SELECT shoes_id, shoesname, size_data, true_to_size_calculation FROM stockx.shoes WHERE shoesname = ($1)',\n  duration: '1ms',\n  params: [ 'klm' ] }","time":"2019-12-05T20:35:07.792Z","v":0}
{"name":"bunyan-log","hostname":"Huy-PC","pid":2428,"level":50,"msg":"ERROR: This shoes entry already exists klm","time":"2019-12-05T20:35:07.792Z","v":0}
{"name":"bunyan-log","hostname":"Huy-PC","pid":2428,"level":30,"msg":"executed query { q:\n   'SELECT shoes_id, shoesname, size_data, true_to_size_calculation FROM stockx.shoes WHERE shoesname = ($1)',\n  duration: '1ms',\n  params: [ 'nop' ] }","time":"2019-12-05T20:35:07.793Z","v":0}
{"name":"bunyan-log","hostname":"Huy-PC","pid":2428,"level":50,"msg":"ERROR: This shoes entry already exists nop","time":"2019-12-05T20:35:07.793Z","v":0}
{"name":"bunyan-log","hostname":"Huy-PC","pid":2428,"level":30,"msg":"executed query { q:\n   'SELECT shoes_id, shoesname, size_data, true_to_size_calculation FROM stockx.shoes WHERE shoesname = ($1)',\n  duration: '1ms',\n  params: [ 'qrs' ] }","time":"2019-12-05T20:35:07.795Z","v":0}
{"name":"bunyan-log","hostname":"Huy-PC","pid":2428,"level":50,"msg":"ERROR: This shoes entry already exists qrs","time":"2019-12-05T20:35:07.795Z","v":0}
{"name":"bunyan-log","hostname":"Huy-PC","pid":2428,"level":30,"msg":"executed query { q:\n   'SELECT shoes_id, shoesname, size_data, true_to_size_calculation FROM stockx.shoes WHERE shoesname = ($1)',\n  duration: '1ms',\n  params: [ 'tuv' ] }","time":"2019-12-05T20:35:07.796Z","v":0}
{"name":"bunyan-log","hostname":"Huy-PC","pid":2428,"level":50,"msg":"ERROR: This shoes entry already exists tuv","time":"2019-12-05T20:35:07.796Z","v":0}
{"name":"bunyan-log","hostname":"Huy-PC","pid":2428,"level":30,"msg":"executed query { q:\n   'SELECT shoes_id, shoesname, size_data, true_to_size_calculation FROM stockx.shoes WHERE shoesname = ($1)',\n  duration: '2ms',\n  params: [ 'wx' ] }","time":"2019-12-05T20:35:07.798Z","v":0}
{"name":"bunyan-log","hostname":"Huy-PC","pid":2428,"level":50,"msg":"ERROR: This shoes entry already exists wx","time":"2019-12-05T20:35:07.798Z","v":0}
{"name":"bunyan-log","hostname":"Huy-PC","pid":2428,"level":30,"msg":"executed query { q:\n   'SELECT shoes_id, shoesname, size_data, true_to_size_calculation FROM stockx.shoes WHERE shoesname = ($1)',\n  duration: '2ms',\n  params: [ 'yz' ] }","time":"2019-12-05T20:35:07.800Z","v":0}
{"name":"bunyan-log","hostname":"Huy-PC","pid":2428,"level":50,"msg":"ERROR: This shoes entry already exists yz","time":"2019-12-05T20:35:07.800Z","v":0}
{"name":"bunyan-log","hostname":"Huy-PC","pid":2428,"level":30,"msg":"executed query { q: 'SELECT * FROM stockx.users WHERE username = ($1)',\n  duration: '38ms',\n  params: [ 'admin' ] }","time":"2019-12-05T20:35:11.038Z","v":0}
{"name":"bunyan-log","hostname":"Huy-PC","pid":2428,"level":30,"msg":"USER: [ { user_id: 1,\n    username: 'admin',\n    password:\n     '$2a$10$fJUSll2zsWh1xjNHRwv7BOwOjt5kXCHuP9ukJSgYFqtxKW2zw4YkW' } ]","time":"2019-12-05T20:35:11.038Z","v":0}
{"name":"bunyan-log","hostname":"Huy-PC","pid":2428,"level":30,"msg":"executed query { q: 'SELECT * FROM stockx.users WHERE username = ($1)',\n  duration: '2ms',\n  params: [ 'admin' ] }","time":"2019-12-05T20:35:12.578Z","v":0}
{"name":"bunyan-log","hostname":"Huy-PC","pid":2428,"level":30,"msg":"USER: [ { user_id: 1,\n    username: 'admin',\n    password:\n     '$2a$10$fJUSll2zsWh1xjNHRwv7BOwOjt5kXCHuP9ukJSgYFqtxKW2zw4YkW' } ]","time":"2019-12-05T20:35:12.578Z","v":0}
{"name":"bunyan-log","hostname":"Huy-PC","pid":2428,"level":30,"msg":"Finish writing stream to client","time":"2019-12-05T20:35:12.723Z","v":0}
{"name":"bunyan-log","hostname":"Huy-PC","pid":2428,"level":30,"msg":"READING STREAM FROM API ENDED","time":"2019-12-05T20:35:12.731Z","v":0}
{"name":"bunyan-log","hostname":"Huy-PC","pid":2428,"level":30,"msg":"executed query { q:\n   'SELECT shoes_id, shoesname, size_data, true_to_size_calculation FROM stockx.shoes WHERE shoesname = ($1)',\n  duration: '2ms',\n  params: [ 'abc' ] }","time":"2019-12-05T20:35:12.733Z","v":0}
{"name":"bunyan-log","hostname":"Huy-PC","pid":2428,"level":50,"msg":"ERROR: This shoes entry already exists abc","time":"2019-12-05T20:35:12.733Z","v":0}
{"name":"bunyan-log","hostname":"Huy-PC","pid":2428,"level":30,"msg":"executed query { q:\n   'SELECT shoes_id, shoesname, size_data, true_to_size_calculation FROM stockx.shoes WHERE shoesname = ($1)',\n  duration: '1ms',\n  params: [ 'efg' ] }","time":"2019-12-05T20:35:12.734Z","v":0}
{"name":"bunyan-log","hostname":"Huy-PC","pid":2428,"level":50,"msg":"ERROR: This shoes entry already exists efg","time":"2019-12-05T20:35:12.735Z","v":0}
{"name":"bunyan-log","hostname":"Huy-PC","pid":2428,"level":30,"msg":"executed query { q:\n   'SELECT shoes_id, shoesname, size_data, true_to_size_calculation FROM stockx.shoes WHERE shoesname = ($1)',\n  duration: '1ms',\n  params: [ 'hij' ] }","time":"2019-12-05T20:35:12.736Z","v":0}
{"name":"bunyan-log","hostname":"Huy-PC","pid":2428,"level":50,"msg":"ERROR: This shoes entry already exists hij","time":"2019-12-05T20:35:12.736Z","v":0}
{"name":"bunyan-log","hostname":"Huy-PC","pid":2428,"level":30,"msg":"executed query { q:\n   'SELECT shoes_id, shoesname, size_data, true_to_size_calculation FROM stockx.shoes WHERE shoesname = ($1)',\n  duration: '1ms',\n  params: [ 'klm' ] }","time":"2019-12-05T20:35:12.737Z","v":0}
{"name":"bunyan-log","hostname":"Huy-PC","pid":2428,"level":50,"msg":"ERROR: This shoes entry already exists klm","time":"2019-12-05T20:35:12.737Z","v":0}
{"name":"bunyan-log","hostname":"Huy-PC","pid":2428,"level":30,"msg":"executed query { q:\n   'SELECT shoes_id, shoesname, size_data, true_to_size_calculation FROM stockx.shoes WHERE shoesname = ($1)',\n  duration: '1ms',\n  params: [ 'nop' ] }","time":"2019-12-05T20:35:12.738Z","v":0}
{"name":"bunyan-log","hostname":"Huy-PC","pid":2428,"level":50,"msg":"ERROR: This shoes entry already exists nop","time":"2019-12-05T20:35:12.738Z","v":0}
{"name":"bunyan-log","hostname":"Huy-PC","pid":2428,"level":30,"msg":"executed query { q:\n   'SELECT shoes_id, shoesname, size_data, true_to_size_calculation FROM stockx.shoes WHERE shoesname = ($1)',\n  duration: '1ms',\n  params: [ 'qrs' ] }","time":"2019-12-05T20:35:12.739Z","v":0}
{"name":"bunyan-log","hostname":"Huy-PC","pid":2428,"level":50,"msg":"ERROR: This shoes entry already exists qrs","time":"2019-12-05T20:35:12.739Z","v":0}
{"name":"bunyan-log","hostname":"Huy-PC","pid":2428,"level":30,"msg":"executed query { q:\n   'SELECT shoes_id, shoesname, size_data, true_to_size_calculation FROM stockx.shoes WHERE shoesname = ($1)',\n  duration: '1ms',\n  params: [ 'tuv' ] }","time":"2019-12-05T20:35:12.740Z","v":0}
{"name":"bunyan-log","hostname":"Huy-PC","pid":2428,"level":50,"msg":"ERROR: This shoes entry already exists tuv","time":"2019-12-05T20:35:12.740Z","v":0}
{"name":"bunyan-log","hostname":"Huy-PC","pid":2428,"level":30,"msg":"executed query { q:\n   'SELECT shoes_id, shoesname, size_data, true_to_size_calculation FROM stockx.shoes WHERE shoesname = ($1)',\n  duration: '0ms',\n  params: [ 'wx' ] }","time":"2019-12-05T20:35:12.741Z","v":0}
{"name":"bunyan-log","hostname":"Huy-PC","pid":2428,"level":50,"msg":"ERROR: This shoes entry already exists wx","time":"2019-12-05T20:35:12.742Z","v":0}
{"name":"bunyan-log","hostname":"Huy-PC","pid":2428,"level":30,"msg":"executed query { q:\n   'SELECT shoes_id, shoesname, size_data, true_to_size_calculation FROM stockx.shoes WHERE shoesname = ($1)',\n  duration: '1ms',\n  params: [ 'yz' ] }","time":"2019-12-05T20:35:12.743Z","v":0}
{"name":"bunyan-log","hostname":"Huy-PC","pid":2428,"level":50,"msg":"ERROR: This shoes entry already exists yz","time":"2019-12-05T20:35:12.743Z","v":0}
{"name":"bunyan-log","hostname":"Huy-PC","pid":2428,"level":30,"msg":"executed query { q: 'SELECT * FROM stockx.users WHERE username = ($1)',\n  duration: '2ms',\n  params: [ 'admin' ] }","time":"2019-12-05T20:35:13.709Z","v":0}
{"name":"bunyan-log","hostname":"Huy-PC","pid":2428,"level":30,"msg":"USER: [ { user_id: 1,\n    username: 'admin',\n    password:\n     '$2a$10$fJUSll2zsWh1xjNHRwv7BOwOjt5kXCHuP9ukJSgYFqtxKW2zw4YkW' } ]","time":"2019-12-05T20:35:13.709Z","v":0}
{"name":"bunyan-log","hostname":"Huy-PC","pid":2428,"level":30,"msg":"executed query { q: 'SELECT * FROM stockx.users WHERE username = ($1)',\n  duration: '3ms',\n  params: [ 'admin' ] }","time":"2019-12-05T20:35:14.556Z","v":0}
{"name":"bunyan-log","hostname":"Huy-PC","pid":2428,"level":30,"msg":"USER: [ { user_id: 1,\n    username: 'admin',\n    password:\n     '$2a$10$fJUSll2zsWh1xjNHRwv7BOwOjt5kXCHuP9ukJSgYFqtxKW2zw4YkW' } ]","time":"2019-12-05T20:35:14.556Z","v":0}
{"name":"bunyan-log","hostname":"Huy-PC","pid":2428,"level":30,"msg":"Finish writing stream to client","time":"2019-12-05T20:35:14.706Z","v":0}
{"name":"bunyan-log","hostname":"Huy-PC","pid":2428,"level":30,"msg":"READING STREAM FROM API ENDED","time":"2019-12-05T20:35:14.707Z","v":0}
{"name":"bunyan-log","hostname":"Huy-PC","pid":2428,"level":30,"msg":"executed query { q:\n   'SELECT shoes_id, shoesname, size_data, true_to_size_calculation FROM stockx.shoes WHERE shoesname = ($1)',\n  duration: '1ms',\n  params: [ 'abc' ] }","time":"2019-12-05T20:35:14.709Z","v":0}
{"name":"bunyan-log","hostname":"Huy-PC","pid":2428,"level":50,"msg":"ERROR: This shoes entry already exists abc","time":"2019-12-05T20:35:14.709Z","v":0}
{"name":"bunyan-log","hostname":"Huy-PC","pid":2428,"level":30,"msg":"executed query { q:\n   'SELECT shoes_id, shoesname, size_data, true_to_size_calculation FROM stockx.shoes WHERE shoesname = ($1)',\n  duration: '1ms',\n  params: [ 'efg' ] }","time":"2019-12-05T20:35:14.710Z","v":0}
{"name":"bunyan-log","hostname":"Huy-PC","pid":2428,"level":50,"msg":"ERROR: This shoes entry already exists efg","time":"2019-12-05T20:35:14.710Z","v":0}
{"name":"bunyan-log","hostname":"Huy-PC","pid":2428,"level":30,"msg":"executed query { q:\n   'SELECT shoes_id, shoesname, size_data, true_to_size_calculation FROM stockx.shoes WHERE shoesname = ($1)',\n  duration: '1ms',\n  params: [ 'hij' ] }","time":"2019-12-05T20:35:14.711Z","v":0}
{"name":"bunyan-log","hostname":"Huy-PC","pid":2428,"level":50,"msg":"ERROR: This shoes entry already exists hij","time":"2019-12-05T20:35:14.712Z","v":0}
{"name":"bunyan-log","hostname":"Huy-PC","pid":2428,"level":30,"msg":"executed query { q:\n   'SELECT shoes_id, shoesname, size_data, true_to_size_calculation FROM stockx.shoes WHERE shoesname = ($1)',\n  duration: '1ms',\n  params: [ 'klm' ] }","time":"2019-12-05T20:35:14.713Z","v":0}
{"name":"bunyan-log","hostname":"Huy-PC","pid":2428,"level":50,"msg":"ERROR: This shoes entry already exists klm","time":"2019-12-05T20:35:14.713Z","v":0}
{"name":"bunyan-log","hostname":"Huy-PC","pid":2428,"level":30,"msg":"executed query { q:\n   'SELECT shoes_id, shoesname, size_data, true_to_size_calculation FROM stockx.shoes WHERE shoesname = ($1)',\n  duration: '1ms',\n  params: [ 'nop' ] }","time":"2019-12-05T20:35:14.714Z","v":0}
{"name":"bunyan-log","hostname":"Huy-PC","pid":2428,"level":50,"msg":"ERROR: This shoes entry already exists nop","time":"2019-12-05T20:35:14.714Z","v":0}
{"name":"bunyan-log","hostname":"Huy-PC","pid":2428,"level":30,"msg":"executed query { q:\n   'SELECT shoes_id, shoesname, size_data, true_to_size_calculation FROM stockx.shoes WHERE shoesname = ($1)',\n  duration: '1ms',\n  params: [ 'qrs' ] }","time":"2019-12-05T20:35:14.715Z","v":0}
{"name":"bunyan-log","hostname":"Huy-PC","pid":2428,"level":50,"msg":"ERROR: This shoes entry already exists qrs","time":"2019-12-05T20:35:14.715Z","v":0}
{"name":"bunyan-log","hostname":"Huy-PC","pid":2428,"level":30,"msg":"executed query { q:\n   'SELECT shoes_id, shoesname, size_data, true_to_size_calculation FROM stockx.shoes WHERE shoesname = ($1)',\n  duration: '1ms',\n  params: [ 'tuv' ] }","time":"2019-12-05T20:35:14.716Z","v":0}
{"name":"bunyan-log","hostname":"Huy-PC","pid":2428,"level":50,"msg":"ERROR: This shoes entry already exists tuv","time":"2019-12-05T20:35:14.716Z","v":0}
{"name":"bunyan-log","hostname":"Huy-PC","pid":2428,"level":30,"msg":"executed query { q:\n   'SELECT shoes_id, shoesname, size_data, true_to_size_calculation FROM stockx.shoes WHERE shoesname = ($1)',\n  duration: '0ms',\n  params: [ 'wx' ] }","time":"2019-12-05T20:35:14.718Z","v":0}
{"name":"bunyan-log","hostname":"Huy-PC","pid":2428,"level":50,"msg":"ERROR: This shoes entry already exists wx","time":"2019-12-05T20:35:14.718Z","v":0}
{"name":"bunyan-log","hostname":"Huy-PC","pid":2428,"level":30,"msg":"executed query { q:\n   'SELECT shoes_id, shoesname, size_data, true_to_size_calculation FROM stockx.shoes WHERE shoesname = ($1)',\n  duration: '1ms',\n  params: [ 'yz' ] }","time":"2019-12-05T20:35:14.719Z","v":0}
{"name":"bunyan-log","hostname":"Huy-PC","pid":2428,"level":50,"msg":"ERROR: This shoes entry already exists yz","time":"2019-12-05T20:35:14.719Z","v":0}
{"name":"bunyan-log","hostname":"Huy-PC","pid":10900,"level":30,"msg":"Now accepting connection on port 4000","time":"2019-12-05T20:36:23.823Z","v":0}
{"name":"bunyan-log","hostname":"Huy-PC","pid":10900,"level":30,"msg":"connected to Postgres","time":"2019-12-05T20:36:23.856Z","v":0}
{"name":"bunyan-log","hostname":"Huy-PC","pid":6860,"level":30,"msg":"Now accepting connection on port 4000","time":"2019-12-06T00:31:21.546Z","v":0}
{"name":"bunyan-log","hostname":"Huy-PC","pid":6860,"level":30,"msg":"connected to Postgres","time":"2019-12-06T00:31:21.578Z","v":0}
{"name":"bunyan-log","hostname":"Huy-PC","pid":9036,"level":30,"msg":"Now accepting connection on port 4000","time":"2019-12-06T00:31:24.904Z","v":0}
{"name":"bunyan-log","hostname":"Huy-PC","pid":9036,"level":30,"msg":"connected to Postgres","time":"2019-12-06T00:31:24.938Z","v":0}
{"name":"bunyan-log","hostname":"Huy-PC","pid":12556,"level":30,"msg":"Now accepting connection on port 4000","time":"2019-12-06T00:59:01.629Z","v":0}
{"name":"bunyan-log","hostname":"Huy-PC","pid":12556,"level":30,"msg":"connected to Postgres","time":"2019-12-06T00:59:01.667Z","v":0}
{"name":"bunyan-log","hostname":"Huy-PC","pid":2548,"level":30,"msg":"Now accepting connection on port 4000","time":"2019-12-06T01:01:32.309Z","v":0}
{"name":"bunyan-log","hostname":"Huy-PC","pid":2548,"level":30,"msg":"connected to Postgres","time":"2019-12-06T01:01:32.341Z","v":0}
{"name":"bunyan-log","hostname":"Huy-PC","pid":16240,"level":30,"msg":"Now accepting connection on port 4000","time":"2019-12-06T01:01:45.767Z","v":0}
{"name":"bunyan-log","hostname":"Huy-PC","pid":16240,"level":30,"msg":"connected to Postgres","time":"2019-12-06T01:01:45.800Z","v":0}
{"name":"bunyan-log","hostname":"Huy-PC","pid":5408,"level":30,"msg":"Now accepting connection on port 4000","time":"2019-12-06T01:02:07.396Z","v":0}
{"name":"bunyan-log","hostname":"Huy-PC","pid":5408,"level":30,"msg":"connected to Postgres","time":"2019-12-06T01:02:07.428Z","v":0}
{"name":"bunyan-log","hostname":"Huy-PC","pid":14976,"level":30,"msg":"Now accepting connection on port 4000","time":"2019-12-06T01:02:48.713Z","v":0}
{"name":"bunyan-log","hostname":"Huy-PC","pid":14976,"level":30,"msg":"connected to Postgres","time":"2019-12-06T01:02:48.745Z","v":0}
{"name":"bunyan-log","hostname":"Huy-PC","pid":15348,"level":30,"msg":"Now accepting connection on port 4000","time":"2019-12-06T01:03:49.135Z","v":0}
{"name":"bunyan-log","hostname":"Huy-PC","pid":15348,"level":30,"msg":"connected to Postgres","time":"2019-12-06T01:03:49.166Z","v":0}
{"name":"bunyan-log","hostname":"Huy-PC","pid":15676,"level":30,"msg":"Now accepting connection on port 4000","time":"2019-12-06T01:04:12.018Z","v":0}
{"name":"bunyan-log","hostname":"Huy-PC","pid":15676,"level":30,"msg":"connected to Postgres","time":"2019-12-06T01:04:12.049Z","v":0}
{"name":"bunyan-log","hostname":"Huy-PC","pid":15676,"level":30,"msg":"executed query { q: 'SELECT * FROM stockx.users WHERE username = ($1)',\n  duration: '61ms',\n  params: [ 'admin' ] }","time":"2019-12-06T01:04:46.155Z","v":0}
{"name":"bunyan-log","hostname":"Huy-PC","pid":15676,"level":30,"msg":"USER: [ { user_id: 1,\n    username: 'admin',\n    password:\n     '$2a$10$fJUSll2zsWh1xjNHRwv7BOwOjt5kXCHuP9ukJSgYFqtxKW2zw4YkW' } ]","time":"2019-12-06T01:04:46.155Z","v":0}
{"name":"bunyan-log","hostname":"Huy-PC","pid":15676,"level":30,"msg":"executed query { q:\n   'SELECT shoes_id, shoesname, size_data, true_to_size_calculation FROM stockx.shoes WHERE shoesname = ($1)',\n  duration: '7ms',\n  params: [ 'abc' ] }","time":"2019-12-06T01:04:46.293Z","v":0}
{"name":"bunyan-log","hostname":"Huy-PC","pid":15676,"level":50,"msg":"ERROR: This shoes entry already exists abc","time":"2019-12-06T01:04:46.293Z","v":0}
{"name":"bunyan-log","hostname":"Huy-PC","pid":15676,"level":30,"msg":"executed query { q: 'SELECT * FROM stockx.users WHERE username = ($1)',\n  duration: '47ms',\n  params: [ 'admin' ] }","time":"2019-12-06T01:05:01.791Z","v":0}
{"name":"bunyan-log","hostname":"Huy-PC","pid":15676,"level":30,"msg":"USER: [ { user_id: 1,\n    username: 'admin',\n    password:\n     '$2a$10$fJUSll2zsWh1xjNHRwv7BOwOjt5kXCHuP9ukJSgYFqtxKW2zw4YkW' } ]","time":"2019-12-06T01:05:01.791Z","v":0}
{"name":"bunyan-log","hostname":"Huy-PC","pid":15676,"level":30,"msg":"executed query { q:\n   'SELECT shoes_id, shoesname, size_data, true_to_size_calculation FROM stockx.shoes WHERE shoesname = ($1)',\n  duration: '2ms',\n  params: [ 'abweqc' ] }","time":"2019-12-06T01:05:01.902Z","v":0}
{"name":"bunyan-log","hostname":"Huy-PC","pid":15676,"level":30,"msg":"executed query { q:\n   'INSERT INTO stockx.shoes(shoesname, size_data, true_to_size_calculation) VALUES($1, $2, $3) RETURNING *',\n  duration: '14ms',\n  params: [ 'abweqc', {}, 3.52027 ] }","time":"2019-12-06T01:05:01.916Z","v":0}
{"name":"bunyan-log","hostname":"Huy-PC","pid":15676,"level":30,"msg":"executed query { q: 'SELECT * FROM stockx.users WHERE username = ($1)',\n  duration: '43ms',\n  params: [ 'admin' ] }","time":"2019-12-06T01:05:12.442Z","v":0}
{"name":"bunyan-log","hostname":"Huy-PC","pid":15676,"level":30,"msg":"USER: [ { user_id: 1,\n    username: 'admin',\n    password:\n     '$2a$10$fJUSll2zsWh1xjNHRwv7BOwOjt5kXCHuP9ukJSgYFqtxKW2zw4YkW' } ]","time":"2019-12-06T01:05:12.442Z","v":0}
{"name":"bunyan-log","hostname":"Huy-PC","pid":15676,"level":30,"msg":"executed query { q:\n   'SELECT shoes_id, shoesname, size_data, true_to_size_calculation FROM stockx.shoes WHERE shoesname = ($1)',\n  duration: '2ms',\n  params: [ 'abweqc' ] }","time":"2019-12-06T01:05:12.553Z","v":0}
{"name":"bunyan-log","hostname":"Huy-PC","pid":15676,"level":50,"msg":"ERROR: This shoes entry already exists abweqc","time":"2019-12-06T01:05:12.553Z","v":0}
{"name":"bunyan-log","hostname":"Huy-PC","pid":15676,"level":30,"msg":"executed query { q: 'SELECT * FROM stockx.users WHERE username = ($1)',\n  duration: '1ms',\n  params: [ 'admin' ] }","time":"2019-12-06T01:05:15.087Z","v":0}
{"name":"bunyan-log","hostname":"Huy-PC","pid":15676,"level":30,"msg":"USER: [ { user_id: 1,\n    username: 'admin',\n    password:\n     '$2a$10$fJUSll2zsWh1xjNHRwv7BOwOjt5kXCHuP9ukJSgYFqtxKW2zw4YkW' } ]","time":"2019-12-06T01:05:15.087Z","v":0}
{"name":"bunyan-log","hostname":"Huy-PC","pid":15676,"level":30,"msg":"executed query { q:\n   'SELECT shoes_id, shoesname, size_data, true_to_size_calculation FROM stockx.shoes WHERE shoesname = ($1)',\n  duration: '7ms',\n  params: [ 'abweqc' ] }","time":"2019-12-06T01:05:15.197Z","v":0}
{"name":"bunyan-log","hostname":"Huy-PC","pid":15676,"level":50,"msg":"ERROR: This shoes entry already exists abweqc","time":"2019-12-06T01:05:15.197Z","v":0}
{"name":"bunyan-log","hostname":"Huy-PC","pid":15676,"level":30,"msg":"executed query { q: 'SELECT * FROM stockx.users WHERE username = ($1)',\n  duration: '51ms',\n  params: [ 'admin' ] }","time":"2019-12-06T01:05:19.067Z","v":0}
{"name":"bunyan-log","hostname":"Huy-PC","pid":15676,"level":30,"msg":"USER: [ { user_id: 1,\n    username: 'admin',\n    password:\n     '$2a$10$fJUSll2zsWh1xjNHRwv7BOwOjt5kXCHuP9ukJSgYFqtxKW2zw4YkW' } ]","time":"2019-12-06T01:05:19.067Z","v":0}
{"name":"bunyan-log","hostname":"Huy-PC","pid":15676,"level":30,"msg":"executed query { q:\n   'SELECT shoes_id, shoesname, size_data, true_to_size_calculation FROM stockx.shoes WHERE shoesname = ($1)',\n  duration: '2ms',\n  params: [ 'abweqc' ] }","time":"2019-12-06T01:05:19.179Z","v":0}
{"name":"bunyan-log","hostname":"Huy-PC","pid":15676,"level":50,"msg":"ERROR: This shoes entry already exists abweqc","time":"2019-12-06T01:05:19.179Z","v":0}
{"name":"bunyan-log","hostname":"Huy-PC","pid":1184,"level":30,"msg":"Now accepting connection on port 4000","time":"2019-12-06T01:05:51.309Z","v":0}
{"name":"bunyan-log","hostname":"Huy-PC","pid":1184,"level":30,"msg":"connected to Postgres","time":"2019-12-06T01:05:51.341Z","v":0}
{"name":"bunyan-log","hostname":"Huy-PC","pid":12976,"level":30,"msg":"Now accepting connection on port 4000","time":"2019-12-06T01:06:01.876Z","v":0}
{"name":"bunyan-log","hostname":"Huy-PC","pid":12976,"level":30,"msg":"connected to Postgres","time":"2019-12-06T01:06:01.909Z","v":0}
{"name":"bunyan-log","hostname":"Huy-PC","pid":12976,"level":30,"msg":"executed query { q: 'SELECT * FROM stockx.users WHERE username = ($1)',\n  duration: '39ms',\n  params: [ 'admin' ] }","time":"2019-12-06T01:06:08.391Z","v":0}
{"name":"bunyan-log","hostname":"Huy-PC","pid":12976,"level":30,"msg":"USER: [ { user_id: 1,\n    username: 'admin',\n    password:\n     '$2a$10$fJUSll2zsWh1xjNHRwv7BOwOjt5kXCHuP9ukJSgYFqtxKW2zw4YkW' } ]","time":"2019-12-06T01:06:08.391Z","v":0}
{"name":"bunyan-log","hostname":"Huy-PC","pid":12976,"level":30,"msg":"executed query { q:\n   'SELECT shoes_id, shoesname, size_data, true_to_size_calculation FROM stockx.shoes WHERE shoesname = ($1)',\n  duration: '3ms',\n  params: [ 'abweqc' ] }","time":"2019-12-06T01:06:08.520Z","v":0}
{"name":"bunyan-log","hostname":"Huy-PC","pid":12976,"level":50,"msg":"ERROR: This shoes entry already exists abweqc","time":"2019-12-06T01:06:08.520Z","v":0}
{"name":"bunyan-log","hostname":"Huy-PC","pid":12976,"level":30,"msg":"executed query { q: 'SELECT * FROM stockx.users WHERE username = ($1)',\n  duration: '39ms',\n  params: [ 'admin' ] }","time":"2019-12-06T01:06:15.866Z","v":0}
{"name":"bunyan-log","hostname":"Huy-PC","pid":12976,"level":30,"msg":"USER: [ { user_id: 1,\n    username: 'admin',\n    password:\n     '$2a$10$fJUSll2zsWh1xjNHRwv7BOwOjt5kXCHuP9ukJSgYFqtxKW2zw4YkW' } ]","time":"2019-12-06T01:06:15.866Z","v":0}
{"name":"bunyan-log","hostname":"Huy-PC","pid":12976,"level":30,"msg":"executed query { q:\n   'SELECT shoes_id, shoesname, size_data, true_to_size_calculation FROM stockx.shoes WHERE shoesname = ($1)',\n  duration: '3ms',\n  params: [ 'abwe2qc' ] }","time":"2019-12-06T01:06:15.972Z","v":0}
{"name":"bunyan-log","hostname":"Huy-PC","pid":12976,"level":30,"msg":"executed query { q:\n   'INSERT INTO stockx.shoes(shoesname, size_data, true_to_size_calculation) VALUES($1, $2, $3) RETURNING *',\n  duration: '4ms',\n  params: [ 'abwe2qc', {}, 3.52027 ] }","time":"2019-12-06T01:06:15.977Z","v":0}
{"name":"bunyan-log","hostname":"Huy-PC","pid":12976,"level":30,"msg":"executed query { q: 'SELECT * FROM stockx.users WHERE username = ($1)',\n  duration: '40ms',\n  params: [ 'admin' ] }","time":"2019-12-06T01:06:20.176Z","v":0}
{"name":"bunyan-log","hostname":"Huy-PC","pid":12976,"level":30,"msg":"USER: [ { user_id: 1,\n    username: 'admin',\n    password:\n     '$2a$10$fJUSll2zsWh1xjNHRwv7BOwOjt5kXCHuP9ukJSgYFqtxKW2zw4YkW' } ]","time":"2019-12-06T01:06:20.176Z","v":0}
{"name":"bunyan-log","hostname":"Huy-PC","pid":12976,"level":30,"msg":"executed query { q:\n   'SELECT shoes_id, shoesname, size_data, true_to_size_calculation FROM stockx.shoes WHERE shoesname = ($1)',\n  duration: '2ms',\n  params: [ 'abwe2qc' ] }","time":"2019-12-06T01:06:20.281Z","v":0}
{"name":"bunyan-log","hostname":"Huy-PC","pid":12976,"level":50,"msg":"ERROR: This shoes entry already exists abwe2qc","time":"2019-12-06T01:06:20.282Z","v":0}
{"name":"bunyan-log","hostname":"Huy-PC","pid":9968,"level":30,"msg":"Now accepting connection on port 4000","time":"2019-12-06T01:07:39.512Z","v":0}
{"name":"bunyan-log","hostname":"Huy-PC","pid":9968,"level":30,"msg":"connected to Postgres","time":"2019-12-06T01:07:39.546Z","v":0}
{"name":"bunyan-log","hostname":"Huy-PC","pid":12448,"level":30,"msg":"Now accepting connection on port 4000","time":"2019-12-06T01:07:47.771Z","v":0}
{"name":"bunyan-log","hostname":"Huy-PC","pid":12448,"level":30,"msg":"connected to Postgres","time":"2019-12-06T01:07:47.802Z","v":0}
{"name":"bunyan-log","hostname":"Huy-PC","pid":12448,"level":30,"msg":"executed query { q: 'SELECT * FROM stockx.users WHERE username = ($1)',\n  duration: '41ms',\n  params: [ 'admin' ] }","time":"2019-12-06T01:08:13.898Z","v":0}
{"name":"bunyan-log","hostname":"Huy-PC","pid":12448,"level":30,"msg":"USER: [ { user_id: 1,\n    username: 'admin',\n    password:\n     '$2a$10$fJUSll2zsWh1xjNHRwv7BOwOjt5kXCHuP9ukJSgYFqtxKW2zw4YkW' } ]","time":"2019-12-06T01:08:13.899Z","v":0}
{"name":"bunyan-log","hostname":"Huy-PC","pid":4840,"level":30,"msg":"Now accepting connection on port 4000","time":"2019-12-06T01:08:46.240Z","v":0}
{"name":"bunyan-log","hostname":"Huy-PC","pid":4840,"level":30,"msg":"connected to Postgres","time":"2019-12-06T01:08:46.271Z","v":0}
{"name":"bunyan-log","hostname":"Huy-PC","pid":4840,"level":30,"msg":"executed query { q: 'SELECT * FROM stockx.users WHERE username = ($1)',\n  duration: '53ms',\n  params: [ 'admin' ] }","time":"2019-12-06T01:08:53.057Z","v":0}
{"name":"bunyan-log","hostname":"Huy-PC","pid":4840,"level":30,"msg":"USER: [ { user_id: 1,\n    username: 'admin',\n    password:\n     '$2a$10$fJUSll2zsWh1xjNHRwv7BOwOjt5kXCHuP9ukJSgYFqtxKW2zw4YkW' } ]","time":"2019-12-06T01:08:53.057Z","v":0}
{"name":"bunyan-log","hostname":"Huy-PC","pid":9480,"level":30,"msg":"Now accepting connection on port 4000","time":"2019-12-06T01:09:45.426Z","v":0}
{"name":"bunyan-log","hostname":"Huy-PC","pid":9480,"level":30,"msg":"connected to Postgres","time":"2019-12-06T01:09:45.459Z","v":0}
{"name":"bunyan-log","hostname":"Huy-PC","pid":9480,"level":30,"msg":"executed query { q: 'SELECT * FROM stockx.users WHERE username = ($1)',\n  duration: '43ms',\n  params: [ 'admin' ] }","time":"2019-12-06T01:09:51.190Z","v":0}
{"name":"bunyan-log","hostname":"Huy-PC","pid":9480,"level":30,"msg":"USER: [ { user_id: 1,\n    username: 'admin',\n    password:\n     '$2a$10$fJUSll2zsWh1xjNHRwv7BOwOjt5kXCHuP9ukJSgYFqtxKW2zw4YkW' } ]","time":"2019-12-06T01:09:51.190Z","v":0}
{"name":"bunyan-log","hostname":"Huy-PC","pid":9480,"level":30,"msg":"executed query { q: 'SELECT * FROM stockx.users WHERE username = ($1)',\n  duration: '33ms',\n  params: [ 'admin' ] }","time":"2019-12-06T01:10:29.344Z","v":0}
{"name":"bunyan-log","hostname":"Huy-PC","pid":9480,"level":30,"msg":"USER: [ { user_id: 1,\n    username: 'admin',\n    password:\n     '$2a$10$fJUSll2zsWh1xjNHRwv7BOwOjt5kXCHuP9ukJSgYFqtxKW2zw4YkW' } ]","time":"2019-12-06T01:10:29.345Z","v":0}
{"name":"bunyan-log","hostname":"Huy-PC","pid":13340,"level":30,"msg":"Now accepting connection on port 4000","time":"2019-12-06T01:16:00.709Z","v":0}
{"name":"bunyan-log","hostname":"Huy-PC","pid":13340,"level":30,"msg":"connected to Postgres","time":"2019-12-06T01:16:00.742Z","v":0}
{"name":"bunyan-log","hostname":"Huy-PC","pid":13340,"level":30,"msg":"executed query { q: 'SELECT * FROM stockx.users WHERE username = ($1)',\n  duration: '53ms',\n  params: [ 'admin' ] }","time":"2019-12-06T01:16:11.013Z","v":0}
{"name":"bunyan-log","hostname":"Huy-PC","pid":13340,"level":30,"msg":"USER: [ { user_id: 1,\n    username: 'admin',\n    password:\n     '$2a$10$fJUSll2zsWh1xjNHRwv7BOwOjt5kXCHuP9ukJSgYFqtxKW2zw4YkW' } ]","time":"2019-12-06T01:16:11.013Z","v":0}
{"name":"bunyan-log","hostname":"Huy-PC","pid":13340,"level":30,"msg":"executed query { q:\n   'SELECT shoes_id, shoesname, size_data, true_to_size_calculation FROM stockx.shoes WHERE shoesname = ($1)',\n  duration: '5ms',\n  params: [ 'abw2e2qc' ] }","time":"2019-12-06T01:16:11.145Z","v":0}
{"name":"bunyan-log","hostname":"Huy-PC","pid":13340,"level":30,"msg":"executed query { q:\n   'INSERT INTO stockx.shoes(shoesname, size_data, true_to_size_calculation) VALUES($1, $2, $3) RETURNING *',\n  duration: '12ms',\n  params: [ 'abw2e2qc', { '1': 200 }, 2131 ] }","time":"2019-12-06T01:16:11.157Z","v":0}
{"name":"bunyan-log","hostname":"Huy-PC","pid":13340,"level":30,"msg":"executed query { q: 'SELECT * FROM stockx.users WHERE username = ($1)',\n  duration: '37ms',\n  params: [ 'admin' ] }","time":"2019-12-06T01:17:18.642Z","v":0}
{"name":"bunyan-log","hostname":"Huy-PC","pid":13340,"level":30,"msg":"USER: [ { user_id: 1,\n    username: 'admin',\n    password:\n     '$2a$10$fJUSll2zsWh1xjNHRwv7BOwOjt5kXCHuP9ukJSgYFqtxKW2zw4YkW' } ]","time":"2019-12-06T01:17:18.642Z","v":0}
{"name":"bunyan-log","hostname":"Huy-PC","pid":13340,"level":30,"msg":"executed query { q: 'SELECT * FROM stockx.users WHERE username = ($1)',\n  duration: '34ms',\n  params: [ 'admin' ] }","time":"2019-12-06T01:17:28.420Z","v":0}
{"name":"bunyan-log","hostname":"Huy-PC","pid":13340,"level":30,"msg":"USER: [ { user_id: 1,\n    username: 'admin',\n    password:\n     '$2a$10$fJUSll2zsWh1xjNHRwv7BOwOjt5kXCHuP9ukJSgYFqtxKW2zw4YkW' } ]","time":"2019-12-06T01:17:28.421Z","v":0}
{"name":"bunyan-log","hostname":"Huy-PC","pid":13340,"level":30,"msg":"executed query { q: 'SELECT * FROM stockx.users WHERE username = ($1)',\n  duration: '38ms',\n  params: [ 'admin' ] }","time":"2019-12-06T01:17:38.199Z","v":0}
{"name":"bunyan-log","hostname":"Huy-PC","pid":13340,"level":30,"msg":"USER: [ { user_id: 1,\n    username: 'admin',\n    password:\n     '$2a$10$fJUSll2zsWh1xjNHRwv7BOwOjt5kXCHuP9ukJSgYFqtxKW2zw4YkW' } ]","time":"2019-12-06T01:17:38.199Z","v":0}
{"name":"bunyan-log","hostname":"Huy-PC","pid":13340,"level":30,"msg":"executed query { q: 'SELECT * FROM stockx.users WHERE username = ($1)',\n  duration: '65ms',\n  params: [ 'admin' ] }","time":"2019-12-06T01:17:56.791Z","v":0}
{"name":"bunyan-log","hostname":"Huy-PC","pid":13340,"level":30,"msg":"USER: [ { user_id: 1,\n    username: 'admin',\n    password:\n     '$2a$10$fJUSll2zsWh1xjNHRwv7BOwOjt5kXCHuP9ukJSgYFqtxKW2zw4YkW' } ]","time":"2019-12-06T01:17:56.791Z","v":0}
{"name":"bunyan-log","hostname":"Huy-PC","pid":8988,"level":30,"msg":"Now accepting connection on port 4000","time":"2019-12-06T01:18:18.402Z","v":0}
{"name":"bunyan-log","hostname":"Huy-PC","pid":8988,"level":30,"msg":"connected to Postgres","time":"2019-12-06T01:18:18.433Z","v":0}
{"name":"bunyan-log","hostname":"Huy-PC","pid":5564,"level":30,"msg":"Now accepting connection on port 4000","time":"2019-12-06T01:19:37.481Z","v":0}
{"name":"bunyan-log","hostname":"Huy-PC","pid":5564,"level":30,"msg":"connected to Postgres","time":"2019-12-06T01:19:37.521Z","v":0}
{"name":"bunyan-log","hostname":"Huy-PC","pid":4280,"level":30,"msg":"Now accepting connection on port 4000","time":"2019-12-06T01:19:43.940Z","v":0}
{"name":"bunyan-log","hostname":"Huy-PC","pid":4280,"level":30,"msg":"connected to Postgres","time":"2019-12-06T01:19:43.973Z","v":0}
{"name":"bunyan-log","hostname":"Huy-PC","pid":16316,"level":30,"msg":"Now accepting connection on port 4000","time":"2019-12-06T01:20:09.459Z","v":0}
{"name":"bunyan-log","hostname":"Huy-PC","pid":16316,"level":30,"msg":"connected to Postgres","time":"2019-12-06T01:20:09.493Z","v":0}
{"name":"bunyan-log","hostname":"Huy-PC","pid":13956,"level":30,"msg":"connected to Postgres","time":"2019-12-06T01:21:03.048Z","v":0}
{"name":"bunyan-log","hostname":"Huy-PC","pid":13956,"level":30,"msg":"executed query { q:\n   'SELECT shoes_id, shoesname, size_data, true_to_size_calculation FROM stockx.shoes WHERE shoesname = ($1)',\n  duration: '454ms',\n  params: [ 'shoses3wqsad4r2' ] }","time":"2019-12-06T01:21:03.088Z","v":0}
{"name":"bunyan-log","hostname":"Huy-PC","pid":13956,"level":30,"msg":"executed query { q:\n   'INSERT INTO stockx.shoes(shoesname, size_data, true_to_size_calculation) VALUES($1, $2, $3) RETURNING *',\n  duration: '11ms',\n  params: [ 'shoses3wqsad4r2', { '1': 30, '2': 20 }, 3 ] }","time":"2019-12-06T01:21:03.100Z","v":0}
{"name":"bunyan-log","hostname":"Huy-PC","pid":13956,"level":30,"msg":"Now accepting connection on port 4000","time":"2019-12-06T01:21:03.110Z","v":0}
{"name":"bunyan-log","hostname":"Huy-PC","pid":13956,"level":30,"msg":"executed query { q:\n   'SELECT shoes_id, shoesname, size_data, true_to_size_calculation FROM stockx.shoes WHERE shoesname = ($1)',\n  duration: '12ms',\n  params: [ 'shoses3wqsad4r2' ] }","time":"2019-12-06T01:21:03.142Z","v":0}
{"name":"bunyan-log","hostname":"Huy-PC","pid":13956,"level":30,"msg":"executed query { q:\n   'SELECT shoes_id, shoesname, size_data, true_to_size_calculation FROM stockx.shoes WHERE shoesname = ($1)',\n  duration: '2ms',\n  params: [ 'shoses3wqsadrwqweqr2' ] }","time":"2019-12-06T01:21:03.175Z","v":0}
{"name":"bunyan-log","hostname":"Huy-PC","pid":13956,"level":30,"msg":"executed query { q: 'SELECT * FROM stockx.users WHERE username = ($1)',\n  duration: '6ms',\n  params: [ 'admin' ] }","time":"2019-12-06T01:21:03.227Z","v":0}
{"name":"bunyan-log","hostname":"Huy-PC","pid":13956,"level":30,"msg":"USER: [ { user_id: 1,\n    username: 'admin',\n    password:\n     '$2a$10$fJUSll2zsWh1xjNHRwv7BOwOjt5kXCHuP9ukJSgYFqtxKW2zw4YkW' } ]","time":"2019-12-06T01:21:03.228Z","v":0}
{"name":"bunyan-log","hostname":"Huy-PC","pid":13956,"level":30,"msg":"executed query { q:\n   'SELECT shoes_id, shoesname, size_data, true_to_size_calculation FROM stockx.shoes WHERE shoesname = ($1)',\n  duration: '7ms',\n  params: [ 'shoses3wqr2' ] }","time":"2019-12-06T01:21:03.382Z","v":0}
{"name":"bunyan-log","hostname":"Huy-PC","pid":13956,"level":30,"msg":"executed query { q:\n   'INSERT INTO stockx.shoes(shoesname, size_data, true_to_size_calculation) VALUES($1, $2, $3) RETURNING *',\n  duration: '6ms',\n  params: [ 'shoses3wqr2', { '1': 20, '2': 30 }, 3 ] }","time":"2019-12-06T01:21:03.388Z","v":0}
{"name":"bunyan-log","hostname":"Huy-PC","pid":13956,"level":30,"msg":"executed query { q:\n   'SELECT shoes_id, shoesname, size_data, true_to_size_calculation FROM stockx.shoes WHERE shoesname = ($1)',\n  duration: '4ms',\n  params: [ 'shoses3wqr2' ] }","time":"2019-12-06T01:21:03.405Z","v":0}
{"name":"bunyan-log","hostname":"Huy-PC","pid":13956,"level":30,"msg":"executed query { q: 'SELECT * FROM stockx.users WHERE username = ($1)',\n  duration: '2ms',\n  params: [ 'admin1' ] }","time":"2019-12-06T01:21:03.422Z","v":0}
{"name":"bunyan-log","hostname":"Huy-PC","pid":13956,"level":30,"msg":"USER: []","time":"2019-12-06T01:21:03.422Z","v":0}
{"name":"bunyan-log","hostname":"Huy-PC","pid":13956,"level":30,"msg":"executed query { q:\n   'SELECT shoes_id, shoesname, size_data, true_to_size_calculation FROM stockx.shoes WHERE shoesname = ($1)',\n  duration: '4ms',\n  params: [ 'shoses3wqr2' ] }","time":"2019-12-06T01:21:03.433Z","v":0}
{"name":"bunyan-log","hostname":"Huy-PC","pid":13956,"level":30,"msg":"executed query { q: 'DELETE FROM stockx.shoes WHERE shoesname = ($1)',\n  duration: '12ms',\n  params: [ 'shoses3wqr2' ] }","time":"2019-12-06T01:21:03.446Z","v":0}
{"name":"bunyan-log","hostname":"Huy-PC","pid":13956,"level":30,"msg":"executed query { q: 'SELECT * FROM stockx.users WHERE username = ($1)',\n  duration: '3ms',\n  params: [ 'admin' ] }","time":"2019-12-06T01:21:03.456Z","v":0}
{"name":"bunyan-log","hostname":"Huy-PC","pid":13956,"level":30,"msg":"USER: [ { user_id: 1,\n    username: 'admin',\n    password:\n     '$2a$10$fJUSll2zsWh1xjNHRwv7BOwOjt5kXCHuP9ukJSgYFqtxKW2zw4YkW' } ]","time":"2019-12-06T01:21:03.457Z","v":0}
{"name":"bunyan-log","hostname":"Huy-PC","pid":13956,"level":30,"msg":"executed query { q:\n   'SELECT shoes_id, shoesname, size_data, true_to_size_calculation FROM stockx.shoes WHERE shoesname = ($1)',\n  duration: '3ms',\n  params: [ 'shoses3wqsad4r2' ] }","time":"2019-12-06T01:21:03.563Z","v":0}
{"name":"bunyan-log","hostname":"Huy-PC","pid":13956,"level":50,"msg":"ERROR: This shoes entry already exists shoses3wqsad4r2","time":"2019-12-06T01:21:03.564Z","v":0}
{"name":"bunyan-log","hostname":"Huy-PC","pid":13956,"level":30,"msg":"executed query { q:\n   'SELECT shoes_id, shoesname, size_data, true_to_size_calculation FROM stockx.shoes WHERE shoesname = ($1)',\n  duration: '3ms',\n  params: [ 'shoses3wqr2' ] }","time":"2019-12-06T01:21:03.572Z","v":0}
{"name":"bunyan-log","hostname":"Huy-PC","pid":13956,"level":50,"msg":"ERROR QUERYING:  ReferenceError: shoesName is not defined\n    at callback (C:\\Users\\Huy\\Documents\\Code Interview\\Stockx\\postgresDB\\index.js:87:24)\n    at callback (C:\\Users\\Huy\\Documents\\Code Interview\\Stockx\\postgresDB\\index.js:56:20)\n    at pgQuery (C:\\Users\\Huy\\Documents\\Code Interview\\Stockx\\postgresDB\\index.js:39:18)\n    at process._tickCallback (internal/process/next_tick.js:68:7)","time":"2019-12-06T01:21:03.573Z","v":0}
{"name":"bunyan-log","hostname":"Huy-PC","pid":13956,"level":30,"msg":"executed query { q: 'SELECT * FROM stockx.users WHERE username = ($1)',\n  duration: '4ms',\n  params: [ 'admin' ] }","time":"2019-12-06T01:21:03.587Z","v":0}
{"name":"bunyan-log","hostname":"Huy-PC","pid":13956,"level":30,"msg":"USER: [ { user_id: 1,\n    username: 'admin',\n    password:\n     '$2a$10$fJUSll2zsWh1xjNHRwv7BOwOjt5kXCHuP9ukJSgYFqtxKW2zw4YkW' } ]","time":"2019-12-06T01:21:03.588Z","v":0}
{"name":"bunyan-log","hostname":"Huy-PC","pid":16316,"level":30,"msg":"Finish writing stream to client","time":"2019-12-06T01:21:03.716Z","v":0}
{"name":"bunyan-log","hostname":"Huy-PC","pid":13956,"level":30,"msg":"READING STREAM FROM API ENDED","time":"2019-12-06T01:21:03.795Z","v":0}
{"name":"bunyan-log","hostname":"Huy-PC","pid":13956,"level":30,"msg":"executed query { q:\n   'SELECT shoes_id, shoesname, size_data, true_to_size_calculation FROM stockx.shoes WHERE shoesname = ($1)',\n  duration: '5ms',\n  params: [ 'abc' ] }","time":"2019-12-06T01:21:03.801Z","v":0}
{"name":"bunyan-log","hostname":"Huy-PC","pid":13956,"level":30,"msg":"executed query { q:\n   'INSERT INTO stockx.shoes(shoesname, size_data, true_to_size_calculation) VALUES($1, $2, $3) RETURNING *',\n  duration: '3ms',\n  params:\n   [ 'abc',\n     { '1': 1520, '2': 3040, '3': 152, '4': 17784, '5': 0 },\n     3.52027027027027 ] }","time":"2019-12-06T01:21:03.804Z","v":0}
{"name":"bunyan-log","hostname":"Huy-PC","pid":13956,"level":30,"msg":"executed query { q:\n   'SELECT shoes_id, shoesname, size_data, true_to_size_calculation FROM stockx.shoes WHERE shoesname = ($1)',\n  duration: '3ms',\n  params: [ 'efg' ] }","time":"2019-12-06T01:21:03.807Z","v":0}
{"name":"bunyan-log","hostname":"Huy-PC","pid":13956,"level":30,"msg":"executed query { q:\n   'INSERT INTO stockx.shoes(shoesname, size_data, true_to_size_calculation) VALUES($1, $2, $3) RETURNING *',\n  duration: '3ms',\n  params:\n   [ 'efg',\n     { '1': 760, '2': 17480, '3': 1140, '4': 2584, '5': 1520 },\n     2.4304207119741097 ] }","time":"2019-12-06T01:21:03.810Z","v":0}
{"name":"bunyan-log","hostname":"Huy-PC","pid":13956,"level":30,"msg":"executed query { q:\n   'SELECT shoes_id, shoesname, size_data, true_to_size_calculation FROM stockx.shoes WHERE shoesname = ($1)',\n  duration: '3ms',\n  params: [ 'hij' ] }","time":"2019-12-06T01:21:03.813Z","v":0}
{"name":"bunyan-log","hostname":"Huy-PC","pid":13956,"level":30,"msg":"executed query { q:\n   'INSERT INTO stockx.shoes(shoesname, size_data, true_to_size_calculation) VALUES($1, $2, $3) RETURNING *',\n  duration: '3ms',\n  params:\n   [ 'hij',\n     { '1': 1520, '2': 1824, '3': 16340, '4': 2432, '5': 2280 },\n     3.0872274143302176 ] }","time":"2019-12-06T01:21:03.816Z","v":0}
{"name":"bunyan-log","hostname":"Huy-PC","pid":13956,"level":30,"msg":"executed query { q:\n   'SELECT shoes_id, shoesname, size_data, true_to_size_calculation FROM stockx.shoes WHERE shoesname = ($1)',\n  duration: '2ms',\n  params: [ 'klm' ] }","time":"2019-12-06T01:21:03.819Z","v":0}
{"name":"bunyan-log","hostname":"Huy-PC","pid":13956,"level":30,"msg":"executed query { q:\n   'INSERT INTO stockx.shoes(shoesname, size_data, true_to_size_calculation) VALUES($1, $2, $3) RETURNING *',\n  duration: '3ms',\n  params:\n   [ 'klm',\n     { '1': 17708, '2': 3800, '3': 24700, '4': 1824, '5': 3040 },\n     2.386904761904762 ] }","time":"2019-12-06T01:21:03.822Z","v":0}
{"name":"bunyan-log","hostname":"Huy-PC","pid":13956,"level":30,"msg":"executed query { q:\n   'SELECT shoes_id, shoesname, size_data, true_to_size_calculation FROM stockx.shoes WHERE shoesname = ($1)',\n  duration: '2ms',\n  params: [ 'nop' ] }","time":"2019-12-06T01:21:03.825Z","v":0}
{"name":"bunyan-log","hostname":"Huy-PC","pid":13956,"level":30,"msg":"executed query { q:\n   'INSERT INTO stockx.shoes(shoesname, size_data, true_to_size_calculation) VALUES($1, $2, $3) RETURNING *',\n  duration: '3ms',\n  params:\n   [ 'nop',\n     { '1': 17784, '2': 17480, '3': 2660, '4': 1824, '5': 3800 },\n     1.9982547993019195 ] }","time":"2019-12-06T01:21:03.829Z","v":0}
{"name":"bunyan-log","hostname":"Huy-PC","pid":13956,"level":30,"msg":"executed query { q:\n   'SELECT shoes_id, shoesname, size_data, true_to_size_calculation FROM stockx.shoes WHERE shoesname = ($1)',\n  duration: '2ms',\n  params: [ 'qrs' ] }","time":"2019-12-06T01:21:03.831Z","v":0}
{"name":"bunyan-log","hostname":"Huy-PC","pid":13956,"level":30,"msg":"executed query { q:\n   'INSERT INTO stockx.shoes(shoesname, size_data, true_to_size_calculation) VALUES($1, $2, $3) RETURNING *',\n  duration: '3ms',\n  params:\n   [ 'qrs',\n     { '1': 1672, '2': 3116, '3': 10184, '4': 1824, '5': 760 },\n     2.8225108225108224 ] }","time":"2019-12-06T01:21:03.835Z","v":0}
{"name":"bunyan-log","hostname":"Huy-PC","pid":13956,"level":30,"msg":"executed query { q:\n   'SELECT shoes_id, shoesname, size_data, true_to_size_calculation FROM stockx.shoes WHERE shoesname = ($1)',\n  duration: '3ms',\n  params: [ 'tuv' ] }","time":"2019-12-06T01:21:03.838Z","v":0}
{"name":"bunyan-log","hostname":"Huy-PC","pid":13956,"level":30,"msg":"executed query { q:\n   'INSERT INTO stockx.shoes(shoesname, size_data, true_to_size_calculation) VALUES($1, $2, $3) RETURNING *',\n  duration: '3ms',\n  params:\n   [ 'tuv',\n     { '1': 16948, '2': 17784, '3': 1748, '4': 1596, '5': 17480 },\n     2.7277701778385772 ] }","time":"2019-12-06T01:21:03.841Z","v":0}
{"name":"bunyan-log","hostname":"Huy-PC","pid":13956,"level":30,"msg":"executed query { q:\n   'SELECT shoes_id, shoesname, size_data, true_to_size_calculation FROM stockx.shoes WHERE shoesname = ($1)',\n  duration: '3ms',\n  params: [ 'wx' ] }","time":"2019-12-06T01:21:03.844Z","v":0}
{"name":"bunyan-log","hostname":"Huy-PC","pid":13956,"level":30,"msg":"executed query { q:\n   'INSERT INTO stockx.shoes(shoesname, size_data, true_to_size_calculation) VALUES($1, $2, $3) RETURNING *',\n  duration: '3ms',\n  params:\n   [ 'wx',\n     { '1': 304, '2': 1824, '3': 17784, '4': 2584, '5': 2280 },\n     3.190184049079754 ] }","time":"2019-12-06T01:21:03.847Z","v":0}
{"name":"bunyan-log","hostname":"Huy-PC","pid":13956,"level":30,"msg":"executed query { q:\n   'SELECT shoes_id, shoesname, size_data, true_to_size_calculation FROM stockx.shoes WHERE shoesname = ($1)',\n  duration: '3ms',\n  params: [ 'yz' ] }","time":"2019-12-06T01:21:03.851Z","v":0}
{"name":"bunyan-log","hostname":"Huy-PC","pid":13956,"level":30,"msg":"executed query { q:\n   'INSERT INTO stockx.shoes(shoesname, size_data, true_to_size_calculation) VALUES($1, $2, $3) RETURNING *',\n  duration: '3ms',\n  params:\n   [ 'yz',\n     { '1': 0, '2': 40432, '3': 380, '4': 380, '5': 1520 },\n     2.1334519572953736 ] }","time":"2019-12-06T01:21:03.854Z","v":0}
{"name":"bunyan-log","hostname":"Huy-PC","pid":13956,"level":30,"msg":"executed query { q:\n   'SELECT shoes_id, shoesname, size_data, true_to_size_calculation FROM stockx.shoes WHERE shoesname = ($1)',\n  duration: '3ms',\n  params: [ 'abc' ] }","time":"2019-12-06T01:21:03.870Z","v":0}
{"name":"bunyan-log","hostname":"Huy-PC","pid":13956,"level":30,"msg":"executed query { q:\n   'SELECT shoes_id, shoesname, size_data, true_to_size_calculation FROM stockx.shoes WHERE shoesname = ($1)',\n  duration: '5ms',\n  params: [ 'shoses3wqr2' ] }","time":"2019-12-06T01:21:03.881Z","v":0}
{"name":"bunyan-log","hostname":"Huy-PC","pid":13956,"level":50,"msg":"ERROR QUERYING:  ReferenceError: shoesName is not defined\n    at callback (C:\\Users\\Huy\\Documents\\Code Interview\\Stockx\\postgresDB\\index.js:87:24)\n    at callback (C:\\Users\\Huy\\Documents\\Code Interview\\Stockx\\postgresDB\\index.js:56:20)\n    at pgQuery (C:\\Users\\Huy\\Documents\\Code Interview\\Stockx\\postgresDB\\index.js:39:18)\n    at process._tickCallback (internal/process/next_tick.js:68:7)","time":"2019-12-06T01:21:03.881Z","v":0}
{"name":"bunyan-log","hostname":"Huy-PC","pid":13956,"level":30,"msg":"executed query { q:\n   'SELECT shoes_id, shoesname, size_data, true_to_size_calculation FROM stockx.shoes WHERE shoesname = ($1)',\n  duration: '6ms',\n  params: [ 'shoses3wqsad4r2' ] }","time":"2019-12-06T01:21:03.888Z","v":0}
{"name":"bunyan-log","hostname":"Huy-PC","pid":13956,"level":30,"msg":"executed query { q: 'DELETE FROM stockx.shoes WHERE shoesname = ($1)',\n  duration: '4ms',\n  params: [ 'shoses3wqsad4r2' ] }","time":"2019-12-06T01:21:03.892Z","v":0}
{"name":"bunyan-log","hostname":"Huy-PC","pid":13956,"level":30,"msg":"connected to Postgres","time":"2019-12-06T01:21:06.686Z","v":0}
{"name":"bunyan-log","hostname":"Huy-PC","pid":13956,"level":30,"msg":"executed query { q:\n   'SELECT shoes_id, shoesname, size_data, true_to_size_calculation FROM stockx.shoes WHERE shoesname = ($1)',\n  duration: '46ms',\n  params: [ 'shoses3wqsad4r2' ] }","time":"2019-12-06T01:21:06.689Z","v":0}
{"name":"bunyan-log","hostname":"Huy-PC","pid":13956,"level":30,"msg":"executed query { q:\n   'INSERT INTO stockx.shoes(shoesname, size_data, true_to_size_calculation) VALUES($1, $2, $3) RETURNING *',\n  duration: '4ms',\n  params: [ 'shoses3wqsad4r2', { '1': 30, '2': 20 }, 3 ] }","time":"2019-12-06T01:21:06.693Z","v":0}
{"name":"bunyan-log","hostname":"Huy-PC","pid":13956,"level":30,"msg":"Now accepting connection on port 4000","time":"2019-12-06T01:21:06.697Z","v":0}
{"name":"bunyan-log","hostname":"Huy-PC","pid":13956,"level":30,"msg":"executed query { q:\n   'SELECT shoes_id, shoesname, size_data, true_to_size_calculation FROM stockx.shoes WHERE shoesname = ($1)',\n  duration: '5ms',\n  params: [ 'shoses3wqsad4r2' ] }","time":"2019-12-06T01:21:06.712Z","v":0}
{"name":"bunyan-log","hostname":"Huy-PC","pid":13956,"level":30,"msg":"executed query { q:\n   'SELECT shoes_id, shoesname, size_data, true_to_size_calculation FROM stockx.shoes WHERE shoesname = ($1)',\n  duration: '3ms',\n  params: [ 'shoses3wqsadrwqweqr2' ] }","time":"2019-12-06T01:21:06.732Z","v":0}
{"name":"bunyan-log","hostname":"Huy-PC","pid":13956,"level":30,"msg":"executed query { q: 'SELECT * FROM stockx.users WHERE username = ($1)',\n  duration: '6ms',\n  params: [ 'admin' ] }","time":"2019-12-06T01:21:06.765Z","v":0}
{"name":"bunyan-log","hostname":"Huy-PC","pid":13956,"level":30,"msg":"USER: [ { user_id: 1,\n    username: 'admin',\n    password:\n     '$2a$10$fJUSll2zsWh1xjNHRwv7BOwOjt5kXCHuP9ukJSgYFqtxKW2zw4YkW' } ]","time":"2019-12-06T01:21:06.765Z","v":0}
{"name":"bunyan-log","hostname":"Huy-PC","pid":13956,"level":30,"msg":"executed query { q:\n   'SELECT shoes_id, shoesname, size_data, true_to_size_calculation FROM stockx.shoes WHERE shoesname = ($1)',\n  duration: '3ms',\n  params: [ 'shoses3wqr2' ] }","time":"2019-12-06T01:21:06.890Z","v":0}
{"name":"bunyan-log","hostname":"Huy-PC","pid":13956,"level":30,"msg":"executed query { q:\n   'INSERT INTO stockx.shoes(shoesname, size_data, true_to_size_calculation) VALUES($1, $2, $3) RETURNING *',\n  duration: '5ms',\n  params: [ 'shoses3wqr2', { '1': 20, '2': 30 }, 3 ] }","time":"2019-12-06T01:21:06.896Z","v":0}
{"name":"bunyan-log","hostname":"Huy-PC","pid":13956,"level":30,"msg":"executed query { q:\n   'SELECT shoes_id, shoesname, size_data, true_to_size_calculation FROM stockx.shoes WHERE shoesname = ($1)',\n  duration: '3ms',\n  params: [ 'shoses3wqr2' ] }","time":"2019-12-06T01:21:06.916Z","v":0}
{"name":"bunyan-log","hostname":"Huy-PC","pid":13956,"level":30,"msg":"executed query { q: 'SELECT * FROM stockx.users WHERE username = ($1)',\n  duration: '3ms',\n  params: [ 'admin1' ] }","time":"2019-12-06T01:21:06.932Z","v":0}
{"name":"bunyan-log","hostname":"Huy-PC","pid":13956,"level":30,"msg":"USER: []","time":"2019-12-06T01:21:06.933Z","v":0}
{"name":"bunyan-log","hostname":"Huy-PC","pid":13956,"level":30,"msg":"executed query { q:\n   'SELECT shoes_id, shoesname, size_data, true_to_size_calculation FROM stockx.shoes WHERE shoesname = ($1)',\n  duration: '4ms',\n  params: [ 'shoses3wqr2' ] }","time":"2019-12-06T01:21:06.942Z","v":0}
{"name":"bunyan-log","hostname":"Huy-PC","pid":13956,"level":30,"msg":"executed query { q: 'DELETE FROM stockx.shoes WHERE shoesname = ($1)',\n  duration: '3ms',\n  params: [ 'shoses3wqr2' ] }","time":"2019-12-06T01:21:06.945Z","v":0}
{"name":"bunyan-log","hostname":"Huy-PC","pid":13956,"level":30,"msg":"executed query { q: 'SELECT * FROM stockx.users WHERE username = ($1)',\n  duration: '4ms',\n  params: [ 'admin' ] }","time":"2019-12-06T01:21:06.957Z","v":0}
{"name":"bunyan-log","hostname":"Huy-PC","pid":13956,"level":30,"msg":"USER: [ { user_id: 1,\n    username: 'admin',\n    password:\n     '$2a$10$fJUSll2zsWh1xjNHRwv7BOwOjt5kXCHuP9ukJSgYFqtxKW2zw4YkW' } ]","time":"2019-12-06T01:21:06.957Z","v":0}
{"name":"bunyan-log","hostname":"Huy-PC","pid":13956,"level":30,"msg":"executed query { q:\n   'SELECT shoes_id, shoesname, size_data, true_to_size_calculation FROM stockx.shoes WHERE shoesname = ($1)',\n  duration: '5ms',\n  params: [ 'shoses3wqsad4r2' ] }","time":"2019-12-06T01:21:07.066Z","v":0}
{"name":"bunyan-log","hostname":"Huy-PC","pid":13956,"level":50,"msg":"ERROR: This shoes entry already exists shoses3wqsad4r2","time":"2019-12-06T01:21:07.066Z","v":0}
{"name":"bunyan-log","hostname":"Huy-PC","pid":13956,"level":30,"msg":"executed query { q:\n   'SELECT shoes_id, shoesname, size_data, true_to_size_calculation FROM stockx.shoes WHERE shoesname = ($1)',\n  duration: '4ms',\n  params: [ 'shoses3wqr2' ] }","time":"2019-12-06T01:21:07.075Z","v":0}
{"name":"bunyan-log","hostname":"Huy-PC","pid":13956,"level":50,"msg":"ERROR QUERYING:  ReferenceError: shoesName is not defined\n    at callback (C:\\Users\\Huy\\Documents\\Code Interview\\Stockx\\postgresDB\\index.js:87:24)\n    at callback (C:\\Users\\Huy\\Documents\\Code Interview\\Stockx\\postgresDB\\index.js:56:20)\n    at pgQuery (C:\\Users\\Huy\\Documents\\Code Interview\\Stockx\\postgresDB\\index.js:39:18)\n    at process._tickCallback (internal/process/next_tick.js:68:7)","time":"2019-12-06T01:21:07.075Z","v":0}
{"name":"bunyan-log","hostname":"Huy-PC","pid":13956,"level":30,"msg":"executed query { q: 'SELECT * FROM stockx.users WHERE username = ($1)',\n  duration: '4ms',\n  params: [ 'admin' ] }","time":"2019-12-06T01:21:07.089Z","v":0}
{"name":"bunyan-log","hostname":"Huy-PC","pid":13956,"level":30,"msg":"USER: [ { user_id: 1,\n    username: 'admin',\n    password:\n     '$2a$10$fJUSll2zsWh1xjNHRwv7BOwOjt5kXCHuP9ukJSgYFqtxKW2zw4YkW' } ]","time":"2019-12-06T01:21:07.089Z","v":0}
{"name":"bunyan-log","hostname":"Huy-PC","pid":16316,"level":30,"msg":"Finish writing stream to client","time":"2019-12-06T01:21:07.199Z","v":0}
{"name":"bunyan-log","hostname":"Huy-PC","pid":13956,"level":30,"msg":"READING STREAM FROM API ENDED","time":"2019-12-06T01:21:07.254Z","v":0}
{"name":"bunyan-log","hostname":"Huy-PC","pid":13956,"level":30,"msg":"executed query { q:\n   'SELECT shoes_id, shoesname, size_data, true_to_size_calculation FROM stockx.shoes WHERE shoesname = ($1)',\n  duration: '4ms',\n  params: [ 'abc' ] }","time":"2019-12-06T01:21:07.258Z","v":0}
{"name":"bunyan-log","hostname":"Huy-PC","pid":13956,"level":50,"msg":"ERROR: This shoes entry already exists abc","time":"2019-12-06T01:21:07.259Z","v":0}
{"name":"bunyan-log","hostname":"Huy-PC","pid":13956,"level":30,"msg":"executed query { q:\n   'SELECT shoes_id, shoesname, size_data, true_to_size_calculation FROM stockx.shoes WHERE shoesname = ($1)',\n  duration: '3ms',\n  params: [ 'efg' ] }","time":"2019-12-06T01:21:07.262Z","v":0}
{"name":"bunyan-log","hostname":"Huy-PC","pid":13956,"level":50,"msg":"ERROR: This shoes entry already exists efg","time":"2019-12-06T01:21:07.263Z","v":0}
{"name":"bunyan-log","hostname":"Huy-PC","pid":13956,"level":30,"msg":"executed query { q:\n   'SELECT shoes_id, shoesname, size_data, true_to_size_calculation FROM stockx.shoes WHERE shoesname = ($1)',\n  duration: '3ms',\n  params: [ 'hij' ] }","time":"2019-12-06T01:21:07.266Z","v":0}
{"name":"bunyan-log","hostname":"Huy-PC","pid":13956,"level":50,"msg":"ERROR: This shoes entry already exists hij","time":"2019-12-06T01:21:07.267Z","v":0}
{"name":"bunyan-log","hostname":"Huy-PC","pid":13956,"level":30,"msg":"executed query { q:\n   'SELECT shoes_id, shoesname, size_data, true_to_size_calculation FROM stockx.shoes WHERE shoesname = ($1)',\n  duration: '5ms',\n  params: [ 'klm' ] }","time":"2019-12-06T01:21:07.272Z","v":0}
{"name":"bunyan-log","hostname":"Huy-PC","pid":13956,"level":50,"msg":"ERROR: This shoes entry already exists klm","time":"2019-12-06T01:21:07.272Z","v":0}
{"name":"bunyan-log","hostname":"Huy-PC","pid":13956,"level":30,"msg":"executed query { q:\n   'SELECT shoes_id, shoesname, size_data, true_to_size_calculation FROM stockx.shoes WHERE shoesname = ($1)',\n  duration: '4ms',\n  params: [ 'nop' ] }","time":"2019-12-06T01:21:07.276Z","v":0}
{"name":"bunyan-log","hostname":"Huy-PC","pid":13956,"level":50,"msg":"ERROR: This shoes entry already exists nop","time":"2019-12-06T01:21:07.276Z","v":0}
{"name":"bunyan-log","hostname":"Huy-PC","pid":13956,"level":30,"msg":"executed query { q:\n   'SELECT shoes_id, shoesname, size_data, true_to_size_calculation FROM stockx.shoes WHERE shoesname = ($1)',\n  duration: '3ms',\n  params: [ 'qrs' ] }","time":"2019-12-06T01:21:07.280Z","v":0}
{"name":"bunyan-log","hostname":"Huy-PC","pid":13956,"level":50,"msg":"ERROR: This shoes entry already exists qrs","time":"2019-12-06T01:21:07.280Z","v":0}
{"name":"bunyan-log","hostname":"Huy-PC","pid":13956,"level":30,"msg":"executed query { q:\n   'SELECT shoes_id, shoesname, size_data, true_to_size_calculation FROM stockx.shoes WHERE shoesname = ($1)',\n  duration: '4ms',\n  params: [ 'tuv' ] }","time":"2019-12-06T01:21:07.284Z","v":0}
{"name":"bunyan-log","hostname":"Huy-PC","pid":13956,"level":50,"msg":"ERROR: This shoes entry already exists tuv","time":"2019-12-06T01:21:07.284Z","v":0}
{"name":"bunyan-log","hostname":"Huy-PC","pid":13956,"level":30,"msg":"executed query { q:\n   'SELECT shoes_id, shoesname, size_data, true_to_size_calculation FROM stockx.shoes WHERE shoesname = ($1)',\n  duration: '3ms',\n  params: [ 'wx' ] }","time":"2019-12-06T01:21:07.288Z","v":0}
{"name":"bunyan-log","hostname":"Huy-PC","pid":13956,"level":50,"msg":"ERROR: This shoes entry already exists wx","time":"2019-12-06T01:21:07.288Z","v":0}
{"name":"bunyan-log","hostname":"Huy-PC","pid":13956,"level":30,"msg":"executed query { q:\n   'SELECT shoes_id, shoesname, size_data, true_to_size_calculation FROM stockx.shoes WHERE shoesname = ($1)',\n  duration: '4ms',\n  params: [ 'yz' ] }","time":"2019-12-06T01:21:07.292Z","v":0}
{"name":"bunyan-log","hostname":"Huy-PC","pid":13956,"level":50,"msg":"ERROR: This shoes entry already exists yz","time":"2019-12-06T01:21:07.292Z","v":0}
{"name":"bunyan-log","hostname":"Huy-PC","pid":13956,"level":30,"msg":"executed query { q:\n   'SELECT shoes_id, shoesname, size_data, true_to_size_calculation FROM stockx.shoes WHERE shoesname = ($1)',\n  duration: '4ms',\n  params: [ 'abc' ] }","time":"2019-12-06T01:21:07.309Z","v":0}
{"name":"bunyan-log","hostname":"Huy-PC","pid":13956,"level":30,"msg":"executed query { q:\n   'SELECT shoes_id, shoesname, size_data, true_to_size_calculation FROM stockx.shoes WHERE shoesname = ($1)',\n  duration: '5ms',\n  params: [ 'shoses3wqr2' ] }","time":"2019-12-06T01:21:07.319Z","v":0}
{"name":"bunyan-log","hostname":"Huy-PC","pid":13956,"level":50,"msg":"ERROR QUERYING:  ReferenceError: shoesName is not defined\n    at callback (C:\\Users\\Huy\\Documents\\Code Interview\\Stockx\\postgresDB\\index.js:87:24)\n    at callback (C:\\Users\\Huy\\Documents\\Code Interview\\Stockx\\postgresDB\\index.js:56:20)\n    at pgQuery (C:\\Users\\Huy\\Documents\\Code Interview\\Stockx\\postgresDB\\index.js:39:18)\n    at process._tickCallback (internal/process/next_tick.js:68:7)","time":"2019-12-06T01:21:07.320Z","v":0}
{"name":"bunyan-log","hostname":"Huy-PC","pid":13956,"level":30,"msg":"executed query { q:\n   'SELECT shoes_id, shoesname, size_data, true_to_size_calculation FROM stockx.shoes WHERE shoesname = ($1)',\n  duration: '4ms',\n  params: [ 'shoses3wqsad4r2' ] }","time":"2019-12-06T01:21:07.324Z","v":0}
{"name":"bunyan-log","hostname":"Huy-PC","pid":13956,"level":30,"msg":"executed query { q: 'DELETE FROM stockx.shoes WHERE shoesname = ($1)',\n  duration: '3ms',\n  params: [ 'shoses3wqsad4r2' ] }","time":"2019-12-06T01:21:07.327Z","v":0}
{"name":"bunyan-log","hostname":"Huy-PC","pid":13080,"level":30,"msg":"Now accepting connection on port 4000","time":"2019-12-06T01:38:34.581Z","v":0}
{"name":"bunyan-log","hostname":"Huy-PC","pid":13080,"level":30,"msg":"connected to Postgres","time":"2019-12-06T01:38:34.620Z","v":0}
{"name":"bunyan-log","hostname":"Huy-PC","pid":14536,"level":30,"msg":"connected to Postgres","time":"2019-12-06T01:39:06.870Z","v":0}
{"name":"bunyan-log","hostname":"Huy-PC","pid":14536,"level":30,"msg":"executed query { q:\n   'SELECT shoes_id, shoesname, size_data, true_to_size_calculation FROM stockx.shoes WHERE shoesname = ($1)',\n  duration: '67ms',\n  params: [ 'shoses3wqsad4r2' ] }","time":"2019-12-06T01:39:06.884Z","v":0}
{"name":"bunyan-log","hostname":"Huy-PC","pid":14536,"level":30,"msg":"executed query { q:\n   'INSERT INTO stockx.shoes(shoesname, size_data, true_to_size_calculation) VALUES($1, $2, $3) RETURNING *',\n  duration: '12ms',\n  params: [ 'shoses3wqsad4r2', { '1': 30, '2': 20 }, 3 ] }","time":"2019-12-06T01:39:06.896Z","v":0}
{"name":"bunyan-log","hostname":"Huy-PC","pid":14536,"level":30,"msg":"Now accepting connection on port 4000","time":"2019-12-06T01:39:06.907Z","v":0}
{"name":"bunyan-log","hostname":"Huy-PC","pid":14536,"level":30,"msg":"executed query { q:\n   'SELECT shoes_id, shoesname, size_data, true_to_size_calculation FROM stockx.shoes WHERE shoesname = ($1)',\n  duration: '22ms',\n  params: [ 'shoses3wqsad4r2' ] }","time":"2019-12-06T01:39:06.952Z","v":0}
{"name":"bunyan-log","hostname":"Huy-PC","pid":14536,"level":30,"msg":"executed query { q:\n   'SELECT shoes_id, shoesname, size_data, true_to_size_calculation FROM stockx.shoes WHERE shoesname = ($1)',\n  duration: '2ms',\n  params: [ 'shoses3wqsadrwqweqr2' ] }","time":"2019-12-06T01:39:06.988Z","v":0}
{"name":"bunyan-log","hostname":"Huy-PC","pid":14536,"level":30,"msg":"executed query { q: 'SELECT * FROM stockx.users WHERE username = ($1)',\n  duration: '5ms',\n  params: [ 'admin' ] }","time":"2019-12-06T01:39:07.045Z","v":0}
{"name":"bunyan-log","hostname":"Huy-PC","pid":14536,"level":30,"msg":"USER: [ { user_id: 1,\n    username: 'admin',\n    password:\n     '$2a$10$fJUSll2zsWh1xjNHRwv7BOwOjt5kXCHuP9ukJSgYFqtxKW2zw4YkW' } ]","time":"2019-12-06T01:39:07.046Z","v":0}
{"name":"bunyan-log","hostname":"Huy-PC","pid":14536,"level":30,"msg":"executed query { q:\n   'SELECT shoes_id, shoesname, size_data, true_to_size_calculation FROM stockx.shoes WHERE shoesname = ($1)',\n  duration: '3ms',\n  params: [ 'shoses3wqr2' ] }","time":"2019-12-06T01:39:07.181Z","v":0}
{"name":"bunyan-log","hostname":"Huy-PC","pid":14536,"level":30,"msg":"executed query { q:\n   'INSERT INTO stockx.shoes(shoesname, size_data, true_to_size_calculation) VALUES($1, $2, $3) RETURNING *',\n  duration: '3ms',\n  params: [ 'shoses3wqr2', { '1': 20, '2': 30 }, 3 ] }","time":"2019-12-06T01:39:07.184Z","v":0}
{"name":"bunyan-log","hostname":"Huy-PC","pid":14536,"level":30,"msg":"executed query { q:\n   'SELECT shoes_id, shoesname, size_data, true_to_size_calculation FROM stockx.shoes WHERE shoesname = ($1)',\n  duration: '2ms',\n  params: [ 'shoses3wqr2' ] }","time":"2019-12-06T01:39:07.199Z","v":0}
{"name":"bunyan-log","hostname":"Huy-PC","pid":14536,"level":30,"msg":"executed query { q: 'SELECT * FROM stockx.users WHERE username = ($1)',\n  duration: '2ms',\n  params: [ 'admin1' ] }","time":"2019-12-06T01:39:07.215Z","v":0}
{"name":"bunyan-log","hostname":"Huy-PC","pid":14536,"level":30,"msg":"USER: []","time":"2019-12-06T01:39:07.215Z","v":0}
{"name":"bunyan-log","hostname":"Huy-PC","pid":14536,"level":30,"msg":"executed query { q:\n   'SELECT shoes_id, shoesname, size_data, true_to_size_calculation FROM stockx.shoes WHERE shoesname = ($1)',\n  duration: '3ms',\n  params: [ 'shoses3wqr2' ] }","time":"2019-12-06T01:39:07.224Z","v":0}
{"name":"bunyan-log","hostname":"Huy-PC","pid":14536,"level":30,"msg":"executed query { q: 'DELETE FROM stockx.shoes WHERE shoesname = ($1)',\n  duration: '11ms',\n  params: [ 'shoses3wqr2' ] }","time":"2019-12-06T01:39:07.235Z","v":0}
{"name":"bunyan-log","hostname":"Huy-PC","pid":14536,"level":30,"msg":"executed query { q: 'SELECT * FROM stockx.users WHERE username = ($1)',\n  duration: '2ms',\n  params: [ 'admin' ] }","time":"2019-12-06T01:39:07.243Z","v":0}
{"name":"bunyan-log","hostname":"Huy-PC","pid":14536,"level":30,"msg":"USER: [ { user_id: 1,\n    username: 'admin',\n    password:\n     '$2a$10$fJUSll2zsWh1xjNHRwv7BOwOjt5kXCHuP9ukJSgYFqtxKW2zw4YkW' } ]","time":"2019-12-06T01:39:07.244Z","v":0}
{"name":"bunyan-log","hostname":"Huy-PC","pid":14536,"level":30,"msg":"executed query { q:\n   'SELECT shoes_id, shoesname, size_data, true_to_size_calculation FROM stockx.shoes WHERE shoesname = ($1)',\n  duration: '26ms',\n  params: [ 'shoses3wqsad4r2' ] }","time":"2019-12-06T01:39:07.373Z","v":0}
{"name":"bunyan-log","hostname":"Huy-PC","pid":14536,"level":50,"msg":"ERROR: This shoes entry already exists shoses3wqsad4r2","time":"2019-12-06T01:39:07.373Z","v":0}
{"name":"bunyan-log","hostname":"Huy-PC","pid":14536,"level":30,"msg":"executed query { q:\n   'SELECT shoes_id, shoesname, size_data, true_to_size_calculation FROM stockx.shoes WHERE shoesname = ($1)',\n  duration: '4ms',\n  params: [ 'shoses3wqr2' ] }","time":"2019-12-06T01:39:07.384Z","v":0}
{"name":"bunyan-log","hostname":"Huy-PC","pid":14536,"level":50,"msg":"ERROR QUERYING:  ReferenceError: shoesName is not defined\n    at callback (C:\\Users\\Huy\\Documents\\Code Interview\\Stockx\\postgresDB\\index.js:87:24)\n    at callback (C:\\Users\\Huy\\Documents\\Code Interview\\Stockx\\postgresDB\\index.js:56:20)\n    at pgQuery (C:\\Users\\Huy\\Documents\\Code Interview\\Stockx\\postgresDB\\index.js:39:18)\n    at process._tickCallback (internal/process/next_tick.js:68:7)","time":"2019-12-06T01:39:07.385Z","v":0}
{"name":"bunyan-log","hostname":"Huy-PC","pid":14536,"level":30,"msg":"executed query { q: 'SELECT * FROM stockx.users WHERE username = ($1)',\n  duration: '3ms',\n  params: [ 'admin' ] }","time":"2019-12-06T01:39:07.397Z","v":0}
{"name":"bunyan-log","hostname":"Huy-PC","pid":14536,"level":30,"msg":"USER: [ { user_id: 1,\n    username: 'admin',\n    password:\n     '$2a$10$fJUSll2zsWh1xjNHRwv7BOwOjt5kXCHuP9ukJSgYFqtxKW2zw4YkW' } ]","time":"2019-12-06T01:39:07.397Z","v":0}
{"name":"bunyan-log","hostname":"Huy-PC","pid":13080,"level":30,"msg":"Finish writing stream to client","time":"2019-12-06T01:39:07.530Z","v":0}
{"name":"bunyan-log","hostname":"Huy-PC","pid":14536,"level":30,"msg":"READING STREAM FROM API ENDED","time":"2019-12-06T01:39:07.608Z","v":0}
{"name":"bunyan-log","hostname":"Huy-PC","pid":14536,"level":30,"msg":"executed query { q:\n   'SELECT shoes_id, shoesname, size_data, true_to_size_calculation FROM stockx.shoes WHERE shoesname = ($1)',\n  duration: '3ms',\n  params: [ 'abc' ] }","time":"2019-12-06T01:39:07.611Z","v":0}
{"name":"bunyan-log","hostname":"Huy-PC","pid":14536,"level":30,"msg":"executed query { q:\n   'INSERT INTO stockx.shoes(shoesname, size_data, true_to_size_calculation) VALUES($1, $2, $3) RETURNING *',\n  duration: '3ms',\n  params:\n   [ 'abc',\n     { '1': 1520, '2': 3040, '3': 152, '4': 17784, '5': 0 },\n     3.52027027027027 ] }","time":"2019-12-06T01:39:07.614Z","v":0}
{"name":"bunyan-log","hostname":"Huy-PC","pid":14536,"level":30,"msg":"executed query { q:\n   'SELECT shoes_id, shoesname, size_data, true_to_size_calculation FROM stockx.shoes WHERE shoesname = ($1)',\n  duration: '2ms',\n  params: [ 'efg' ] }","time":"2019-12-06T01:39:07.617Z","v":0}
{"name":"bunyan-log","hostname":"Huy-PC","pid":14536,"level":30,"msg":"executed query { q:\n   'INSERT INTO stockx.shoes(shoesname, size_data, true_to_size_calculation) VALUES($1, $2, $3) RETURNING *',\n  duration: '2ms',\n  params:\n   [ 'efg',\n     { '1': 760, '2': 17480, '3': 1140, '4': 2584, '5': 1520 },\n     2.4304207119741097 ] }","time":"2019-12-06T01:39:07.620Z","v":0}
{"name":"bunyan-log","hostname":"Huy-PC","pid":14536,"level":30,"msg":"executed query { q:\n   'SELECT shoes_id, shoesname, size_data, true_to_size_calculation FROM stockx.shoes WHERE shoesname = ($1)',\n  duration: '2ms',\n  params: [ 'hij' ] }","time":"2019-12-06T01:39:07.623Z","v":0}
{"name":"bunyan-log","hostname":"Huy-PC","pid":14536,"level":30,"msg":"executed query { q:\n   'INSERT INTO stockx.shoes(shoesname, size_data, true_to_size_calculation) VALUES($1, $2, $3) RETURNING *',\n  duration: '3ms',\n  params:\n   [ 'hij',\n     { '1': 1520, '2': 1824, '3': 16340, '4': 2432, '5': 2280 },\n     3.0872274143302176 ] }","time":"2019-12-06T01:39:07.626Z","v":0}
{"name":"bunyan-log","hostname":"Huy-PC","pid":14536,"level":30,"msg":"executed query { q:\n   'SELECT shoes_id, shoesname, size_data, true_to_size_calculation FROM stockx.shoes WHERE shoesname = ($1)',\n  duration: '3ms',\n  params: [ 'klm' ] }","time":"2019-12-06T01:39:07.629Z","v":0}
{"name":"bunyan-log","hostname":"Huy-PC","pid":14536,"level":30,"msg":"executed query { q:\n   'INSERT INTO stockx.shoes(shoesname, size_data, true_to_size_calculation) VALUES($1, $2, $3) RETURNING *',\n  duration: '2ms',\n  params:\n   [ 'klm',\n     { '1': 17708, '2': 3800, '3': 24700, '4': 1824, '5': 3040 },\n     2.386904761904762 ] }","time":"2019-12-06T01:39:07.631Z","v":0}
{"name":"bunyan-log","hostname":"Huy-PC","pid":14536,"level":30,"msg":"executed query { q:\n   'SELECT shoes_id, shoesname, size_data, true_to_size_calculation FROM stockx.shoes WHERE shoesname = ($1)',\n  duration: '2ms',\n  params: [ 'nop' ] }","time":"2019-12-06T01:39:07.634Z","v":0}
{"name":"bunyan-log","hostname":"Huy-PC","pid":14536,"level":30,"msg":"executed query { q:\n   'INSERT INTO stockx.shoes(shoesname, size_data, true_to_size_calculation) VALUES($1, $2, $3) RETURNING *',\n  duration: '2ms',\n  params:\n   [ 'nop',\n     { '1': 17784, '2': 17480, '3': 2660, '4': 1824, '5': 3800 },\n     1.9982547993019195 ] }","time":"2019-12-06T01:39:07.637Z","v":0}
{"name":"bunyan-log","hostname":"Huy-PC","pid":14536,"level":30,"msg":"executed query { q:\n   'SELECT shoes_id, shoesname, size_data, true_to_size_calculation FROM stockx.shoes WHERE shoesname = ($1)',\n  duration: '2ms',\n  params: [ 'qrs' ] }","time":"2019-12-06T01:39:07.640Z","v":0}
{"name":"bunyan-log","hostname":"Huy-PC","pid":14536,"level":30,"msg":"executed query { q:\n   'INSERT INTO stockx.shoes(shoesname, size_data, true_to_size_calculation) VALUES($1, $2, $3) RETURNING *',\n  duration: '3ms',\n  params:\n   [ 'qrs',\n     { '1': 1672, '2': 3116, '3': 10184, '4': 1824, '5': 760 },\n     2.8225108225108224 ] }","time":"2019-12-06T01:39:07.643Z","v":0}
{"name":"bunyan-log","hostname":"Huy-PC","pid":14536,"level":30,"msg":"executed query { q:\n   'SELECT shoes_id, shoesname, size_data, true_to_size_calculation FROM stockx.shoes WHERE shoesname = ($1)',\n  duration: '2ms',\n  params: [ 'tuv' ] }","time":"2019-12-06T01:39:07.646Z","v":0}
{"name":"bunyan-log","hostname":"Huy-PC","pid":14536,"level":30,"msg":"executed query { q:\n   'INSERT INTO stockx.shoes(shoesname, size_data, true_to_size_calculation) VALUES($1, $2, $3) RETURNING *',\n  duration: '2ms',\n  params:\n   [ 'tuv',\n     { '1': 16948, '2': 17784, '3': 1748, '4': 1596, '5': 17480 },\n     2.7277701778385772 ] }","time":"2019-12-06T01:39:07.649Z","v":0}
{"name":"bunyan-log","hostname":"Huy-PC","pid":14536,"level":30,"msg":"executed query { q:\n   'SELECT shoes_id, shoesname, size_data, true_to_size_calculation FROM stockx.shoes WHERE shoesname = ($1)',\n  duration: '3ms',\n  params: [ 'wx' ] }","time":"2019-12-06T01:39:07.653Z","v":0}
{"name":"bunyan-log","hostname":"Huy-PC","pid":14536,"level":30,"msg":"executed query { q:\n   'INSERT INTO stockx.shoes(shoesname, size_data, true_to_size_calculation) VALUES($1, $2, $3) RETURNING *',\n  duration: '3ms',\n  params:\n   [ 'wx',\n     { '1': 304, '2': 1824, '3': 17784, '4': 2584, '5': 2280 },\n     3.190184049079754 ] }","time":"2019-12-06T01:39:07.656Z","v":0}
{"name":"bunyan-log","hostname":"Huy-PC","pid":14536,"level":30,"msg":"executed query { q:\n   'SELECT shoes_id, shoesname, size_data, true_to_size_calculation FROM stockx.shoes WHERE shoesname = ($1)',\n  duration: '2ms',\n  params: [ 'yz' ] }","time":"2019-12-06T01:39:07.659Z","v":0}
{"name":"bunyan-log","hostname":"Huy-PC","pid":14536,"level":30,"msg":"executed query { q:\n   'INSERT INTO stockx.shoes(shoesname, size_data, true_to_size_calculation) VALUES($1, $2, $3) RETURNING *',\n  duration: '2ms',\n  params:\n   [ 'yz',\n     { '1': 0, '2': 40432, '3': 380, '4': 380, '5': 1520 },\n     2.1334519572953736 ] }","time":"2019-12-06T01:39:07.661Z","v":0}
{"name":"bunyan-log","hostname":"Huy-PC","pid":14536,"level":30,"msg":"executed query { q:\n   'SELECT shoes_id, shoesname, size_data, true_to_size_calculation FROM stockx.shoes WHERE shoesname = ($1)',\n  duration: '2ms',\n  params: [ 'abc' ] }","time":"2019-12-06T01:39:07.675Z","v":0}
{"name":"bunyan-log","hostname":"Huy-PC","pid":14536,"level":30,"msg":"executed query { q:\n   'SELECT shoes_id, shoesname, size_data, true_to_size_calculation FROM stockx.shoes WHERE shoesname = ($1)',\n  duration: '3ms',\n  params: [ 'shoses3wqr2' ] }","time":"2019-12-06T01:39:07.685Z","v":0}
{"name":"bunyan-log","hostname":"Huy-PC","pid":14536,"level":50,"msg":"ERROR QUERYING:  ReferenceError: shoesName is not defined\n    at callback (C:\\Users\\Huy\\Documents\\Code Interview\\Stockx\\postgresDB\\index.js:87:24)\n    at callback (C:\\Users\\Huy\\Documents\\Code Interview\\Stockx\\postgresDB\\index.js:56:20)\n    at pgQuery (C:\\Users\\Huy\\Documents\\Code Interview\\Stockx\\postgresDB\\index.js:39:18)\n    at process._tickCallback (internal/process/next_tick.js:68:7)","time":"2019-12-06T01:39:07.686Z","v":0}
{"name":"bunyan-log","hostname":"Huy-PC","pid":14536,"level":30,"msg":"executed query { q:\n   'SELECT shoes_id, shoesname, size_data, true_to_size_calculation FROM stockx.shoes WHERE shoesname = ($1)',\n  duration: '3ms',\n  params: [ 'shoses3wqsad4r2' ] }","time":"2019-12-06T01:39:07.689Z","v":0}
{"name":"bunyan-log","hostname":"Huy-PC","pid":14536,"level":30,"msg":"executed query { q: 'DELETE FROM stockx.shoes WHERE shoesname = ($1)',\n  duration: '2ms',\n  params: [ 'shoses3wqsad4r2' ] }","time":"2019-12-06T01:39:07.692Z","v":0}
{"name":"bunyan-log","hostname":"Huy-PC","pid":7152,"level":30,"msg":"Now accepting connection on port 4000","time":"2019-12-06T01:39:14.807Z","v":0}
{"name":"bunyan-log","hostname":"Huy-PC","pid":7152,"level":30,"msg":"connected to Postgres","time":"2019-12-06T01:39:14.840Z","v":0}
{"name":"bunyan-log","hostname":"Huy-PC","pid":7152,"level":30,"msg":"executed query { q:\n   'SELECT shoes_id, shoesname, size_data, true_to_size_calculation FROM stockx.shoes WHERE shoesname = ($1)',\n  duration: '44ms',\n  params: [ 'abc' ] }","time":"2019-12-06T01:39:27.039Z","v":0}
{"name":"bunyan-log","hostname":"Huy-PC","pid":7152,"level":30,"msg":"Finish writing stream to client","time":"2019-12-06T01:39:47.763Z","v":0}
{"name":"bunyan-log","hostname":"Huy-PC","pid":7152,"level":30,"msg":"Finish writing stream to client","time":"2019-12-06T01:39:47.807Z","v":0}
{"name":"bunyan-log","hostname":"Huy-PC","pid":7152,"level":30,"msg":"executed query { q: 'SELECT * FROM stockx.users WHERE username = ($1)',\n  duration: '50ms',\n  params: [ 'admin' ] }","time":"2019-12-06T01:40:01.597Z","v":0}
{"name":"bunyan-log","hostname":"Huy-PC","pid":7152,"level":30,"msg":"USER: [ { user_id: 1,\n    username: 'admin',\n    password:\n     '$2a$10$fJUSll2zsWh1xjNHRwv7BOwOjt5kXCHuP9ukJSgYFqtxKW2zw4YkW' } ]","time":"2019-12-06T01:40:01.597Z","v":0}
{"name":"bunyan-log","hostname":"Huy-PC","pid":7152,"level":30,"msg":"Finish writing stream to client","time":"2019-12-06T01:40:01.781Z","v":0}
{"name":"bunyan-log","hostname":"Huy-PC","pid":7152,"level":30,"msg":"READING STREAM FROM API ENDED","time":"2019-12-06T01:40:01.793Z","v":0}
{"name":"bunyan-log","hostname":"Huy-PC","pid":7152,"level":30,"msg":"executed query { q:\n   'SELECT shoes_id, shoesname, size_data, true_to_size_calculation FROM stockx.shoes WHERE shoesname = ($1)',\n  duration: '2ms',\n  params: [ 'abc' ] }","time":"2019-12-06T01:40:01.796Z","v":0}
{"name":"bunyan-log","hostname":"Huy-PC","pid":7152,"level":50,"msg":"ERROR: This shoes entry already exists abc","time":"2019-12-06T01:40:01.796Z","v":0}
{"name":"bunyan-log","hostname":"Huy-PC","pid":7152,"level":30,"msg":"executed query { q:\n   'SELECT shoes_id, shoesname, size_data, true_to_size_calculation FROM stockx.shoes WHERE shoesname = ($1)',\n  duration: '1ms',\n  params: [ 'efg' ] }","time":"2019-12-06T01:40:01.797Z","v":0}
{"name":"bunyan-log","hostname":"Huy-PC","pid":7152,"level":50,"msg":"ERROR: This shoes entry already exists efg","time":"2019-12-06T01:40:01.797Z","v":0}
{"name":"bunyan-log","hostname":"Huy-PC","pid":7152,"level":30,"msg":"executed query { q:\n   'SELECT shoes_id, shoesname, size_data, true_to_size_calculation FROM stockx.shoes WHERE shoesname = ($1)',\n  duration: '1ms',\n  params: [ 'hij' ] }","time":"2019-12-06T01:40:01.799Z","v":0}
{"name":"bunyan-log","hostname":"Huy-PC","pid":7152,"level":50,"msg":"ERROR: This shoes entry already exists hij","time":"2019-12-06T01:40:01.799Z","v":0}
{"name":"bunyan-log","hostname":"Huy-PC","pid":7152,"level":30,"msg":"executed query { q:\n   'SELECT shoes_id, shoesname, size_data, true_to_size_calculation FROM stockx.shoes WHERE shoesname = ($1)',\n  duration: '1ms',\n  params: [ 'klm' ] }","time":"2019-12-06T01:40:01.800Z","v":0}
{"name":"bunyan-log","hostname":"Huy-PC","pid":7152,"level":50,"msg":"ERROR: This shoes entry already exists klm","time":"2019-12-06T01:40:01.800Z","v":0}
{"name":"bunyan-log","hostname":"Huy-PC","pid":7152,"level":30,"msg":"executed query { q:\n   'SELECT shoes_id, shoesname, size_data, true_to_size_calculation FROM stockx.shoes WHERE shoesname = ($1)',\n  duration: '1ms',\n  params: [ 'nop' ] }","time":"2019-12-06T01:40:01.801Z","v":0}
{"name":"bunyan-log","hostname":"Huy-PC","pid":7152,"level":50,"msg":"ERROR: This shoes entry already exists nop","time":"2019-12-06T01:40:01.801Z","v":0}
{"name":"bunyan-log","hostname":"Huy-PC","pid":7152,"level":30,"msg":"executed query { q:\n   'SELECT shoes_id, shoesname, size_data, true_to_size_calculation FROM stockx.shoes WHERE shoesname = ($1)',\n  duration: '1ms',\n  params: [ 'qrs' ] }","time":"2019-12-06T01:40:01.803Z","v":0}
{"name":"bunyan-log","hostname":"Huy-PC","pid":7152,"level":50,"msg":"ERROR: This shoes entry already exists qrs","time":"2019-12-06T01:40:01.803Z","v":0}
{"name":"bunyan-log","hostname":"Huy-PC","pid":7152,"level":30,"msg":"executed query { q:\n   'SELECT shoes_id, shoesname, size_data, true_to_size_calculation FROM stockx.shoes WHERE shoesname = ($1)',\n  duration: '1ms',\n  params: [ 'tuv' ] }","time":"2019-12-06T01:40:01.804Z","v":0}
{"name":"bunyan-log","hostname":"Huy-PC","pid":7152,"level":50,"msg":"ERROR: This shoes entry already exists tuv","time":"2019-12-06T01:40:01.804Z","v":0}
{"name":"bunyan-log","hostname":"Huy-PC","pid":7152,"level":30,"msg":"executed query { q:\n   'SELECT shoes_id, shoesname, size_data, true_to_size_calculation FROM stockx.shoes WHERE shoesname = ($1)',\n  duration: '1ms',\n  params: [ 'wx' ] }","time":"2019-12-06T01:40:01.806Z","v":0}
{"name":"bunyan-log","hostname":"Huy-PC","pid":7152,"level":50,"msg":"ERROR: This shoes entry already exists wx","time":"2019-12-06T01:40:01.806Z","v":0}
{"name":"bunyan-log","hostname":"Huy-PC","pid":7152,"level":30,"msg":"executed query { q:\n   'SELECT shoes_id, shoesname, size_data, true_to_size_calculation FROM stockx.shoes WHERE shoesname = ($1)',\n  duration: '2ms',\n  params: [ 'yz' ] }","time":"2019-12-06T01:40:01.808Z","v":0}
{"name":"bunyan-log","hostname":"Huy-PC","pid":7152,"level":50,"msg":"ERROR: This shoes entry already exists yz","time":"2019-12-06T01:40:01.808Z","v":0}
{"name":"bunyan-log","hostname":"Huy-PC","pid":7152,"level":30,"msg":"executed query { q: 'SELECT * FROM stockx.users WHERE username = ($1)',\n  duration: '33ms',\n  params: [ 'admin' ] }","time":"2019-12-06T01:41:36.533Z","v":0}
{"name":"bunyan-log","hostname":"Huy-PC","pid":7152,"level":30,"msg":"USER: [ { user_id: 1,\n    username: 'admin',\n    password:\n     '$2a$10$fJUSll2zsWh1xjNHRwv7BOwOjt5kXCHuP9ukJSgYFqtxKW2zw4YkW' } ]","time":"2019-12-06T01:41:36.534Z","v":0}
{"name":"bunyan-log","hostname":"Huy-PC","pid":7152,"level":30,"msg":"executed query { q:\n   'SELECT shoes_id, shoesname, size_data, true_to_size_calculation FROM stockx.shoes WHERE shoesname = ($1)',\n  duration: '2ms',\n  params: [ 'abc' ] }","time":"2019-12-06T01:41:36.641Z","v":0}
{"name":"bunyan-log","hostname":"Huy-PC","pid":7152,"level":50,"msg":"ERROR: This shoes entry already exists abc","time":"2019-12-06T01:41:36.641Z","v":0}
{"name":"bunyan-log","hostname":"Huy-PC","pid":7152,"level":30,"msg":"executed query { q: 'SELECT * FROM stockx.users WHERE username = ($1)',\n  duration: '32ms',\n  params: [ 'admin' ] }","time":"2019-12-06T01:41:51.895Z","v":0}
{"name":"bunyan-log","hostname":"Huy-PC","pid":7152,"level":30,"msg":"USER: [ { user_id: 1,\n    username: 'admin',\n    password:\n     '$2a$10$fJUSll2zsWh1xjNHRwv7BOwOjt5kXCHuP9ukJSgYFqtxKW2zw4YkW' } ]","time":"2019-12-06T01:41:51.895Z","v":0}
{"name":"bunyan-log","hostname":"Huy-PC","pid":7152,"level":30,"msg":"executed query { q:\n   'SELECT shoes_id, shoesname, size_data, true_to_size_calculation FROM stockx.shoes WHERE shoesname = ($1)',\n  duration: '3ms',\n  params: [ 'a33bc' ] }","time":"2019-12-06T01:41:52.002Z","v":0}
{"name":"bunyan-log","hostname":"Huy-PC","pid":7152,"level":30,"msg":"executed query { q:\n   'INSERT INTO stockx.shoes(shoesname, size_data, true_to_size_calculation) VALUES($1, $2, $3) RETURNING *',\n  duration: '12ms',\n  params:\n   [ 'a33bc',\n     { '1': 1520, '2': 3040, '3': 152, '4': 17784, '5': 0 },\n     3.52027 ] }","time":"2019-12-06T01:41:52.014Z","v":0}
{"name":"bunyan-log","hostname":"Huy-PC","pid":13748,"level":30,"msg":"Now accepting connection on port 4000","time":"2019-12-06T01:42:10.917Z","v":0}
{"name":"bunyan-log","hostname":"Huy-PC","pid":13748,"level":30,"msg":"connected to Postgres","time":"2019-12-06T01:42:10.950Z","v":0}
{"name":"bunyan-log","hostname":"Huy-PC","pid":14708,"level":30,"msg":"Now accepting connection on port 4000","time":"2019-12-06T01:42:55.204Z","v":0}
{"name":"bunyan-log","hostname":"Huy-PC","pid":14708,"level":30,"msg":"connected to Postgres","time":"2019-12-06T01:42:55.236Z","v":0}
{"name":"bunyan-log","hostname":"Huy-PC","pid":8948,"level":30,"msg":"Now accepting connection on port 4000","time":"2019-12-06T01:43:39.469Z","v":0}
{"name":"bunyan-log","hostname":"Huy-PC","pid":8948,"level":30,"msg":"connected to Postgres","time":"2019-12-06T01:43:39.506Z","v":0}
{"name":"bunyan-log","hostname":"Huy-PC","pid":8948,"level":30,"msg":"executed query { q: 'SELECT * FROM stockx.users WHERE username = ($1)',\n  duration: '50ms',\n  params: [ 'admin' ] }","time":"2019-12-06T01:44:07.781Z","v":0}
{"name":"bunyan-log","hostname":"Huy-PC","pid":8948,"level":30,"msg":"USER: [ { user_id: 1,\n    username: 'admin',\n    password:\n     '$2a$10$fJUSll2zsWh1xjNHRwv7BOwOjt5kXCHuP9ukJSgYFqtxKW2zw4YkW' } ]","time":"2019-12-06T01:44:07.781Z","v":0}
{"name":"bunyan-log","hostname":"Huy-PC","pid":8948,"level":30,"msg":"executed query { q:\n   'SELECT shoes_id, shoesname, size_data, true_to_size_calculation FROM stockx.shoes WHERE shoesname = ($1)',\n  duration: '3ms',\n  params: [ 'a33bc' ] }","time":"2019-12-06T01:44:07.920Z","v":0}
{"name":"bunyan-log","hostname":"Huy-PC","pid":8948,"level":50,"msg":"ERROR: This shoes entry already exists a33bc","time":"2019-12-06T01:44:07.921Z","v":0}
{"name":"bunyan-log","hostname":"Huy-PC","pid":14020,"level":30,"msg":"Now accepting connection on port 4000","time":"2019-12-06T01:44:51.010Z","v":0}
{"name":"bunyan-log","hostname":"Huy-PC","pid":14020,"level":30,"msg":"connected to Postgres","time":"2019-12-06T01:44:51.045Z","v":0}
{"name":"bunyan-log","hostname":"Huy-PC","pid":14020,"level":30,"msg":"executed query { q: 'SELECT * FROM stockx.users WHERE username = ($1)',\n  duration: '65ms',\n  params: [ 'admin' ] }","time":"2019-12-06T01:44:55.179Z","v":0}
{"name":"bunyan-log","hostname":"Huy-PC","pid":14020,"level":30,"msg":"USER: [ { user_id: 1,\n    username: 'admin',\n    password:\n     '$2a$10$fJUSll2zsWh1xjNHRwv7BOwOjt5kXCHuP9ukJSgYFqtxKW2zw4YkW' } ]","time":"2019-12-06T01:44:55.180Z","v":0}
{"name":"bunyan-log","hostname":"Huy-PC","pid":14020,"level":30,"msg":"executed query { q:\n   'SELECT shoes_id, shoesname, size_data, true_to_size_calculation FROM stockx.shoes WHERE shoesname = ($1)',\n  duration: '5ms',\n  params: [ 'a33bc' ] }","time":"2019-12-06T01:44:55.312Z","v":0}
{"name":"bunyan-log","hostname":"Huy-PC","pid":14020,"level":50,"msg":"ERROR: This shoes entry already exists a33bc","time":"2019-12-06T01:44:55.313Z","v":0}
{"name":"bunyan-log","hostname":"Huy-PC","pid":2424,"level":30,"msg":"Now accepting connection on port 4000","time":"2019-12-06T01:45:44.029Z","v":0}
{"name":"bunyan-log","hostname":"Huy-PC","pid":2424,"level":30,"msg":"connected to Postgres","time":"2019-12-06T01:45:44.060Z","v":0}
